MPRINT(EM_DIAGRAM):    data _null_;
MPRINT(EM_DIAGRAM):   call symput('NLDATE', strip(put(date(), NLDATE.)));
MPRINT(EM_DIAGRAM):   call symput('NLTIME', strip(put(datetime(), NLTIME.)));
MPRINT(EM_DIAGRAM):   run;
MPRINT(EM_DIAGRAM):   data _null_;
MPRINT(EM_DIAGRAM):   nldate= sasmsg("sashelp.dmine", "log_date_note", 'N', "April 09, 2022" );
MPRINT(EM_DIAGRAM):   nltime= sasmsg("sashelp.dmine", "log_time_note", 'N', "15:09:21" );
MPRINT(EM_DIAGRAM):   put "*------------------------------------------------------------*";
MPRINT(EM_DIAGRAM):   put "* Training Log";
MPRINT(EM_DIAGRAM):   put nldate;
MPRINT(EM_DIAGRAM):   put nltime;
MPRINT(EM_DIAGRAM):   put "*------------------------------------------------------------*";
MPRINT(EM_DIAGRAM):   run;
*------------------------------------------------------------*
* Training Log
Date:                April 09, 2022
Time:                15:09:21
*------------------------------------------------------------*
MPRINT(EM_DIAGRAM):    filename O00MK0X7 "D:\478\project\CreditCard_ChurnRate\Workspaces\EMWS1\Reg\EMTRAIN.out" encoding="UTF-8" NOBOM;
MPRINT(EM_DIAGRAM):   proc printto print=O00MK0X7 new;
MPRINT(EM_DIAGRAM):   run;
MPRINT(EM_DIAGRAM):    filename _LOG "D:\478\project\CreditCard_ChurnRate\Workspaces\EMWS1\Reg\EMLOG.log" encoding="UTF-8" NOBOM;
MPRINT(EM_DIAGRAM):    data _null_;
MPRINT(EM_DIAGRAM):   call symput('NLDATE', strip(put(date(), NLDATE.)));
MPRINT(EM_DIAGRAM):   call symput('NLTIME', strip(put(datetime(), NLTIME.)));
MPRINT(EM_DIAGRAM):   run;
MPRINT(EM_DIAGRAM):   data _null_;
MPRINT(EM_DIAGRAM):   nldate= sasmsg("sashelp.dmine", "log_date_note", 'N', "April 09, 2022" );
MPRINT(EM_DIAGRAM):   nltime= sasmsg("sashelp.dmine", "log_time_note", 'N', "15:09:21" );
MPRINT(EM_DIAGRAM):   file _LOG;
MPRINT(EM_DIAGRAM):   put "*------------------------------------------------------------*";
MPRINT(EM_DIAGRAM):   put "User:                Kevin";
MPRINT(EM_DIAGRAM):   put nldate;
MPRINT(EM_DIAGRAM):   put nltime;
MPRINT(EM_DIAGRAM):   put "Site:                70135990";
MPRINT(EM_DIAGRAM):   put "Platform:            X64_10HOME";
MPRINT(EM_DIAGRAM):   put "Maintenance Release: 9.04.01M4P110916";
MPRINT(EM_DIAGRAM):   put "EM Version:          14.2";
MPRINT(EM_DIAGRAM):   put "* ";
MPRINT(EM_DIAGRAM):   run;
MPRINT(EM_DIAGRAM):    filename _LOGIN "D:\478\project\CreditCard_ChurnRate\Workspaces\EMWS1\Reg\EMTRAIN.log" encoding="UTF-8" NOBOM;
MPRINT(EM_COPYFILE):   data _null_;
MPRINT(EM_COPYFILE):   length line $20000;
MPRINT(EM_COPYFILE):   file _LOG MOD lrecl=20000;
MPRINT(EM_COPYFILE):   fid=fopen("_LOGIN",'i',20000,'v');
MPRINT(EM_COPYFILE):   if fid > 0 then do;
MPRINT(EM_COPYFILE):   do while(^fread(fid));
MPRINT(EM_COPYFILE):   rlen = frlen(fid);
MPRINT(EM_COPYFILE):   rc= fget(fid,line,20000);
MPRINT(EM_COPYFILE):   start = length(line)-length(left(line))+1;
MPRINT(EM_COPYFILE):   line=strip(line);
MPRINT(EM_COPYFILE):   put @start line;
MPRINT(EM_COPYFILE):   end;
MPRINT(EM_COPYFILE):   if fid > 0 then rc=fclose(fid);
MPRINT(EM_COPYFILE):   end;
MPRINT(EM_COPYFILE):   run;
MPRINT(EM_DIAGRAM):  ;
MPRINT(EM_DIAGRAM):   filename _LOGIN;
MPRINT(EM_DIAGRAM):    data _null_;
MPRINT(EM_DIAGRAM):   file _LOG mod;
MPRINT(EM_DIAGRAM):   put _page_;
MPRINT(EM_DIAGRAM):   run;
MPRINT(EM_DIAGRAM):   filename _LOGIN "D:\478\project\CreditCard_ChurnRate\Workspaces\EMWS1\Reg\EMSCORE.log" encoding="UTF-8" NOBOM;
MPRINT(EM_DIAGRAM):  ;
MPRINT(EM_DIAGRAM):   data _null_;
MPRINT(EM_DIAGRAM):   file _LOG mod;
MPRINT(EM_DIAGRAM):   put _page_;
MPRINT(EM_DIAGRAM):   run;
MPRINT(EM_DIAGRAM):    filename _LOGIN "D:\478\project\CreditCard_ChurnRate\Workspaces\EMWS1\Reg\EMREPORT.log" encoding="UTF-8" NOBOM;
MPRINT(EM_DIAGRAM):  ;
MPRINT(EM_DIAGRAM):   filename _LOGIN;
MPRINT(EM_DIAGRAM):    filename _LOG;
MPRINT(EM_DIAGRAM):    filename _OUT "D:\478\project\CreditCard_ChurnRate\Workspaces\EMWS1\Reg\EMOUTPUT.out" encoding="UTF-8" NOBOM;
MPRINT(EM_DIAGRAM):    data _null_;
MPRINT(EM_DIAGRAM):   call symput('NLDATE', strip(put(date(), NLDATE.)));
MPRINT(EM_DIAGRAM):   call symput('NLTIME', strip(put(datetime(), NLTIME.)));
MPRINT(EM_DIAGRAM):   run;
MPRINT(EM_DIAGRAM):   data _null_;
MPRINT(EM_DIAGRAM):   nldate= sasmsg("sashelp.dmine", "log_date_note", 'N', "April 09, 2022" );
MPRINT(EM_DIAGRAM):   nltime= sasmsg("sashelp.dmine", "log_time_note", 'N', "15:09:21" );
MPRINT(EM_DIAGRAM):   file _OUT;
MPRINT(EM_DIAGRAM):   put "*------------------------------------------------------------*";
MPRINT(EM_DIAGRAM):   put "User:                Kevin";
MPRINT(EM_DIAGRAM):   put nldate;
MPRINT(EM_DIAGRAM):   put nltime;
MPRINT(EM_DIAGRAM):   put "*------------------------------------------------------------*";
MPRINT(EM_DIAGRAM):   put "* Training Output";
MPRINT(EM_DIAGRAM):   put "*------------------------------------------------------------*";
MPRINT(EM_DIAGRAM):   run;
MPRINT(EM_DIAGRAM):    filename _OUTIN "D:\478\project\CreditCard_ChurnRate\Workspaces\EMWS1\Reg\EMTRAIN.out" encoding="UTF-8" NOBOM;
MPRINT(EM_DIAGRAM):   ;
MPRINT(EM_COPYFILE):   data _null_;
MPRINT(EM_COPYFILE):   length line $20000;
MPRINT(EM_COPYFILE):   file _OUT MOD lrecl=20000;
MPRINT(EM_COPYFILE):   fid=fopen("_OUTIN",'i',20000,'v');
MPRINT(EM_COPYFILE):   if fid > 0 then do;
MPRINT(EM_COPYFILE):   do while(^fread(fid));
MPRINT(EM_COPYFILE):   rlen = frlen(fid);
MPRINT(EM_COPYFILE):   rc= fget(fid,line,20000);
MPRINT(EM_COPYFILE):   start = length(line)-length(left(line))+1;
MPRINT(EM_COPYFILE):   line=strip(line);
MPRINT(EM_COPYFILE):   put @start line;
MPRINT(EM_COPYFILE):   end;
MPRINT(EM_COPYFILE):   if fid > 0 then rc=fclose(fid);
MPRINT(EM_COPYFILE):   end;
MPRINT(EM_COPYFILE):   run;
MPRINT(EM_DIAGRAM):  ;
MPRINT(EM_DIAGRAM):   filename _OUTIN;
MPRINT(EM_DIAGRAM):    data _null_;
MPRINT(EM_DIAGRAM):   file _OUT mod;
MPRINT(EM_DIAGRAM):   put _page_;
MPRINT(EM_DIAGRAM):   put // "*------------------------------------------------------------*";
MPRINT(EM_DIAGRAM):   put "* Score Output";
MPRINT(EM_DIAGRAM):   put "*------------------------------------------------------------*";
MPRINT(EM_DIAGRAM):   run;
MPRINT(EM_DIAGRAM):    filename _OUTIN "D:\478\project\CreditCard_ChurnRate\Workspaces\EMWS1\Reg\EMSCORE.out" encoding="UTF-8" NOBOM;
MPRINT(EM_DIAGRAM):  ;
MPRINT(EM_DIAGRAM):   filename _OUTIN;
MPRINT(EM_DIAGRAM):    data _null_;
MPRINT(EM_DIAGRAM):   file _OUT mod;
MPRINT(EM_DIAGRAM):   put _page_;
MPRINT(EM_DIAGRAM):   put // "*------------------------------------------------------------*";
MPRINT(EM_DIAGRAM):   put "* Report Output";
MPRINT(EM_DIAGRAM):   put "*------------------------------------------------------------*";
MPRINT(EM_DIAGRAM):   run;
MPRINT(EM_DIAGRAM):    filename _OUTIN "D:\478\project\CreditCard_ChurnRate\Workspaces\EMWS1\Reg\EMREPORT.out" encoding="UTF-8" NOBOM;
MPRINT(EM_DIAGRAM):  ;
MPRINT(EM_DIAGRAM):   filename _OUTIN;
MPRINT(EM_DIAGRAM):    filename _OUT;
MPRINT(EM_DIAGRAM):    filename _emtool_ 'D:\478\project\CreditCard_ChurnRate\Workspaces\EMWS1\Reg\EMRUNSTATUS.xml' encoding="UTF-8" NOBOM;
59988      proc freq data=EMWS1.Reg_VariableSet noprint;
MPRINT(EM_DIAGRAM):    proc freq data=EMWS1.Reg_VariableSet noprint;
59989      table ROLE*LEVEL/out=WORK.RegMETA;
MPRINT(EM_DIAGRAM):   table ROLE*LEVEL/out=WORK.RegMETA;
59990      run;
MPRINT(EM_DIAGRAM):   run;

NOTE: There were 12 observations read from the data set EMWS1.REG_VARIABLESET.
NOTE: The data set WORK.REGMETA has 3 observations and 4 variables.
NOTE: PROCEDURE FREQ used (Total process time):
      real time           0.04 seconds
      cpu time            0.03 seconds
      

59991      proc print data=WORK.RegMETA label noobs;
MPRINT(EM_DIAGRAM):   proc print data=WORK.RegMETA label noobs;
59992      var ROLE LEVEL COUNT;
MPRINT(EM_DIAGRAM):   var ROLE LEVEL COUNT;
59993      label ROLE = "%sysfunc(sasmsg(sashelp.dmine, meta_role_vlabel, NOQUOTE))" LEVEL = "%sysfunc(sasmsg(sashelp.dmine, meta_level_vlabel, NOQUOTE))" COUNT = "%sysfunc(sasmsg(sashelp.dmine, rpt_count_vlabel, NOQUOTE))";
MPRINT(EM_DIAGRAM):   label ROLE = "Role" LEVEL = "Measurement Level" COUNT = "Frequency Count";
59994      title9 ' ';
MPRINT(EM_DIAGRAM):   title9 ' ';
59995      title10 "%sysfunc(sasmsg(sashelp.dmine, rpt_varSummary_title  , NOQUOTE))";
MPRINT(EM_DIAGRAM):   title10 "Variable Summary";
MPRINT(EM_DIAGRAM):   run;
59996      run;

NOTE: There were 3 observations read from the data set WORK.REGMETA.
NOTE: The PROCEDURE PRINT printed page 15.
NOTE: PROCEDURE PRINT used (Total process time):
      real time           0.01 seconds
      cpu time            0.01 seconds
      

59997      title10;
MPRINT(EM_DIAGRAM):   title10;
59998      %let EMNORLEN = %DMNORLEN;
MPRINT(EM_DIAGRAM):   
EMWS1.Part_TRAIN EMWS1.Part_TRAIN 
EMWS1.Part_TRAIN EMWS1.Part_TRAIN EMWS1 Part_TRAIN 
EMWS1.Part_TRAIN EMWS1.Part_TRAIN 
EMWS1.Part_TRAIN EMWS1.Part_TRAIN EMWS1 Part_TRAIN 
MPRINT(EM_DIAGRAM):    proc dmdb data=EMWS1.Part_TRAIN classout=WORK._DMDBCLASSTARGET(keep=NAME NRAW CRAW LEVEL FREQUENCY NMISSPERCENT);
MPRINT(EM_DIAGRAM):   class Attrition_Flag(DESC) ;
MPRINT(EM_DIAGRAM):   run;
Executing  SASHELP.EMCORE.EMINFOITERATOR.SCL _INIT >> 
Executing  SASHELP.EMCORE.EMINFOITERATOR.SCL setMetaData >> 
Executing  SASHELP.EMCORE.EMINFOITERATOR.SCL next >> 
Executing  SASHELP.EMCORE.EMINFOITERATOR.SCL next >> 
Executing  SASHELP.EMCORE.EMINFOITERATOR.SCL setMetaData >> 
Executing  SASHELP.EMCORE.EMINFOITERATOR.SCL next >> 
Executing  SASHELP.EMCORE.EMINFOITERATOR.SCL next >> 
Executing  SASHELP.EMCORE.EMINFOITERATOR.SCL _term >> 
MPRINT(EM_DIAGRAM):    data _null_;
MPRINT(EM_DIAGRAM):   set WORK._DMDBCLASSTARGET;
MPRINT(EM_DIAGRAM):   where ^(NRAW eq . and CRAW eq '') and NAME="Attrition_Flag";
MPRINT(EM_DIAGRAM):   if _N_=1 then call symput('_newevent', strip(LEVEL));
MPRINT(EM_DIAGRAM):   run;
MPRINT(EM_DIAGRAM):   proc sort data=WORK._DMDBCLASSTARGET out=_TEMPCLASS(keep=LEVEL FREQUENCY NMISSPERCENT rename=(LEVEL=Attrition_Flag));
MPRINT(EM_DIAGRAM):   by LEVEL;
MPRINT(EM_DIAGRAM):   where ^(NRAW eq . and CRAW eq '') and NAME="Attrition_Flag";
MPRINT(EM_DIAGRAM):   run;
MPRINT(EM_DIAGRAM):   data _TEMPCLASS;
MPRINT(EM_DIAGRAM):   set _TEMPCLASS;
MPRINT(EM_DIAGRAM):   NMISSPERCENT= NMISSPERCENT/100;
MPRINT(EM_DIAGRAM):   run;
MPRINT(EM_DIAGRAM):    proc sort data=EMWS1.Ids_Attrition_Flag_DD out=_sortedDecdata;
MPRINT(EM_DIAGRAM):   by Attrition_Flag;
MPRINT(EM_DIAGRAM):   run;
MPRINT(EM_DIAGRAM):   data _null_;
MPRINT(EM_DIAGRAM):   merge _TEMPCLASS(in=_a) _sortedDecdata(in=_b);
MPRINT(EM_DIAGRAM):   by Attrition_Flag;
MPRINT(EM_DIAGRAM):   if (_a and ^_b) or (^_a and _b) then call symput('_emresetDec', '1');
MPRINT(EM_DIAGRAM):   run;
60027      data WORK.Reg_EVENT(KEEP=VARIABLE LABEL LEVEL EVENT NUMLEVELS ORDER);
MPRINT(EM_DIAGRAM):    data WORK.Reg_EVENT(KEEP=VARIABLE LABEL LEVEL EVENT NUMLEVELS ORDER);
60028      length ORDER $20;
MPRINT(EM_DIAGRAM):   length ORDER $20;
60029      label VARIABLE = "%sysfunc(sasmsg(sashelp.dmine, rpt_target_vlabel,  NOQUOTE))" EVENT = "%sysfunc(sasmsg(sashelp.dmine, assmt_event_vlabel, NOQUOTE))" NUMLEVELS = "%sysfunc(sasmsg(sashelp.dmine, rpt_numcat_vlabel, NOQUOTE))" LEVEL =
60030         "%sysfunc(sasmsg(sashelp.dmine, meta_level_vlabel, NOQUOTE))" ORDER = "%sysfunc(sasmsg(sashelp.dmine, meta_order_vlabel, NOQUOTE))" LABEL = "%sysfunc(sasmsg(sashelp.dmine, meta_label_vlabel, NOQUOTE))";
MPRINT(EM_DIAGRAM):   label VARIABLE = "Target" EVENT = "Event" NUMLEVELS = "Number of Levels" LEVEL = "Measurement Level" ORDER = "Order" LABEL = "Label";
60031      set EMWS1.IDS_ATTRITION_FLAG_DM( where=(_TYPE_="TARGET"));
MPRINT(EM_DIAGRAM):   set EMWS1.IDS_ATTRITION_FLAG_DM( where=(_TYPE_="TARGET"));
60032      NumLevels=2;
MPRINT(EM_DIAGRAM):   NumLevels=2;
60033      select(upcase(ORDER));
MPRINT(EM_DIAGRAM):   select(upcase(ORDER));
60034      when('DESC') ORDER = 'Descending';
MPRINT(EM_DIAGRAM):   when('DESC') ORDER = 'Descending';
60035      when('ASC') ORDER = 'Ascending';
MPRINT(EM_DIAGRAM):   when('ASC') ORDER = 'Ascending';
60036      when('FMTDESC') ORDER = 'Formatted Descending';
MPRINT(EM_DIAGRAM):   when('FMTDESC') ORDER = 'Formatted Descending';
60037      when('FMTASC') ORDER = 'Formatted Ascending';
MPRINT(EM_DIAGRAM):   when('FMTASC') ORDER = 'Formatted Ascending';
60038      otherwise ORDER = 'Descending';
MPRINT(EM_DIAGRAM):   otherwise ORDER = 'Descending';
60039      end;
MPRINT(EM_DIAGRAM):   end;
60040      output;
MPRINT(EM_DIAGRAM):   output;
60041      run;
MPRINT(EM_DIAGRAM):   run;

NOTE: There were 1 observations read from the data set EMWS1.IDS_ATTRITION_FLAG_DM.
      WHERE _TYPE_='TARGET';
NOTE: The data set WORK.REG_EVENT has 1 observations and 6 variables.
NOTE: DATA statement used (Total process time):
      real time           0.01 seconds
      cpu time            0.00 seconds
      

60042      title9 ' ';
MPRINT(EM_DIAGRAM):   title9 ' ';
60043      proc print data=WORK.Reg_EVENT noobs label;
MPRINT(EM_DIAGRAM):   proc print data=WORK.Reg_EVENT noobs label;
60044      var VARIABLE EVENT LEVEL NUMLEVELS ORDER LABEL;
MPRINT(EM_DIAGRAM):   var VARIABLE EVENT LEVEL NUMLEVELS ORDER LABEL;
60045      title9 ' ';
MPRINT(EM_DIAGRAM):   title9 ' ';
60046      title10 "%sysfunc(sasmsg(sashelp.dmine, rpt_modelEvent_title  , NOQUOTE))";
MPRINT(EM_DIAGRAM):   title10 "Model Events";
MPRINT(EM_DIAGRAM):   run;
60047      run;

NOTE: There were 1 observations read from the data set WORK.REG_EVENT.
NOTE: The PROCEDURE PRINT printed page 16.
NOTE: PROCEDURE PRINT used (Total process time):
      real time           0.01 seconds
      cpu time            0.01 seconds
      

60048      title10;
MPRINT(EM_DIAGRAM):   title10;
"No decisions defined for target "Attrition_Flag"." 
60049      proc print data = EMWS1.Ids_Attrition_Flag_DM noobs label;
MPRINT(EM_DIAGRAM):    proc print data = EMWS1.Ids_Attrition_Flag_DM noobs label;
60050      var _type_ variable label;
MPRINT(EM_DIAGRAM):   var _type_ variable label;
60051      where _type_ ^in('MATRIX', 'DECISION', 'TRAINPRIOR', 'DATAPRIOR', 'DECPRIOR');
MPRINT(EM_DIAGRAM):   where _type_ ^in('MATRIX', 'DECISION', 'TRAINPRIOR', 'DATAPRIOR', 'DECPRIOR');
60052      label _TYPE_ = "%sysfunc(sasmsg(sashelp.dmine, rpt_type_vlabel,     NOQUOTE))" VARIABLE = "%sysfunc(sasmsg(sashelp.dmine, rpt_variable_vlabel, NOQUOTE))" LABEL = "%sysfunc(sasmsg(sashelp.dmine, meta_label_vlabel, NOQUOTE))";
MPRINT(EM_DIAGRAM):   label _TYPE_ = "Type" VARIABLE = "Variable" LABEL = "Label";
60053      title9 ' ';
MPRINT(EM_DIAGRAM):   title9 ' ';
60054      title10 "%sysfunc(sasmsg(sashelp.dmine, rpt_predDecVars_title  , NOQUOTE))";
MPRINT(EM_DIAGRAM):   title10 "Predicted and decision variables";
MPRINT(EM_DIAGRAM):   run;
60055      run;

NOTE: There were 7 observations read from the data set EMWS1.IDS_ATTRITION_FLAG_DM.
      WHERE _type_ not in ('DATAPRIOR', 'DECISION', 'DECPRIOR', 'MATRIX', 'TRAINPRIOR');
NOTE: The PROCEDURE PRINT printed page 17.
NOTE: PROCEDURE PRINT used (Total process time):
      real time           0.01 seconds
      cpu time            0.01 seconds
      

60056      title10;
MPRINT(EM_DIAGRAM):   title10;
MPRINT(EM_DIAGRAM):    *------------------------------------------------------------*;
MPRINT(EM_DIAGRAM):   * Reg: Preparing metadata for Training *------------------------------------------------------------*;
MPRINT(EM_DIAGRAM):   data WORK.M1U7YQVA;
MPRINT(EM_DIAGRAM):   set WORK.M1U7YQVA;
MPRINT(EM_DIAGRAM):   where use = 'Y' or (role = 'INPUT' and use = 'D') ;
MPRINT(EM_DIAGRAM):   if (role = 'REJECTED') then role = 'INPUT';
MPRINT(EM_DIAGRAM):   if use = 'D' then use = 'Y';
MPRINT(EM_DIAGRAM):   run;
60066      data WORK.M1U7YQVA;
MPRINT(EM_DIAGRAM):    data WORK.M1U7YQVA;
60067      set WORK.M1U7YQVA end=eof;
MPRINT(EM_DIAGRAM):   set WORK.M1U7YQVA end=eof;
60068      output;
MPRINT(EM_DIAGRAM):   output;
60069      if eof then do;
MPRINT(EM_DIAGRAM):   if eof then do;
60070      NAME="";
MPRINT(EM_DIAGRAM):   NAME="";
60071      ROLE="COST";
MPRINT(EM_DIAGRAM):   ROLE="COST";
60072      LEVEL="INTERVAL";
MPRINT(EM_DIAGRAM):   LEVEL="INTERVAL";
60073      TYPE="N";
MPRINT(EM_DIAGRAM):   TYPE="N";
60074      output;
MPRINT(EM_DIAGRAM):   output;
60075      end;
MPRINT(EM_DIAGRAM):   end;
60076      run;
MPRINT(EM_DIAGRAM):   run;

NOTE: There were 12 observations read from the data set WORK.M1U7YQVA.
NOTE: The data set WORK.M1U7YQVA has 13 observations and 21 variables.
NOTE: DATA statement used (Total process time):
      real time           0.00 seconds
      cpu time            0.00 seconds
      

NOTE: There were 2 observations read from the data set EMWS1.IDS_ATTRITION_FLAG_DD.
NOTE: The data set WORK.ATTRITION_FLAG has 2 observations and 7 variables.
NOTE: There were 2 observations read from the data set EMWS1.IDS_ATTRITION_FLAG_DD.
NOTE: The data set WORK.ATTRITION_FLAG has 2 observations and 7 variables.
60077      *------------------------------------------------------------*;
MPRINT(EM_DIAGRAM):    *------------------------------------------------------------*;
60078      * Reg: Create decision matrix;
MPRINT(EM_DIAGRAM):   * Reg: Create decision matrix;
60079      *------------------------------------------------------------*;
MPRINT(EM_DIAGRAM):   *------------------------------------------------------------*;
60080      data WORK.Attrition_Flag;
MPRINT(EM_DIAGRAM):   data WORK.Attrition_Flag;
60081        length   Attrition_Flag                   $  32
60082                 COUNT                                8
60083                 DATAPRIOR                            8
60084                 TRAINPRIOR                           8
60085                 DECPRIOR                             8
60086                 DECISION1                            8
60087                 DECISION2                            8
60088                 ;
MPRINT(EM_DIAGRAM):   length Attrition_Flag $ 32 COUNT 8 DATAPRIOR 8 TRAINPRIOR 8 DECPRIOR 8 DECISION1 8 DECISION2 8 ;
60089      
60090        label    COUNT="Level Counts"
60091                 DATAPRIOR="Data Proportions"
60092                 TRAINPRIOR="Training Proportions"
60093                 DECPRIOR="Decision Priors"
60094                 DECISION1="1"
60095                 DECISION2="0"
60096                 ;
MPRINT(EM_DIAGRAM):   label COUNT= "Level Counts" DATAPRIOR= "Data Proportions" TRAINPRIOR= "Training Proportions" DECPRIOR= "Decision Priors" DECISION1= "1" DECISION2= "0" ;
60097        format   COUNT 10.
60098                 ;
MPRINT(EM_DIAGRAM):   format COUNT 10. ;
60099      Attrition_Flag="1"; COUNT=1627; DATAPRIOR=0.16065962279055; TRAINPRIOR=0.16065962279055; DECPRIOR=.; DECISION1=1; DECISION2=0;
MPRINT(EM_DIAGRAM):   Attrition_Flag="1";
MPRINT(EM_DIAGRAM):   COUNT=1627;
MPRINT(EM_DIAGRAM):   DATAPRIOR=0.16065962279055;
MPRINT(EM_DIAGRAM):   TRAINPRIOR=0.16065962279055;
MPRINT(EM_DIAGRAM):   DECPRIOR=.;
MPRINT(EM_DIAGRAM):   DECISION1=1;
MPRINT(EM_DIAGRAM):   DECISION2=0;
60100      output;
MPRINT(EM_DIAGRAM):   output;
60101      Attrition_Flag="0"; COUNT=8500; DATAPRIOR=0.83934037720944; TRAINPRIOR=0.83934037720944; DECPRIOR=.; DECISION1=0; DECISION2=1;
MPRINT(EM_DIAGRAM):   Attrition_Flag="0";
MPRINT(EM_DIAGRAM):   COUNT=8500;
MPRINT(EM_DIAGRAM):   DATAPRIOR=0.83934037720944;
MPRINT(EM_DIAGRAM):   TRAINPRIOR=0.83934037720944;
MPRINT(EM_DIAGRAM):   DECPRIOR=.;
MPRINT(EM_DIAGRAM):   DECISION1=0;
MPRINT(EM_DIAGRAM):   DECISION2=1;
60102      output;
MPRINT(EM_DIAGRAM):   output;
60103      ;
MPRINT(EM_DIAGRAM):   ;
60104      run;
MPRINT(EM_DIAGRAM):   run;

NOTE: The data set WORK.ATTRITION_FLAG has 2 observations and 7 variables.
NOTE: DATA statement used (Total process time):
      real time           0.00 seconds
      cpu time            0.01 seconds
      

60105      proc datasets lib=work nolist;
MPRINT(EM_DIAGRAM):   proc datasets lib=work nolist;
60106      modify Attrition_Flag(type=PROFIT label=Attrition_Flag);
MPRINT(EM_DIAGRAM):   modify Attrition_Flag(type=PROFIT label= Attrition_Flag);
MPRINT(EM_DIAGRAM):   label DECISION1= '1';
MPRINT(EM_DIAGRAM):   label DECISION2= '0';
MPRINT(EM_DIAGRAM):   run;
60107      label DECISION1= '1';
60108      label DECISION2= '0';
60109      run;

NOTE: MODIFY was successful for WORK.ATTRITION_FLAG.DATA.
60110      quit;
MPRINT(EM_DIAGRAM):   quit;

NOTE: PROCEDURE DATASETS used (Total process time):
      real time           0.01 seconds
      cpu time            0.01 seconds
      

60111      data EM_DMREG / view=EM_DMREG;
MPRINT(EM_DIAGRAM):   data EM_DMREG / view=EM_DMREG;
60112      set EMWS1.Part_TRAIN(keep=
60113      Attrition_Flag G_Contacts_Count_12_mon G_Customer_Age G_Months_Inactive_12_mon
60114      G_Months_on_book G_Total_Relationship_Count G_Total_Trans_Ct
60115      RANGE_LOG_Total_Trans_Amt RANGE_SQRT_Avg_Utilization_Ratio
60116      RANGE_SQRT_Total_Amt_Chng_Q4_Q1 RANGE_SQRT_Total_Ct_Chng_Q4_Q1
60117      RANGE_Total_Revolving_Bal );
MPRINT(EM_DIAGRAM):   set EMWS1.Part_TRAIN(keep= Attrition_Flag G_Contacts_Count_12_mon G_Customer_Age G_Months_Inactive_12_mon G_Months_on_book G_Total_Relationship_Count G_Total_Trans_Ct RANGE_LOG_Total_Trans_Amt RANGE_SQRT_Avg_Utilization_Ratio 
RANGE_SQRT_Total_Amt_Chng_Q4_Q1 RANGE_SQRT_Total_Ct_Chng_Q4_Q1 RANGE_Total_Revolving_Bal );
60118      run;
MPRINT(EM_DIAGRAM):   run;

NOTE: DATA STEP view saved on file WORK.EM_DMREG.
NOTE: A stored DATA STEP view cannot run under a different operating system.
NOTE: DATA statement used (Total process time):
      real time           0.00 seconds
      cpu time            0.01 seconds
      

MPRINT(EM_DIAGRAM):   *------------------------------------------------------------* ;
MPRINT(EM_DIAGRAM):   * Reg: DMDBClass Macro ;
MPRINT(EM_DIAGRAM):   *------------------------------------------------------------* ;
60119      *------------------------------------------------------------* ;
60120      * Reg: DMDBClass Macro ;
60121      *------------------------------------------------------------* ;
60122      %macro DMDBClass;
60123          Attrition_Flag(DESC) G_Contacts_Count_12_mon(ASC) G_Customer_Age(ASC)
60124         G_Months_Inactive_12_mon(ASC) G_Months_on_book(ASC)
60125         G_Total_Relationship_Count(ASC) G_Total_Trans_Ct(ASC)
60126      %mend DMDBClass;
60127      *------------------------------------------------------------* ;
MPRINT(EM_DIAGRAM):   *------------------------------------------------------------* ;
60128      * Reg: DMDBVar Macro ;
MPRINT(EM_DIAGRAM):   * Reg: DMDBVar Macro ;
60129      *------------------------------------------------------------* ;
MPRINT(EM_DIAGRAM):   *------------------------------------------------------------* ;
60130      %macro DMDBVar;
60131          RANGE_LOG_Total_Trans_Amt RANGE_SQRT_Avg_Utilization_Ratio
60132         RANGE_SQRT_Total_Amt_Chng_Q4_Q1 RANGE_SQRT_Total_Ct_Chng_Q4_Q1
60133         RANGE_Total_Revolving_Bal
60134      %mend DMDBVar;
60135      *------------------------------------------------------------*;
MPRINT(EM_DIAGRAM):   *------------------------------------------------------------*;
60136      * Reg: Create DMDB;
MPRINT(EM_DIAGRAM):   * Reg: Create DMDB;
60137      *------------------------------------------------------------*;
MPRINT(EM_DIAGRAM):   *------------------------------------------------------------*;
60138      proc dmdb batch data=WORK.EM_DMREG
60139      dmdbcat=WORK.Reg_DMDB
60140      maxlevel = 513
60141      ;
MPRINT(EM_DIAGRAM):   proc dmdb batch data=WORK.EM_DMREG dmdbcat=WORK.Reg_DMDB maxlevel = 513 ;
MPRINT(EM_DIAGRAM):   class
60142      class %DMDBClass;
MPRINT(DMDBCLASS):   Attrition_Flag(DESC) G_Contacts_Count_12_mon(ASC) G_Customer_Age(ASC) G_Months_Inactive_12_mon(ASC) G_Months_on_book(ASC) G_Total_Relationship_Count(ASC) G_Total_Trans_Ct(ASC)
MPRINT(EM_DIAGRAM):  ;
MPRINT(EM_DIAGRAM):   var
60143      var %DMDBVar;
MPRINT(DMDBVAR):   RANGE_LOG_Total_Trans_Amt RANGE_SQRT_Avg_Utilization_Ratio RANGE_SQRT_Total_Amt_Chng_Q4_Q1 RANGE_SQRT_Total_Ct_Chng_Q4_Q1 RANGE_Total_Revolving_Bal
MPRINT(EM_DIAGRAM):  ;
60144      target
60145      Attrition_Flag
60146      ;
MPRINT(EM_DIAGRAM):   target Attrition_Flag ;
60147      run;
MPRINT(EM_DIAGRAM):   run;

NOTE: Records processed = 7594   Memory used = 511K.
NOTE: View WORK.EM_DMREG.VIEW used (Total process time):
      real time           0.11 seconds
      cpu time            0.10 seconds
      
NOTE: There were 7594 observations read from the data set EMWS1.PART_TRAIN.
NOTE: There were 7594 observations read from the data set WORK.EM_DMREG.
NOTE: PROCEDURE DMDB used (Total process time):
      real time           0.12 seconds
      cpu time            0.12 seconds
      

MPRINT(EM_DIAGRAM):   quit;
MPRINT(EM_DIAGRAM):   *--- end code ---*;
60148      quit;
60149      *--- end code ---*;

60150      *------------------------------------------------------------*;
MPRINT(EM_DIAGRAM):    *------------------------------------------------------------*;
60151      * Reg: Run DMREG procedure;
MPRINT(EM_DIAGRAM):   * Reg: Run DMREG procedure;
60152      *------------------------------------------------------------*;
MPRINT(EM_DIAGRAM):   *------------------------------------------------------------*;
60153      proc dmreg data=EM_DMREG dmdbcat=WORK.Reg_DMDB
60154      validata = EMWS1.Part_VALIDATE
60155      outest = EMWS1.Reg_EMESTIMATE
60156      outterms = EMWS1.Reg_OUTTERMS
60157      outmap= EMWS1.Reg_MAPDS namelen=200
60158      ;
MPRINT(EM_DIAGRAM):   proc dmreg data=EM_DMREG dmdbcat=WORK.Reg_DMDB validata = EMWS1.Part_VALIDATE outest = EMWS1.Reg_EMESTIMATE outterms = EMWS1.Reg_OUTTERMS outmap= EMWS1.Reg_MAPDS namelen=200 ;
60159      class
60160      Attrition_Flag
60161      G_Contacts_Count_12_mon
60162      G_Customer_Age
60163      G_Months_Inactive_12_mon
60164      G_Months_on_book
60165      G_Total_Relationship_Count
60166      G_Total_Trans_Ct
60167      ;
MPRINT(EM_DIAGRAM):   class Attrition_Flag G_Contacts_Count_12_mon G_Customer_Age G_Months_Inactive_12_mon G_Months_on_book G_Total_Relationship_Count G_Total_Trans_Ct ;
60168      model Attrition_Flag =
60169      G_Contacts_Count_12_mon
60170      G_Customer_Age
60171      G_Months_Inactive_12_mon
60172      G_Months_on_book
60173      G_Total_Relationship_Count
60174      G_Total_Trans_Ct
60175      RANGE_LOG_Total_Trans_Amt
60176      RANGE_SQRT_Avg_Utilization_Ratio
60177      RANGE_SQRT_Total_Amt_Chng_Q4_Q1
60178      RANGE_SQRT_Total_Ct_Chng_Q4_Q1
60179      RANGE_Total_Revolving_Bal
60180      /error=binomial link=LOGIT
60181      coding=DEVIATION
60182      nodesignprint
60183      ;
MPRINT(EM_DIAGRAM):   model Attrition_Flag = G_Contacts_Count_12_mon G_Customer_Age G_Months_Inactive_12_mon G_Months_on_book G_Total_Relationship_Count G_Total_Trans_Ct RANGE_LOG_Total_Trans_Amt RANGE_SQRT_Avg_Utilization_Ratio 
RANGE_SQRT_Total_Amt_Chng_Q4_Q1 RANGE_SQRT_Total_Ct_Chng_Q4_Q1 RANGE_Total_Revolving_Bal /error=binomial link=LOGIT coding=DEVIATION nodesignprint ;
60184      ;
MPRINT(EM_DIAGRAM):   ;
60185      code file="D:\478\project\CreditCard_ChurnRate\Workspaces\EMWS1\Reg\EMPUBLISHSCORE.sas"
60186      group=Reg
60187      ;
MPRINT(EM_DIAGRAM):   code file="D:\478\project\CreditCard_ChurnRate\Workspaces\EMWS1\Reg\EMPUBLISHSCORE.sas" group=Reg ;
60188      code file="D:\478\project\CreditCard_ChurnRate\Workspaces\EMWS1\Reg\EMFLOWSCORE.sas"
60189      group=Reg
60190      residual
60191      ;
MPRINT(EM_DIAGRAM):   code file="D:\478\project\CreditCard_ChurnRate\Workspaces\EMWS1\Reg\EMFLOWSCORE.sas" group=Reg residual ;
60192      run;
MPRINT(EM_DIAGRAM):   run;


NOTE: PROC DMREG is modeling the probability that Attrition_Flag='1'.
NOTE: Convergence criterion (GCONV=1E-6) satisfied.
NOTE: At least one element of the gradient is greater than 1e-3.
NOTE: External file D:\478\project\CreditCard_ChurnRate\Workspaces\EMWS1\Reg\EMPUBLISHSCORE.sas opened.
NOTE: External file D:\478\project\CreditCard_ChurnRate\Workspaces\EMWS1\Reg\EMFLOWSCORE.sas opened.
NOTE: View WORK.EM_DMREG.VIEW used (Total process time):
      real time           0.45 seconds
      cpu time            0.43 seconds
      
NOTE: There were 7594 observations read from the data set EMWS1.PART_TRAIN.
NOTE: There were 7594 observations read from the data set WORK.EM_DMREG.
NOTE: There were 2533 observations read from the data set EMWS1.PART_VALIDATE.
NOTE: The data set EMWS1.REG_EMESTIMATE has 3 observations and 75 variables.
NOTE: The data set EMWS1.REG_OUTTERMS has 41 observations and 6 variables.
NOTE: The data set EMWS1.REG_MAPDS has 2 observations and 42 variables.
NOTE: The PROCEDURE DMREG printed pages 18-19.
NOTE: PROCEDURE DMREG used (Total process time):
      real time           0.47 seconds
      cpu time            0.46 seconds
      

MPRINT(EM_DIAGRAM):   quit;
60193      quit;

60194      proc datasets lib=WORK nolist;
MPRINT(EM_DIAGRAM):    proc datasets lib=WORK nolist;
60195      delete Reg_DMDB;
MPRINT(EM_DIAGRAM):   delete Reg_DMDB;
60196      run;
MPRINT(EM_DIAGRAM):   run;

NOTE: The file WORK.REG_DMDB (memtype=DATA) was not found, but appears on a DELETE statement.
60197      quit;
MPRINT(EM_DIAGRAM):   quit;

NOTE: PROCEDURE DATASETS used (Total process time):
      real time           0.04 seconds
      cpu time            0.03 seconds
      

60198      proc datasets lib=WORK nolist;
MPRINT(EM_DIAGRAM):    proc datasets lib=WORK nolist;
60199      delete Reg_DMDB / memtype=catalog;
MPRINT(EM_DIAGRAM):   delete Reg_DMDB / memtype=catalog;
60200      run;
MPRINT(EM_DIAGRAM):   run;

NOTE: Deleting WORK.REG_DMDB (memtype=CATALOG).
60201      quit;
MPRINT(EM_DIAGRAM):   quit;

NOTE: PROCEDURE DATASETS used (Total process time):
      real time           0.02 seconds
      cpu time            0.01 seconds
      

60202      data WORK.ESTIMATE;
MPRINT(EM_DIAGRAM):    data WORK.ESTIMATE;
60203      length _NAME_ $32;
MPRINT(EM_DIAGRAM):   length _NAME_ $32;
60204      set EMWS1.Reg_EMESTIMATE;
MPRINT(EM_DIAGRAM):   set EMWS1.Reg_EMESTIMATE;
60205      drop _AIC_--_VMISC_
60206      ;
MPRINT(EM_DIAGRAM):   drop _AIC_--_VMISC_ ;
60207      where _TYPE_ in('PARMS', 'T', 'P');
MPRINT(EM_DIAGRAM):   where _TYPE_ in('PARMS', 'T', 'P');
60208      select(_TYPE_);
MPRINT(EM_DIAGRAM):   select(_TYPE_);
60209      when('PARMS') _NAME_='Coefficient';
MPRINT(EM_DIAGRAM):   when('PARMS') _NAME_='Coefficient';
60210      when('T') _NAME_='tValue';
MPRINT(EM_DIAGRAM):   when('T') _NAME_='tValue';
60211      when('P') _NAME_='PValue';
MPRINT(EM_DIAGRAM):   when('P') _NAME_='PValue';
60212      otherwise;
MPRINT(EM_DIAGRAM):   otherwise;
60213      end;
MPRINT(EM_DIAGRAM):   end;
60214      run;
MPRINT(EM_DIAGRAM):   run;

NOTE: There were 3 observations read from the data set EMWS1.REG_EMESTIMATE.
      WHERE _TYPE_ in ('P', 'PARMS', 'T');
NOTE: The data set WORK.ESTIMATE has 3 observations and 43 variables.
NOTE: DATA statement used (Total process time):
      real time           0.00 seconds
      cpu time            0.00 seconds
      

60215      proc transpose data=WORK.ESTIMATE out=WORK.ESTIMATE(rename=(_NAME_=Effect));
MPRINT(EM_DIAGRAM):   proc transpose data=WORK.ESTIMATE out=WORK.ESTIMATE(rename=(_NAME_=Effect));
60216      run;
MPRINT(EM_DIAGRAM):   run;

NOTE: There were 3 observations read from the data set WORK.ESTIMATE.
NOTE: The data set WORK.ESTIMATE has 41 observations and 5 variables.
NOTE: PROCEDURE TRANSPOSE used (Total process time):
      real time           0.01 seconds
      cpu time            0.00 seconds
      

60217      proc transpose data=EMWS1.Reg_MAPDS out=WORK.MAP(rename=(_NAME_=Effect INPUT=Variable
60218      ));
MPRINT(EM_DIAGRAM):   proc transpose data=EMWS1.Reg_MAPDS out=WORK.MAP(rename=(_NAME_=Effect INPUT=Variable ));
60219      var 'G_Contacts_Count_12_mon0'n--'RANGE_Total_Revolving_Bal'n;
MPRINT(EM_DIAGRAM):   var 'G_Contacts_Count_12_mon0'n--'RANGE_Total_Revolving_Bal'n;
60220      run;
MPRINT(EM_DIAGRAM):   run;

NOTE: There were 2 observations read from the data set EMWS1.REG_MAPDS.
NOTE: The data set WORK.MAP has 40 observations and 4 variables.
NOTE: PROCEDURE TRANSPOSE used (Total process time):
      real time           0.01 seconds
      cpu time            0.00 seconds
      

60221      proc sort data=WORK.MAP;
MPRINT(EM_DIAGRAM):   proc sort data=WORK.MAP;
60222      by Effect;
MPRINT(EM_DIAGRAM):   by Effect;
60223      run;
MPRINT(EM_DIAGRAM):   run;

NOTE: There were 40 observations read from the data set WORK.MAP.
NOTE: The data set WORK.MAP has 40 observations and 4 variables.
NOTE: PROCEDURE SORT used (Total process time):
      real time           0.00 seconds
      cpu time            0.01 seconds
      

60224      proc sort data=WORK.ESTIMATE;
MPRINT(EM_DIAGRAM):   proc sort data=WORK.ESTIMATE;
60225      by Effect;
MPRINT(EM_DIAGRAM):   by Effect;
60226      run;
MPRINT(EM_DIAGRAM):   run;

NOTE: There were 41 observations read from the data set WORK.ESTIMATE.
NOTE: The data set WORK.ESTIMATE has 41 observations and 5 variables.
NOTE: PROCEDURE SORT used (Total process time):
      real time           0.00 seconds
      cpu time            0.01 seconds
      

60227      data EMWS1.Reg_EFFECTS(rename=(_LABEL_=EffectLabel));
MPRINT(EM_DIAGRAM):   data EMWS1.Reg_EFFECTS(rename=(_LABEL_=EffectLabel));
60228      length Variable ClassLevel $32;
MPRINT(EM_DIAGRAM):   length Variable ClassLevel $32;
60229      merge WORK.ESTIMATE WORK.MAP;
MPRINT(EM_DIAGRAM):   merge WORK.ESTIMATE WORK.MAP;
60230      by Effect;
MPRINT(EM_DIAGRAM):   by Effect;
60231      label Effect = "%sysfunc(sasmsg(sashelp.dmine, rpt_effect_vlabel, NOQUOTE))" Variable = "%sysfunc(sasmsg(sashelp.dmine, rpt_variable_vlabel, NOQUOTE))" Sign = "%sysfunc(sasmsg(sashelp.dmine, rpt_sign_vlabel, NOQUOTE))" ClassLevel =
60232         "%sysfunc(sasmsg(sashelp.dmine, rpt_level_vlabel, NOQUOTE))" Abscoefficient = "%sysfunc(sasmsg(sashelp.dmine, rpt_abscoefficient_vlabel, NOQUOTE))" Coefficient = "%sysfunc(sasmsg(sashelp.dmine, rpt_coefficient_vlabel, NOQUOTE))" _LABEL_ =
60233         "%sysfunc(sasmsg(sashelp.dmine, rpt_effectLabel_vlabel, NOQUOTE))" CODE = "%sysfunc(sasmsg(sashelp.dmine, rpt_scorecodevar_vlabel, NOQUOTE))";
MPRINT(EM_DIAGRAM):   label Effect = "Effect" Variable = "Variable" Sign = "Sign" ClassLevel = "Level" Abscoefficient = "Absolute Coefficient" Coefficient = "Coefficient" _LABEL_ = "Effect Label" CODE = "Score Code Variable";
60234      label tvalue = "%sysfunc(sasmsg(sashelp.dmine, rpt_tvalue_vlabel,         NOQUOTE))" abstvalue = "%sysfunc(sasmsg(sashelp.dmine, rpt_absoluteTvalue_vlabel, NOQUOTE))" PValue = "%sysfunc(sasmsg(sashelp.dmine, rpt_pvalue_vlabel,         NOQUOTE))"
60234    ! ;
MPRINT(EM_DIAGRAM):   label tvalue = "T-value" abstvalue = "Absolute T-value" PValue = "P Value";
60235      abstvalue = abs(tValue);
MPRINT(EM_DIAGRAM):   abstvalue = abs(tValue);
60236      if index(Effect, 'Intercept') then do;
MPRINT(EM_DIAGRAM):   if index(Effect, 'Intercept') then do;
60237      variable = 'Intercept';
MPRINT(EM_DIAGRAM):   variable = 'Intercept';
60238      classLevel = scan(_LABEL_, 2, '=');
MPRINT(EM_DIAGRAM):   classLevel = scan(_LABEL_, 2, '=');
60239      end;
MPRINT(EM_DIAGRAM):   end;
60240      if ^indexc(variable, '*') then do;
MPRINT(EM_DIAGRAM):   if ^indexc(variable, '*') then do;
60241      if length(effect)>length(variable) then classlevel = substr(Effect, length(variable)+1);
MPRINT(EM_DIAGRAM):   if length(effect)>length(variable) then classlevel = substr(Effect, length(variable)+1);
60242      end;
MPRINT(EM_DIAGRAM):   end;
60243      if Effect eq '' then Effect = Variable;
MPRINT(EM_DIAGRAM):   if Effect eq '' then Effect = Variable;
60244      if coefficient < 0 then sign = '-';
MPRINT(EM_DIAGRAM):   if coefficient < 0 then sign = '-';
60245      else sign = '+';
MPRINT(EM_DIAGRAM):   else sign = '+';
60246      abscoefficient = abs(coefficient);
MPRINT(EM_DIAGRAM):   abscoefficient = abs(coefficient);
60247      if _LABEL_ = '' then _LABEL_ = Effect;
MPRINT(EM_DIAGRAM):   if _LABEL_ = '' then _LABEL_ = Effect;
60248      if coefficient ne . then output;
MPRINT(EM_DIAGRAM):   if coefficient ne . then output;
60249      run;
MPRINT(EM_DIAGRAM):   run;

NOTE: There were 41 observations read from the data set WORK.ESTIMATE.
NOTE: There were 40 observations read from the data set WORK.MAP.
NOTE: The data set EMWS1.REG_EFFECTS has 41 observations and 11 variables.
NOTE: DATA statement used (Total process time):
      real time           0.03 seconds
      cpu time            0.03 seconds
      

60250      proc sort data =EMWS1.Reg_EFFECTS;
MPRINT(EM_DIAGRAM):    proc sort data =EMWS1.Reg_EFFECTS;
60251      by
60252      descending abstvalue;
MPRINT(EM_DIAGRAM):   by descending abstvalue;
60253      run;
MPRINT(EM_DIAGRAM):   run;

NOTE: There were 41 observations read from the data set EMWS1.REG_EFFECTS.
NOTE: The data set EMWS1.REG_EFFECTS has 41 observations and 11 variables.
NOTE: PROCEDURE SORT used (Total process time):
      real time           0.00 seconds
      cpu time            0.00 seconds
      

60254      data EMWS1.Reg_EFFECTS;
MPRINT(EM_DIAGRAM):   data EMWS1.Reg_EFFECTS;
60255      set EMWS1.Reg_EFFECTS;
MPRINT(EM_DIAGRAM):   set EMWS1.Reg_EFFECTS;
60256      format TEffectNum 3.;
MPRINT(EM_DIAGRAM):   format TEffectNum 3.;
60257      label TEffectNum = "%sysfunc(sasmsg(sashelp.dmine, rpt_teffectnum_vlabel, NOQUOTE))";
MPRINT(EM_DIAGRAM):   label TEffectNum = "TScore Number";
60258      retain TEffectNum;
MPRINT(EM_DIAGRAM):   retain TEffectNum;
60259      TEffectNum = _N_;
MPRINT(EM_DIAGRAM):   TEffectNum = _N_;
60260      run;
MPRINT(EM_DIAGRAM):   run;

NOTE: There were 41 observations read from the data set EMWS1.REG_EFFECTS.
NOTE: The data set EMWS1.REG_EFFECTS has 41 observations and 12 variables.
NOTE: DATA statement used (Total process time):
      real time           0.00 seconds
      cpu time            0.01 seconds
      

60261      proc sort data =EMWS1.Reg_EFFECTS;
MPRINT(EM_DIAGRAM):    proc sort data =EMWS1.Reg_EFFECTS;
60262      by
60263      descending absCoefficient;
MPRINT(EM_DIAGRAM):   by descending absCoefficient;
60264      run;
MPRINT(EM_DIAGRAM):   run;

NOTE: There were 41 observations read from the data set EMWS1.REG_EFFECTS.
NOTE: The data set EMWS1.REG_EFFECTS has 41 observations and 12 variables.
NOTE: PROCEDURE SORT used (Total process time):
      real time           0.00 seconds
      cpu time            0.00 seconds
      

60265      data EMWS1.Reg_EFFECTS;
MPRINT(EM_DIAGRAM):   data EMWS1.Reg_EFFECTS;
60266      set EMWS1.Reg_EFFECTS;
MPRINT(EM_DIAGRAM):   set EMWS1.Reg_EFFECTS;
60267      format EffectNum 3.;
MPRINT(EM_DIAGRAM):   format EffectNum 3.;
60268      label EffectNum = "%sysfunc(sasmsg(sashelp.dmine, rpt_effectnum_vlabel, NOQUOTE))";
MPRINT(EM_DIAGRAM):   label EffectNum = "Effect Number";
60269      retain EffectNum;
MPRINT(EM_DIAGRAM):   retain EffectNum;
60270      EffectNum = _N_;
MPRINT(EM_DIAGRAM):   EffectNum = _N_;
60271      run;
MPRINT(EM_DIAGRAM):   run;

NOTE: There were 41 observations read from the data set EMWS1.REG_EFFECTS.
NOTE: The data set EMWS1.REG_EFFECTS has 41 observations and 13 variables.
NOTE: DATA statement used (Total process time):
      real time           0.00 seconds
      cpu time            0.01 seconds
      

MPRINT(EM_DIAGRAM):    proc printto;
MPRINT(EM_DIAGRAM):   run;
