 
                                                                                               
 
 
Fit Statistics

Target=Attrition_Flag Target Label=' '

   Fit
Statistics    Statistics Label                     Train    Validation       Test

  _NOBS_      Sum of Frequencies                 7088.00      2025.00     1014.00
  _SUMW_      Sum of Case Weights Times Freq    14176.00      4050.00     2028.00
  _MISC_      Misclassification Rate                0.09         0.09        0.09
  _MAX_       Maximum Absolute Error                0.96         0.95        0.93
  _SSE_       Sum of Squared Errors               899.04       265.61      127.87
  _ASE_       Average Squared Error                 0.06         0.07        0.06
  _RASE_      Root Average Squared Error            0.25         0.26        0.25
  _DIV_       Divisor for ASE                   14176.00      4050.00     2028.00
  _DFT_       Total Degrees of Freedom           7088.00          .           .  
 
                                                                                               
 
 
Classification Table

Data Role=TRAIN Target Variable=Attrition_Flag Target Label=' '

                       Target        Outcome     Frequency       Total
Target    Outcome    Percentage    Percentage      Count      Percentage

  0          0         91.7331       98.6720        5870        82.8160 
  1          0          8.2669       46.4442         529         7.4633 
  0          1         11.4659        1.3280          79         1.1146 
  1          1         88.5341       53.5558         610         8.6061 


Data Role=VALIDATE Target Variable=Attrition_Flag Target Label=' '

                       Target        Outcome     Frequency       Total
Target    Outcome    Percentage    Percentage      Count      Percentage

  0          0         91.9142       98.2941        1671        82.5185 
  1          0          8.0858       45.2308         147         7.2593 
  0          1         14.0097        1.7059          29         1.4321 
  1          1         85.9903       54.7692         178         8.7901 
 
                                                                                               
 
 
Event Classification Table

Data Role=TRAIN Target=Attrition_Flag Target Label=' '

  False       True        False       True
Negative    Negative    Positive    Positive

   529        5870         79          610  


Data Role=VALIDATE Target=Attrition_Flag Target Label=' '

  False       True        False       True
Negative    Negative    Positive    Positive

   147        1671         29          178  
 
                                                                                               
 
 
Assessment Score Rankings

Data Role=TRAIN Target Variable=Attrition_Flag Target Label=' '

                                                                                    Mean
                            Cumulative       %      Cumulative     Number of     Posterior
Depth      Gain     Lift       Lift      Response   % Response   Observations   Probability

   5    503.018   6.03018     6.03018     96.9014     96.9014         355         0.78677  
  10    446.817   4.90457     5.46817     78.8136     87.8702         354         0.58543  
  15    384.271   3.59356     4.84271     57.7465     77.8195         355         0.41088  
  20    316.695   2.13586     4.16695     34.3220     66.9605         354         0.29297  
  25    251.888   0.92290     3.51888     14.8305     56.5463         354         0.22507  
  30    205.738   0.75377     3.05738     12.1127     49.1302         355         0.17505  
  35    169.889   0.54495     2.69889      8.7571     43.3696         354         0.13761  
  40    141.811   0.45577     2.41811      7.3239     38.8575         355         0.11025  
  45    117.122   0.19337     2.17122      3.1073     34.8903         354         0.09138  
  50     96.839   0.14063     1.96839      2.2599     31.6309         354         0.07814  
  55     79.875   0.10518     1.79875      1.6901     28.9048         355         0.06694  
  60     66.220   0.15821     1.66220      2.5424     26.7106         354         0.05694  
  65     53.549   0.01753     1.53549      0.2817     24.6745         355         0.04759  
  70     42.846   0.03516     1.42846      0.5650     22.9545         354         0.03863  
  75     33.333   0.00000     1.33333      0.0000     21.4259         354         0.03025  
  80     24.987   0.00000     1.24987      0.0000     20.0846         355         0.02408  
  85     17.643   0.00000     1.17643      0.0000     18.9046         354         0.01906  
  90     11.097   0.00000     1.11097      0.0000     17.8527         355         0.01567  
  95      5.257   0.00000     1.05257      0.0000     16.9142         354         0.01251  
 100      0.000   0.00000     1.00000      0.0000     16.0694         354         0.00868  


Data Role=VALIDATE Target Variable=Attrition_Flag Target Label=' '

                                                                                    Mean
                            Cumulative       %      Cumulative     Number of     Posterior
Depth      Gain     Lift       Lift      Response   % Response   Observations   Probability

   5    486.425   5.86425     5.86425     94.1176     94.1176         102         0.76080  
  10    437.135   4.87357     5.37135     78.2178     86.2069         101         0.59236  
  15    367.308   3.26961     4.67308     52.4752     75.0000         101         0.42324  
  20    309.231   2.34425     4.09231     37.6238     65.6790         101         0.30961  
  25    255.166   1.40498     3.55166     22.5490     57.0020         102         0.23317  
  30    211.538   0.92536     3.11538     14.8515     50.0000         101         0.17951  
  35    175.068   0.55522     2.75068      8.9109     44.1467         101         0.13646  
  40    141.538   0.06169     2.41538      0.9901     38.7654         101         0.10601  
  45    115.891   0.12217     2.15891      1.9608     34.6491         102         0.08792  
  50     96.211   0.18507     1.96211      2.9703     31.4906         101         0.07576  
  55     79.540   0.12338     1.79540      1.9802     28.8151         101         0.06626  
  60     66.667   0.24676     1.66667      3.9604     26.7490         101         0.05592  
  65     53.759   0.00000     1.53759      0.0000     24.6773         102         0.04701  
  70     42.807   0.00000     1.42807      0.0000     22.9196         101         0.03960  
  75     33.311   0.00000     1.33311      0.0000     21.3957         101         0.03079  
  80     25.000   0.00000     1.25000      0.0000     20.0617         101         0.02493  
  85     17.596   0.00000     1.17596      0.0000     18.8734         102         0.02085  
  90     11.081   0.00000     1.11081      0.0000     17.8278         101         0.01675  
  95      5.249   0.00000     1.05249      0.0000     16.8919         101         0.01355  
 100      0.000   0.00000     1.00000      0.0000     16.0494         101         0.00979  
 
                                                                                               
 
 
Assessment Score Distribution

Data Role=TRAIN Target Variable=Attrition_Flag Target Label=' '

 Posterior     Number                     Mean
Probability      of      Number of     Posterior
   Range       Events    Nonevents    Probability    Percentage

 0.90-0.95         9           0        0.90156         0.1270 
 0.85-0.90        36           0        0.88034         0.5079 
 0.80-0.85       107           5        0.82598         1.5801 
 0.75-0.80        76           4        0.77537         1.1287 
 0.70-0.75        91           1        0.72733         1.2980 
 0.65-0.70        76           8        0.67711         1.1851 
 0.60-0.65        84          14        0.62450         1.3826 
 0.55-0.60        65          21        0.57146         1.2133 
 0.50-0.55        66          26        0.52373         1.2980 
 0.45-0.50        75          36        0.47674         1.5660 
 0.40-0.45        67          36        0.42407         1.4532 
 0.35-0.40        62          58        0.37538         1.6930 
 0.30-0.35        67         114        0.32301         2.5536 
 0.25-0.30        74         160        0.27516         3.3014 
 0.20-0.25        46         268        0.22507         4.4300 
 0.15-0.20        52         380        0.17320         6.0948 
 0.10-0.15        49         591        0.12178         9.0293 
 0.05-0.10        34        1473        0.07240        21.2613 
 0.00-0.05         3        2754        0.02381        38.8967 


Data Role=VALIDATE Target Variable=Attrition_Flag Target Label=' '

 Posterior     Number                     Mean
Probability      of      Number of     Posterior
   Range       Events    Nonevents    Probability    Percentage

 0.90-0.95        1           0         0.90156         0.0494 
 0.85-0.90        6           0         0.87353         0.2963 
 0.80-0.85       17           3         0.82582         0.9877 
 0.75-0.80       30           0         0.77334         1.4815 
 0.70-0.75       23           1         0.72485         1.1852 
 0.65-0.70       28           4         0.67702         1.5802 
 0.60-0.65       28           8         0.62176         1.7778 
 0.55-0.60       28           5         0.57725         1.6296 
 0.50-0.55       17           8         0.52380         1.2346 
 0.45-0.50       19          10         0.47331         1.4321 
 0.40-0.45       11          14         0.42717         1.2346 
 0.35-0.40       22          24         0.37785         2.2716 
 0.30-0.35       20          37         0.32597         2.8148 
 0.25-0.30       21          39         0.27679         2.9630 
 0.20-0.25       23          70         0.22395         4.5926 
 0.15-0.20       13          93         0.17386         5.2346 
 0.10-0.15        7         152         0.12223         7.8519 
 0.05-0.10       11         436         0.07250        22.0741 
 0.00-0.05        0         796         0.02499        39.3086 
