MPRINT(EM_DIAGRAM):    data _null_;
MPRINT(EM_DIAGRAM):   call symput('NLDATE', strip(put(date(), NLDATE.)));
MPRINT(EM_DIAGRAM):   call symput('NLTIME', strip(put(datetime(), NLTIME.)));
MPRINT(EM_DIAGRAM):   run;
MPRINT(EM_DIAGRAM):   data _null_;
MPRINT(EM_DIAGRAM):   nldate= sasmsg("sashelp.dmine", "log_date_note", 'N', "April 09, 2022" );
MPRINT(EM_DIAGRAM):   nltime= sasmsg("sashelp.dmine", "log_time_note", 'N', "15:09:30" );
MPRINT(EM_DIAGRAM):   put "*------------------------------------------------------------*";
MPRINT(EM_DIAGRAM):   put "* Training Log";
MPRINT(EM_DIAGRAM):   put nldate;
MPRINT(EM_DIAGRAM):   put nltime;
MPRINT(EM_DIAGRAM):   put "*------------------------------------------------------------*";
MPRINT(EM_DIAGRAM):   run;
*------------------------------------------------------------*
* Training Log
Date:                April 09, 2022
Time:                15:09:30
*------------------------------------------------------------*
MPRINT(EM_DIAGRAM):    filename O2K8_58U 
"D:\478\project\CreditCard_ChurnRate\Workspaces\EMWS1\Reg2\EMTRAIN.out" encoding="UTF-8" NOBOM;
MPRINT(EM_DIAGRAM):   proc printto print=O2K8_58U new;
MPRINT(EM_DIAGRAM):   run;
MPRINT(EM_DIAGRAM):    filename _LOG 
"D:\478\project\CreditCard_ChurnRate\Workspaces\EMWS1\Reg2\EMLOG.log" encoding="UTF-8" NOBOM;
MPRINT(EM_DIAGRAM):    data _null_;
MPRINT(EM_DIAGRAM):   call symput('NLDATE', strip(put(date(), NLDATE.)));
MPRINT(EM_DIAGRAM):   call symput('NLTIME', strip(put(datetime(), NLTIME.)));
MPRINT(EM_DIAGRAM):   run;
MPRINT(EM_DIAGRAM):   data _null_;
MPRINT(EM_DIAGRAM):   nldate= sasmsg("sashelp.dmine", "log_date_note", 'N', "April 09, 2022" );
MPRINT(EM_DIAGRAM):   nltime= sasmsg("sashelp.dmine", "log_time_note", 'N', "15:09:30" );
MPRINT(EM_DIAGRAM):   file _LOG;
MPRINT(EM_DIAGRAM):   put "*------------------------------------------------------------*";
MPRINT(EM_DIAGRAM):   put "User:                Kevin";
MPRINT(EM_DIAGRAM):   put nldate;
MPRINT(EM_DIAGRAM):   put nltime;
MPRINT(EM_DIAGRAM):   put "Site:                70135990";
MPRINT(EM_DIAGRAM):   put "Platform:            X64_10HOME";
MPRINT(EM_DIAGRAM):   put "Maintenance Release: 9.04.01M4P110916";
MPRINT(EM_DIAGRAM):   put "EM Version:          14.2";
MPRINT(EM_DIAGRAM):   put "* ";
MPRINT(EM_DIAGRAM):   run;
MPRINT(EM_DIAGRAM):    filename _LOGIN 
"D:\478\project\CreditCard_ChurnRate\Workspaces\EMWS1\Reg2\EMTRAIN.log" encoding="UTF-8" NOBOM;
MPRINT(EM_COPYFILE):   data _null_;
MPRINT(EM_COPYFILE):   length line $20000;
MPRINT(EM_COPYFILE):   file _LOG MOD lrecl=20000;
MPRINT(EM_COPYFILE):   fid=fopen("_LOGIN",'i',20000,'v');
MPRINT(EM_COPYFILE):   if fid > 0 then do;
MPRINT(EM_COPYFILE):   do while(^fread(fid));
MPRINT(EM_COPYFILE):   rlen = frlen(fid);
MPRINT(EM_COPYFILE):   rc= fget(fid,line,20000);
MPRINT(EM_COPYFILE):   start = length(line)-length(left(line))+1;
MPRINT(EM_COPYFILE):   line=strip(line);
MPRINT(EM_COPYFILE):   put @start line;
MPRINT(EM_COPYFILE):   end;
MPRINT(EM_COPYFILE):   if fid > 0 then rc=fclose(fid);
MPRINT(EM_COPYFILE):   end;
MPRINT(EM_COPYFILE):   run;
MPRINT(EM_DIAGRAM):  ;
MPRINT(EM_DIAGRAM):   filename _LOGIN;
MPRINT(EM_DIAGRAM):    data _null_;
MPRINT(EM_DIAGRAM):   file _LOG mod;
MPRINT(EM_DIAGRAM):   put _page_;
MPRINT(EM_DIAGRAM):   run;
MPRINT(EM_DIAGRAM):   filename _LOGIN 
"D:\478\project\CreditCard_ChurnRate\Workspaces\EMWS1\Reg2\EMSCORE.log" encoding="UTF-8" NOBOM;
MPRINT(EM_DIAGRAM):  ;
MPRINT(EM_DIAGRAM):   data _null_;
MPRINT(EM_DIAGRAM):   file _LOG mod;
MPRINT(EM_DIAGRAM):   put _page_;
MPRINT(EM_DIAGRAM):   run;
MPRINT(EM_DIAGRAM):    filename _LOGIN 
"D:\478\project\CreditCard_ChurnRate\Workspaces\EMWS1\Reg2\EMREPORT.log" encoding="UTF-8" 
NOBOM;
MPRINT(EM_DIAGRAM):  ;
MPRINT(EM_DIAGRAM):   filename _LOGIN;
MPRINT(EM_DIAGRAM):    filename _LOG;
MPRINT(EM_DIAGRAM):    filename _OUT 
"D:\478\project\CreditCard_ChurnRate\Workspaces\EMWS1\Reg2\EMOUTPUT.out" encoding="UTF-8" 
NOBOM;
MPRINT(EM_DIAGRAM):    data _null_;
MPRINT(EM_DIAGRAM):   call symput('NLDATE', strip(put(date(), NLDATE.)));
MPRINT(EM_DIAGRAM):   call symput('NLTIME', strip(put(datetime(), NLTIME.)));
MPRINT(EM_DIAGRAM):   run;
MPRINT(EM_DIAGRAM):   data _null_;
MPRINT(EM_DIAGRAM):   nldate= sasmsg("sashelp.dmine", "log_date_note", 'N', "April 09, 2022" );
MPRINT(EM_DIAGRAM):   nltime= sasmsg("sashelp.dmine", "log_time_note", 'N', "15:09:31" );
MPRINT(EM_DIAGRAM):   file _OUT;
MPRINT(EM_DIAGRAM):   put "*------------------------------------------------------------*";
MPRINT(EM_DIAGRAM):   put "User:                Kevin";
MPRINT(EM_DIAGRAM):   put nldate;
MPRINT(EM_DIAGRAM):   put nltime;
MPRINT(EM_DIAGRAM):   put "*------------------------------------------------------------*";
MPRINT(EM_DIAGRAM):   put "* Training Output";
MPRINT(EM_DIAGRAM):   put "*------------------------------------------------------------*";
MPRINT(EM_DIAGRAM):   run;
MPRINT(EM_DIAGRAM):    filename _OUTIN 
"D:\478\project\CreditCard_ChurnRate\Workspaces\EMWS1\Reg2\EMTRAIN.out" encoding="UTF-8" NOBOM;
MPRINT(EM_DIAGRAM):   ;
MPRINT(EM_COPYFILE):   data _null_;
MPRINT(EM_COPYFILE):   length line $20000;
MPRINT(EM_COPYFILE):   file _OUT MOD lrecl=20000;
MPRINT(EM_COPYFILE):   fid=fopen("_OUTIN",'i',20000,'v');
MPRINT(EM_COPYFILE):   if fid > 0 then do;
MPRINT(EM_COPYFILE):   do while(^fread(fid));
MPRINT(EM_COPYFILE):   rlen = frlen(fid);
MPRINT(EM_COPYFILE):   rc= fget(fid,line,20000);
MPRINT(EM_COPYFILE):   start = length(line)-length(left(line))+1;
MPRINT(EM_COPYFILE):   line=strip(line);
MPRINT(EM_COPYFILE):   put @start line;
MPRINT(EM_COPYFILE):   end;
MPRINT(EM_COPYFILE):   if fid > 0 then rc=fclose(fid);
MPRINT(EM_COPYFILE):   end;
MPRINT(EM_COPYFILE):   run;
MPRINT(EM_DIAGRAM):  ;
MPRINT(EM_DIAGRAM):   filename _OUTIN;
MPRINT(EM_DIAGRAM):    data _null_;
MPRINT(EM_DIAGRAM):   file _OUT mod;
MPRINT(EM_DIAGRAM):   put _page_;
MPRINT(EM_DIAGRAM):   put // "*------------------------------------------------------------*";
MPRINT(EM_DIAGRAM):   put "* Score Output";
MPRINT(EM_DIAGRAM):   put "*------------------------------------------------------------*";
MPRINT(EM_DIAGRAM):   run;
MPRINT(EM_DIAGRAM):    filename _OUTIN 
"D:\478\project\CreditCard_ChurnRate\Workspaces\EMWS1\Reg2\EMSCORE.out" encoding="UTF-8" NOBOM;
MPRINT(EM_DIAGRAM):  ;
MPRINT(EM_DIAGRAM):   filename _OUTIN;
MPRINT(EM_DIAGRAM):    data _null_;
MPRINT(EM_DIAGRAM):   file _OUT mod;
MPRINT(EM_DIAGRAM):   put _page_;
MPRINT(EM_DIAGRAM):   put // "*------------------------------------------------------------*";
MPRINT(EM_DIAGRAM):   put "* Report Output";
MPRINT(EM_DIAGRAM):   put "*------------------------------------------------------------*";
MPRINT(EM_DIAGRAM):   run;
MPRINT(EM_DIAGRAM):    filename _OUTIN 
"D:\478\project\CreditCard_ChurnRate\Workspaces\EMWS1\Reg2\EMREPORT.out" encoding="UTF-8" 
NOBOM;
MPRINT(EM_DIAGRAM):  ;
MPRINT(EM_DIAGRAM):   filename _OUTIN;
MPRINT(EM_DIAGRAM):    filename _OUT;
MPRINT(EM_DIAGRAM):    filename _emtool_ 
'D:\478\project\CreditCard_ChurnRate\Workspaces\EMWS1\Reg2\EMRUNSTATUS.xml' encoding="UTF-8" 
NOBOM;
76481      proc freq data=EMWS1.Reg2_VariableSet noprint;
MPRINT(EM_DIAGRAM):    proc freq data=EMWS1.Reg2_VariableSet noprint;
76482      table ROLE*LEVEL/out=WORK.Reg2META;
MPRINT(EM_DIAGRAM):   table ROLE*LEVEL/out=WORK.Reg2META;
76483      run;
MPRINT(EM_DIAGRAM):   run;

NOTE: There were 12 observations read from the data set EMWS1.REG2_VARIABLESET.
NOTE: The data set WORK.REG2META has 3 observations and 4 variables.
NOTE: PROCEDURE FREQ used (Total process time):
      real time           0.04 seconds
      cpu time            0.03 seconds
      

76484      proc print data=WORK.Reg2META label noobs;
MPRINT(EM_DIAGRAM):   proc print data=WORK.Reg2META label noobs;
76485      var ROLE LEVEL COUNT;
MPRINT(EM_DIAGRAM):   var ROLE LEVEL COUNT;
76486      label ROLE = "%sysfunc(sasmsg(sashelp.dmine, meta_role_vlabel, NOQUOTE))" LEVEL =
76486    ! "%sysfunc(sasmsg(sashelp.dmine, meta_level_vlabel, NOQUOTE))" COUNT =
76486    ! "%sysfunc(sasmsg(sashelp.dmine, rpt_count_vlabel, NOQUOTE))";
MPRINT(EM_DIAGRAM):   label ROLE = "Role" LEVEL = "Measurement Level" COUNT = "Frequency 
Count";
76487      title9 ' ';
MPRINT(EM_DIAGRAM):   title9 ' ';
76488      title10 "%sysfunc(sasmsg(sashelp.dmine, rpt_varSummary_title  , NOQUOTE))";
MPRINT(EM_DIAGRAM):   title10 "Variable Summary";
MPRINT(EM_DIAGRAM):   run;
76489      run;

NOTE: There were 3 observations read from the data set WORK.REG2META.
NOTE: The PROCEDURE PRINT printed page 25.
NOTE: PROCEDURE PRINT used (Total process time):
      real time           0.01 seconds
      cpu time            0.01 seconds
      

76490      title10;
MPRINT(EM_DIAGRAM):   title10;
76491      %let EMNORLEN = %DMNORLEN;
MPRINT(EM_DIAGRAM):   
EMWS1.Part_TRAIN EMWS1.Part_TRAIN 
EMWS1.Part_TRAIN EMWS1.Part_TRAIN EMWS1 Part_TRAIN 
EMWS1.Part_TRAIN EMWS1.Part_TRAIN 
EMWS1.Part_TRAIN EMWS1.Part_TRAIN EMWS1 Part_TRAIN 
MPRINT(EM_DIAGRAM):    proc dmdb data=EMWS1.Part_TRAIN 
classout=WORK._DMDBCLASSTARGET(keep=NAME NRAW CRAW LEVEL FREQUENCY NMISSPERCENT);
MPRINT(EM_DIAGRAM):   class Attrition_Flag(DESC) ;
MPRINT(EM_DIAGRAM):   run;
Executing  SASHELP.EMCORE.EMINFOITERATOR.SCL _INIT >> 
Executing  SASHELP.EMCORE.EMINFOITERATOR.SCL setMetaData >> 
Executing  SASHELP.EMCORE.EMINFOITERATOR.SCL next >> 
Executing  SASHELP.EMCORE.EMINFOITERATOR.SCL next >> 
Executing  SASHELP.EMCORE.EMINFOITERATOR.SCL setMetaData >> 
Executing  SASHELP.EMCORE.EMINFOITERATOR.SCL next >> 
Executing  SASHELP.EMCORE.EMINFOITERATOR.SCL next >> 
Executing  SASHELP.EMCORE.EMINFOITERATOR.SCL _term >> 
MPRINT(EM_DIAGRAM):    data _null_;
MPRINT(EM_DIAGRAM):   set WORK._DMDBCLASSTARGET;
MPRINT(EM_DIAGRAM):   where ^(NRAW eq . and CRAW eq '') and NAME="Attrition_Flag";
MPRINT(EM_DIAGRAM):   if _N_=1 then call symput('_newevent', strip(LEVEL));
MPRINT(EM_DIAGRAM):   run;
MPRINT(EM_DIAGRAM):   proc sort data=WORK._DMDBCLASSTARGET out=_TEMPCLASS(keep=LEVEL FREQUENCY 
NMISSPERCENT rename=(LEVEL=Attrition_Flag));
MPRINT(EM_DIAGRAM):   by LEVEL;
MPRINT(EM_DIAGRAM):   where ^(NRAW eq . and CRAW eq '') and NAME="Attrition_Flag";
MPRINT(EM_DIAGRAM):   run;
MPRINT(EM_DIAGRAM):   data _TEMPCLASS;
MPRINT(EM_DIAGRAM):   set _TEMPCLASS;
MPRINT(EM_DIAGRAM):   NMISSPERCENT= NMISSPERCENT/100;
MPRINT(EM_DIAGRAM):   run;
MPRINT(EM_DIAGRAM):    proc sort data=EMWS1.Ids_Attrition_Flag_DD out=_sortedDecdata;
MPRINT(EM_DIAGRAM):   by Attrition_Flag;
MPRINT(EM_DIAGRAM):   run;
MPRINT(EM_DIAGRAM):   data _null_;
MPRINT(EM_DIAGRAM):   merge _TEMPCLASS(in=_a) _sortedDecdata(in=_b);
MPRINT(EM_DIAGRAM):   by Attrition_Flag;
MPRINT(EM_DIAGRAM):   if (_a and ^_b) or (^_a and _b) then call symput('_emresetDec', '1');
MPRINT(EM_DIAGRAM):   run;
76520      data WORK.Reg2_EVENT(KEEP=VARIABLE LABEL LEVEL EVENT NUMLEVELS ORDER);
MPRINT(EM_DIAGRAM):    data WORK.Reg2_EVENT(KEEP=VARIABLE LABEL LEVEL EVENT NUMLEVELS ORDER);
76521      length ORDER $20;
MPRINT(EM_DIAGRAM):   length ORDER $20;
76522      label VARIABLE = "%sysfunc(sasmsg(sashelp.dmine, rpt_target_vlabel,  NOQUOTE))"
76522    ! EVENT = "%sysfunc(sasmsg(sashelp.dmine, assmt_event_vlabel, NOQUOTE))" NUMLEVELS =
76522    ! "%sysfunc(sasmsg(sashelp.dmine, rpt_numcat_vlabel, NOQUOTE))" LEVEL =
76523         "%sysfunc(sasmsg(sashelp.dmine, meta_level_vlabel, NOQUOTE))" ORDER =
76523    ! "%sysfunc(sasmsg(sashelp.dmine, meta_order_vlabel, NOQUOTE))" LABEL =
76523    ! "%sysfunc(sasmsg(sashelp.dmine, meta_label_vlabel, NOQUOTE))";
MPRINT(EM_DIAGRAM):   label VARIABLE = "Target" EVENT = "Event" NUMLEVELS = "Number of Levels" 
LEVEL = "Measurement Level" ORDER = "Order" LABEL = "Label";
76524      set EMWS1.IDS_ATTRITION_FLAG_DM( where=(_TYPE_="TARGET"));
MPRINT(EM_DIAGRAM):   set EMWS1.IDS_ATTRITION_FLAG_DM( where=(_TYPE_="TARGET"));
76525      NumLevels=2;
MPRINT(EM_DIAGRAM):   NumLevels=2;
76526      select(upcase(ORDER));
MPRINT(EM_DIAGRAM):   select(upcase(ORDER));
76527      when('DESC') ORDER = 'Descending';
MPRINT(EM_DIAGRAM):   when('DESC') ORDER = 'Descending';
76528      when('ASC') ORDER = 'Ascending';
MPRINT(EM_DIAGRAM):   when('ASC') ORDER = 'Ascending';
76529      when('FMTDESC') ORDER = 'Formatted Descending';
MPRINT(EM_DIAGRAM):   when('FMTDESC') ORDER = 'Formatted Descending';
76530      when('FMTASC') ORDER = 'Formatted Ascending';
MPRINT(EM_DIAGRAM):   when('FMTASC') ORDER = 'Formatted Ascending';
76531      otherwise ORDER = 'Descending';
MPRINT(EM_DIAGRAM):   otherwise ORDER = 'Descending';
76532      end;
MPRINT(EM_DIAGRAM):   end;
76533      output;
MPRINT(EM_DIAGRAM):   output;
76534      run;
MPRINT(EM_DIAGRAM):   run;

NOTE: There were 1 observations read from the data set EMWS1.IDS_ATTRITION_FLAG_DM.
      WHERE _TYPE_='TARGET';
NOTE: The data set WORK.REG2_EVENT has 1 observations and 6 variables.
NOTE: DATA statement used (Total process time):
      real time           0.01 seconds
      cpu time            0.01 seconds
      

76535      title9 ' ';
MPRINT(EM_DIAGRAM):   title9 ' ';
76536      proc print data=WORK.Reg2_EVENT noobs label;
MPRINT(EM_DIAGRAM):   proc print data=WORK.Reg2_EVENT noobs label;
76537      var VARIABLE EVENT LEVEL NUMLEVELS ORDER LABEL;
MPRINT(EM_DIAGRAM):   var VARIABLE EVENT LEVEL NUMLEVELS ORDER LABEL;
76538      title9 ' ';
MPRINT(EM_DIAGRAM):   title9 ' ';
76539      title10 "%sysfunc(sasmsg(sashelp.dmine, rpt_modelEvent_title  , NOQUOTE))";
MPRINT(EM_DIAGRAM):   title10 "Model Events";
MPRINT(EM_DIAGRAM):   run;
76540      run;

NOTE: There were 1 observations read from the data set WORK.REG2_EVENT.
NOTE: The PROCEDURE PRINT printed page 26.
NOTE: PROCEDURE PRINT used (Total process time):
      real time           0.01 seconds
      cpu time            0.01 seconds
      

76541      title10;
MPRINT(EM_DIAGRAM):   title10;
"No decisions defined for target "Attrition_Flag"." 
76542      proc print data = EMWS1.Ids_Attrition_Flag_DM noobs label;
MPRINT(EM_DIAGRAM):    proc print data = EMWS1.Ids_Attrition_Flag_DM noobs label;
76543      var _type_ variable label;
MPRINT(EM_DIAGRAM):   var _type_ variable label;
76544      where _type_ ^in('MATRIX', 'DECISION', 'TRAINPRIOR', 'DATAPRIOR', 'DECPRIOR');
MPRINT(EM_DIAGRAM):   where _type_ ^in('MATRIX', 'DECISION', 'TRAINPRIOR', 'DATAPRIOR', 
'DECPRIOR');
76545      label _TYPE_ = "%sysfunc(sasmsg(sashelp.dmine, rpt_type_vlabel,     NOQUOTE))"
76545    ! VARIABLE = "%sysfunc(sasmsg(sashelp.dmine, rpt_variable_vlabel, NOQUOTE))" LABEL =
76545    ! "%sysfunc(sasmsg(sashelp.dmine, meta_label_vlabel, NOQUOTE))";
MPRINT(EM_DIAGRAM):   label _TYPE_ = "Type" VARIABLE = "Variable" LABEL = "Label";
76546      title9 ' ';
MPRINT(EM_DIAGRAM):   title9 ' ';
76547      title10 "%sysfunc(sasmsg(sashelp.dmine, rpt_predDecVars_title  , NOQUOTE))";
MPRINT(EM_DIAGRAM):   title10 "Predicted and decision variables";
MPRINT(EM_DIAGRAM):   run;
76548      run;

NOTE: There were 7 observations read from the data set EMWS1.IDS_ATTRITION_FLAG_DM.
      WHERE _type_ not in ('DATAPRIOR', 'DECISION', 'DECPRIOR', 'MATRIX', 'TRAINPRIOR');
NOTE: The PROCEDURE PRINT printed page 27.
NOTE: PROCEDURE PRINT used (Total process time):
      real time           0.01 seconds
      cpu time            0.01 seconds
      

76549      title10;
MPRINT(EM_DIAGRAM):   title10;
MPRINT(EM_DIAGRAM):    *------------------------------------------------------------*;
MPRINT(EM_DIAGRAM):   * Reg2: Preparing metadata for Training 
*------------------------------------------------------------*;
MPRINT(EM_DIAGRAM):   data WORK.M0PHW59T;
MPRINT(EM_DIAGRAM):   set WORK.M0PHW59T;
MPRINT(EM_DIAGRAM):   where use = 'Y' or (role = 'INPUT' and use = 'D') ;
MPRINT(EM_DIAGRAM):   if (role = 'REJECTED') then role = 'INPUT';
MPRINT(EM_DIAGRAM):   if use = 'D' then use = 'Y';
MPRINT(EM_DIAGRAM):   run;
76559      data WORK.M0PHW59T;
MPRINT(EM_DIAGRAM):    data WORK.M0PHW59T;
76560      set WORK.M0PHW59T end=eof;
MPRINT(EM_DIAGRAM):   set WORK.M0PHW59T end=eof;
76561      output;
MPRINT(EM_DIAGRAM):   output;
76562      if eof then do;
MPRINT(EM_DIAGRAM):   if eof then do;
76563      NAME="";
MPRINT(EM_DIAGRAM):   NAME="";
76564      ROLE="COST";
MPRINT(EM_DIAGRAM):   ROLE="COST";
76565      LEVEL="INTERVAL";
MPRINT(EM_DIAGRAM):   LEVEL="INTERVAL";
76566      TYPE="N";
MPRINT(EM_DIAGRAM):   TYPE="N";
76567      output;
MPRINT(EM_DIAGRAM):   output;
76568      end;
MPRINT(EM_DIAGRAM):   end;
76569      run;
MPRINT(EM_DIAGRAM):   run;

NOTE: There were 12 observations read from the data set WORK.M0PHW59T.
NOTE: The data set WORK.M0PHW59T has 13 observations and 21 variables.
NOTE: DATA statement used (Total process time):
      real time           0.00 seconds
      cpu time            0.01 seconds
      

NOTE: There were 2 observations read from the data set EMWS1.IDS_ATTRITION_FLAG_DD.
NOTE: The data set WORK.ATTRITION_FLAG has 2 observations and 7 variables.
NOTE: There were 2 observations read from the data set EMWS1.IDS_ATTRITION_FLAG_DD.
NOTE: The data set WORK.ATTRITION_FLAG has 2 observations and 7 variables.
76570      *------------------------------------------------------------*;
MPRINT(EM_DIAGRAM):    *------------------------------------------------------------*;
76571      * Reg2: Create decision matrix;
MPRINT(EM_DIAGRAM):   * Reg2: Create decision matrix;
76572      *------------------------------------------------------------*;
MPRINT(EM_DIAGRAM):   *------------------------------------------------------------*;
76573      data WORK.Attrition_Flag;
MPRINT(EM_DIAGRAM):   data WORK.Attrition_Flag;
76574        length   Attrition_Flag                   $  32
76575                 COUNT                                8
76576                 DATAPRIOR                            8
76577                 TRAINPRIOR                           8
76578                 DECPRIOR                             8
76579                 DECISION1                            8
76580                 DECISION2                            8
76581                 ;
MPRINT(EM_DIAGRAM):   length Attrition_Flag $ 32 COUNT 8 DATAPRIOR 8 TRAINPRIOR 8 DECPRIOR 8 
DECISION1 8 DECISION2 8 ;
76582      
76583        label    COUNT="Level Counts"
76584                 DATAPRIOR="Data Proportions"
76585                 TRAINPRIOR="Training Proportions"
76586                 DECPRIOR="Decision Priors"
76587                 DECISION1="1"
76588                 DECISION2="0"
76589                 ;
MPRINT(EM_DIAGRAM):   label COUNT= "Level Counts" DATAPRIOR= "Data Proportions" TRAINPRIOR= 
"Training Proportions" DECPRIOR= "Decision Priors" DECISION1= "1" DECISION2= "0" ;
76590        format   COUNT 10.
76591                 ;
MPRINT(EM_DIAGRAM):   format COUNT 10. ;
76592      Attrition_Flag="1"; COUNT=1627; DATAPRIOR=0.16065962279055;
76592    ! TRAINPRIOR=0.16065962279055; DECPRIOR=.; DECISION1=1; DECISION2=0;
MPRINT(EM_DIAGRAM):   Attrition_Flag="1";
MPRINT(EM_DIAGRAM):   COUNT=1627;
MPRINT(EM_DIAGRAM):   DATAPRIOR=0.16065962279055;
MPRINT(EM_DIAGRAM):   TRAINPRIOR=0.16065962279055;
MPRINT(EM_DIAGRAM):   DECPRIOR=.;
MPRINT(EM_DIAGRAM):   DECISION1=1;
MPRINT(EM_DIAGRAM):   DECISION2=0;
76593      output;
MPRINT(EM_DIAGRAM):   output;
76594      Attrition_Flag="0"; COUNT=8500; DATAPRIOR=0.83934037720944;
76594    ! TRAINPRIOR=0.83934037720944; DECPRIOR=.; DECISION1=0; DECISION2=1;
MPRINT(EM_DIAGRAM):   Attrition_Flag="0";
MPRINT(EM_DIAGRAM):   COUNT=8500;
MPRINT(EM_DIAGRAM):   DATAPRIOR=0.83934037720944;
MPRINT(EM_DIAGRAM):   TRAINPRIOR=0.83934037720944;
MPRINT(EM_DIAGRAM):   DECPRIOR=.;
MPRINT(EM_DIAGRAM):   DECISION1=0;
MPRINT(EM_DIAGRAM):   DECISION2=1;
76595      output;
MPRINT(EM_DIAGRAM):   output;
76596      ;
MPRINT(EM_DIAGRAM):   ;
76597      run;
MPRINT(EM_DIAGRAM):   run;

NOTE: The data set WORK.ATTRITION_FLAG has 2 observations and 7 variables.
NOTE: DATA statement used (Total process time):
      real time           0.00 seconds
      cpu time            0.01 seconds
      

76598      proc datasets lib=work nolist;
MPRINT(EM_DIAGRAM):   proc datasets lib=work nolist;
76599      modify Attrition_Flag(type=PROFIT label=Attrition_Flag);
MPRINT(EM_DIAGRAM):   modify Attrition_Flag(type=PROFIT label= Attrition_Flag);
MPRINT(EM_DIAGRAM):   label DECISION1= '1';
MPRINT(EM_DIAGRAM):   label DECISION2= '0';
MPRINT(EM_DIAGRAM):   run;
76600      label DECISION1= '1';
76601      label DECISION2= '0';
76602      run;

NOTE: MODIFY was successful for WORK.ATTRITION_FLAG.DATA.
76603      quit;
MPRINT(EM_DIAGRAM):   quit;

NOTE: PROCEDURE DATASETS used (Total process time):
      real time           0.01 seconds
      cpu time            0.01 seconds
      

76604      data EM_DMREG / view=EM_DMREG;
MPRINT(EM_DIAGRAM):   data EM_DMREG / view=EM_DMREG;
76605      set EMWS1.Part_TRAIN(keep=
76606      Attrition_Flag G_Contacts_Count_12_mon G_Customer_Age G_Months_Inactive_12_mon
76607      G_Months_on_book G_Total_Relationship_Count G_Total_Trans_Ct
76608      RANGE_LOG_Total_Trans_Amt RANGE_SQRT_Avg_Utilization_Ratio
76609      RANGE_SQRT_Total_Amt_Chng_Q4_Q1 RANGE_SQRT_Total_Ct_Chng_Q4_Q1
76610      RANGE_Total_Revolving_Bal );
MPRINT(EM_DIAGRAM):   set EMWS1.Part_TRAIN(keep= Attrition_Flag G_Contacts_Count_12_mon 
G_Customer_Age G_Months_Inactive_12_mon G_Months_on_book G_Total_Relationship_Count 
G_Total_Trans_Ct RANGE_LOG_Total_Trans_Amt RANGE_SQRT_Avg_Utilization_Ratio 
RANGE_SQRT_Total_Amt_Chng_Q4_Q1 RANGE_SQRT_Total_Ct_Chng_Q4_Q1 RANGE_Total_Revolving_Bal );
76611      run;
MPRINT(EM_DIAGRAM):   run;

NOTE: DATA STEP view saved on file WORK.EM_DMREG.
NOTE: A stored DATA STEP view cannot run under a different operating system.
NOTE: DATA statement used (Total process time):
      real time           0.00 seconds
      cpu time            0.01 seconds
      

MPRINT(EM_DIAGRAM):   *------------------------------------------------------------* ;
MPRINT(EM_DIAGRAM):   * Reg2: DMDBClass Macro ;
MPRINT(EM_DIAGRAM):   *------------------------------------------------------------* ;
76612      *------------------------------------------------------------* ;
76613      * Reg2: DMDBClass Macro ;
76614      *------------------------------------------------------------* ;
76615      %macro DMDBClass;
76616          Attrition_Flag(DESC) G_Contacts_Count_12_mon(ASC) G_Customer_Age(ASC)
76617         G_Months_Inactive_12_mon(ASC) G_Months_on_book(ASC)
76618         G_Total_Relationship_Count(ASC) G_Total_Trans_Ct(ASC)
76619      %mend DMDBClass;
76620      *------------------------------------------------------------* ;
MPRINT(EM_DIAGRAM):   *------------------------------------------------------------* ;
76621      * Reg2: DMDBVar Macro ;
MPRINT(EM_DIAGRAM):   * Reg2: DMDBVar Macro ;
76622      *------------------------------------------------------------* ;
MPRINT(EM_DIAGRAM):   *------------------------------------------------------------* ;
76623      %macro DMDBVar;
76624          RANGE_LOG_Total_Trans_Amt RANGE_SQRT_Avg_Utilization_Ratio
76625         RANGE_SQRT_Total_Amt_Chng_Q4_Q1 RANGE_SQRT_Total_Ct_Chng_Q4_Q1
76626         RANGE_Total_Revolving_Bal
76627      %mend DMDBVar;
76628      *------------------------------------------------------------*;
MPRINT(EM_DIAGRAM):   *------------------------------------------------------------*;
76629      * Reg2: Create DMDB;
MPRINT(EM_DIAGRAM):   * Reg2: Create DMDB;
76630      *------------------------------------------------------------*;
MPRINT(EM_DIAGRAM):   *------------------------------------------------------------*;
76631      proc dmdb batch data=WORK.EM_DMREG
76632      dmdbcat=WORK.Reg2_DMDB
76633      maxlevel = 513
76634      ;
MPRINT(EM_DIAGRAM):   proc dmdb batch data=WORK.EM_DMREG dmdbcat=WORK.Reg2_DMDB maxlevel = 513 
;
MPRINT(EM_DIAGRAM):   class
76635      class %DMDBClass;
MPRINT(DMDBCLASS):   Attrition_Flag(DESC) G_Contacts_Count_12_mon(ASC) G_Customer_Age(ASC) 
G_Months_Inactive_12_mon(ASC) G_Months_on_book(ASC) G_Total_Relationship_Count(ASC) 
G_Total_Trans_Ct(ASC)
MPRINT(EM_DIAGRAM):  ;
MPRINT(EM_DIAGRAM):   var
76636      var %DMDBVar;
MPRINT(DMDBVAR):   RANGE_LOG_Total_Trans_Amt RANGE_SQRT_Avg_Utilization_Ratio 
RANGE_SQRT_Total_Amt_Chng_Q4_Q1 RANGE_SQRT_Total_Ct_Chng_Q4_Q1 RANGE_Total_Revolving_Bal
MPRINT(EM_DIAGRAM):  ;
76637      target
76638      Attrition_Flag
76639      ;
MPRINT(EM_DIAGRAM):   target Attrition_Flag ;
76640      run;
MPRINT(EM_DIAGRAM):   run;

NOTE: Records processed = 7594   Memory used = 511K.
NOTE: View WORK.EM_DMREG.VIEW used (Total process time):
      real time           0.11 seconds
      cpu time            0.11 seconds
      
NOTE: There were 7594 observations read from the data set EMWS1.PART_TRAIN.
NOTE: There were 7594 observations read from the data set WORK.EM_DMREG.
NOTE: PROCEDURE DMDB used (Total process time):
      real time           0.12 seconds
      cpu time            0.14 seconds
      

MPRINT(EM_DIAGRAM):   quit;
MPRINT(EM_DIAGRAM):   *--- end code ---*;
76641      quit;
76642      *--- end code ---*;

76643      *------------------------------------------------------------*;
MPRINT(EM_DIAGRAM):    *------------------------------------------------------------*;
76644      * Reg2: Run DMREG procedure;
MPRINT(EM_DIAGRAM):   * Reg2: Run DMREG procedure;
76645      *------------------------------------------------------------*;
MPRINT(EM_DIAGRAM):   *------------------------------------------------------------*;
76646      proc dmreg data=EM_DMREG dmdbcat=WORK.Reg2_DMDB
76647      validata = EMWS1.Part_VALIDATE
76648      outest = EMWS1.Reg2_EMESTIMATE
76649      outterms = EMWS1.Reg2_OUTTERMS
76650      outmap= EMWS1.Reg2_MAPDS namelen=200
76651      ;
MPRINT(EM_DIAGRAM):   proc dmreg data=EM_DMREG dmdbcat=WORK.Reg2_DMDB validata = 
EMWS1.Part_VALIDATE outest = EMWS1.Reg2_EMESTIMATE outterms = EMWS1.Reg2_OUTTERMS outmap= 
EMWS1.Reg2_MAPDS namelen=200 ;
76652      class
76653      Attrition_Flag
76654      G_Contacts_Count_12_mon
76655      G_Customer_Age
76656      G_Months_Inactive_12_mon
76657      G_Months_on_book
76658      G_Total_Relationship_Count
76659      G_Total_Trans_Ct
76660      ;
MPRINT(EM_DIAGRAM):   class Attrition_Flag G_Contacts_Count_12_mon G_Customer_Age 
G_Months_Inactive_12_mon G_Months_on_book G_Total_Relationship_Count G_Total_Trans_Ct ;
76661      model Attrition_Flag =
76662      G_Contacts_Count_12_mon
76663      G_Customer_Age
76664      G_Months_Inactive_12_mon
76665      G_Months_on_book
76666      G_Total_Relationship_Count
76667      G_Total_Trans_Ct
76668      RANGE_LOG_Total_Trans_Amt
76669      RANGE_SQRT_Avg_Utilization_Ratio
76670      RANGE_SQRT_Total_Amt_Chng_Q4_Q1
76671      RANGE_SQRT_Total_Ct_Chng_Q4_Q1
76672      RANGE_Total_Revolving_Bal
76673      /error=binomial link=LOGIT
76674      coding=DEVIATION
76675      nodesignprint
76676      selection=BACKWARD choose=NONE
76677      Hierarchy=CLASS
76678      Rule=NONE
76679      ;
MPRINT(EM_DIAGRAM):   model Attrition_Flag = G_Contacts_Count_12_mon G_Customer_Age 
G_Months_Inactive_12_mon G_Months_on_book G_Total_Relationship_Count G_Total_Trans_Ct 
RANGE_LOG_Total_Trans_Amt RANGE_SQRT_Avg_Utilization_Ratio RANGE_SQRT_Total_Amt_Chng_Q4_Q1 
RANGE_SQRT_Total_Ct_Chng_Q4_Q1 RANGE_Total_Revolving_Bal /error=binomial link=LOGIT 
coding=DEVIATION nodesignprint selection=BACKWARD choose=NONE Hierarchy=CLASS Rule=NONE ;
76680      ;
MPRINT(EM_DIAGRAM):   ;
76681      code
76681    ! file="D:\478\project\CreditCard_ChurnRate\Workspaces\EMWS1\Reg2\EMPUBLISHSCORE.sas"
76682      group=Reg2
76683      ;
MPRINT(EM_DIAGRAM):   code 
file="D:\478\project\CreditCard_ChurnRate\Workspaces\EMWS1\Reg2\EMPUBLISHSCORE.sas" group=Reg2 
;
76684      code
76684    ! file="D:\478\project\CreditCard_ChurnRate\Workspaces\EMWS1\Reg2\EMFLOWSCORE.sas"
76685      group=Reg2
76686      residual
76687      ;
MPRINT(EM_DIAGRAM):   code 
file="D:\478\project\CreditCard_ChurnRate\Workspaces\EMWS1\Reg2\EMFLOWSCORE.sas" group=Reg2 
residual ;
76688      run;
MPRINT(EM_DIAGRAM):   run;


NOTE: PROC DMREG is modeling the probability that Attrition_Flag='1'.
NOTE: Convergence criterion (GCONV=1E-6) satisfied.
NOTE: At least one element of the gradient is greater than 1e-3.
NOTE: External file 
      D:\478\project\CreditCard_ChurnRate\Workspaces\EMWS1\Reg2\EMPUBLISHSCORE.sas opened.
NOTE: External file D:\478\project\CreditCard_ChurnRate\Workspaces\EMWS1\Reg2\EMFLOWSCORE.sas 
      opened.
NOTE: View WORK.EM_DMREG.VIEW used (Total process time):
      real time           0.45 seconds
      cpu time            0.43 seconds
      
NOTE: There were 7594 observations read from the data set EMWS1.PART_TRAIN.
NOTE: There were 7594 observations read from the data set WORK.EM_DMREG.
NOTE: There were 2533 observations read from the data set EMWS1.PART_VALIDATE.
NOTE: The data set EMWS1.REG2_EMESTIMATE has 6 observations and 77 variables.
NOTE: The data set EMWS1.REG2_OUTTERMS has 41 observations and 6 variables.
NOTE: The data set EMWS1.REG2_MAPDS has 2 observations and 42 variables.
NOTE: The PROCEDURE DMREG printed pages 28-29.
NOTE: PROCEDURE DMREG used (Total process time):
      real time           0.48 seconds
      cpu time            0.47 seconds
      

MPRINT(EM_DIAGRAM):   quit;
76689      quit;

76690      proc datasets lib=WORK nolist;
MPRINT(EM_DIAGRAM):    proc datasets lib=WORK nolist;
76691      delete Reg2_DMDB;
MPRINT(EM_DIAGRAM):   delete Reg2_DMDB;
76692      run;
MPRINT(EM_DIAGRAM):   run;

NOTE: The file WORK.REG2_DMDB (memtype=DATA) was not found, but appears on a DELETE statement.
76693      quit;
MPRINT(EM_DIAGRAM):   quit;

NOTE: PROCEDURE DATASETS used (Total process time):
      real time           0.01 seconds
      cpu time            0.01 seconds
      

76694      proc datasets lib=WORK nolist;
MPRINT(EM_DIAGRAM):    proc datasets lib=WORK nolist;
76695      delete Reg2_DMDB / memtype=catalog;
MPRINT(EM_DIAGRAM):   delete Reg2_DMDB / memtype=catalog;
76696      run;
MPRINT(EM_DIAGRAM):   run;

NOTE: Deleting WORK.REG2_DMDB (memtype=CATALOG).
76697      quit;
MPRINT(EM_DIAGRAM):   quit;

NOTE: PROCEDURE DATASETS used (Total process time):
      real time           0.01 seconds
      cpu time            0.01 seconds
      

76698      data WORK.ESTIMATE;
MPRINT(EM_DIAGRAM):    data WORK.ESTIMATE;
76699      length _NAME_ $32;
MPRINT(EM_DIAGRAM):   length _NAME_ $32;
76700      set EMWS1.Reg2_EMESTIMATE;
MPRINT(EM_DIAGRAM):   set EMWS1.Reg2_EMESTIMATE;
76701      drop _AIC_--_VMISC_
76702      ;
MPRINT(EM_DIAGRAM):   drop _AIC_--_VMISC_ ;
76703      where _CHOSEN_ ne '' and _TYPE_ in('PARMS', 'T', 'P');
MPRINT(EM_DIAGRAM):   where _CHOSEN_ ne '' and _TYPE_ in('PARMS', 'T', 'P');
76704      drop _STEP_ _CHOSEN_;
MPRINT(EM_DIAGRAM):   drop _STEP_ _CHOSEN_;
76705      select(_TYPE_);
MPRINT(EM_DIAGRAM):   select(_TYPE_);
76706      when('PARMS') _NAME_='Coefficient';
MPRINT(EM_DIAGRAM):   when('PARMS') _NAME_='Coefficient';
76707      when('T') _NAME_='tValue';
MPRINT(EM_DIAGRAM):   when('T') _NAME_='tValue';
76708      when('P') _NAME_='PValue';
MPRINT(EM_DIAGRAM):   when('P') _NAME_='PValue';
76709      otherwise;
MPRINT(EM_DIAGRAM):   otherwise;
76710      end;
MPRINT(EM_DIAGRAM):   end;
76711      run;
MPRINT(EM_DIAGRAM):   run;

NOTE: There were 3 observations read from the data set EMWS1.REG2_EMESTIMATE.
      WHERE (_CHOSEN_ not = ' ') and _TYPE_ in ('P', 'PARMS', 'T');
NOTE: The data set WORK.ESTIMATE has 3 observations and 43 variables.
NOTE: DATA statement used (Total process time):
      real time           0.00 seconds
      cpu time            0.01 seconds
      

76712      proc transpose data=WORK.ESTIMATE out=WORK.ESTIMATE(rename=(_NAME_=Effect));
MPRINT(EM_DIAGRAM):   proc transpose data=WORK.ESTIMATE 
out=WORK.ESTIMATE(rename=(_NAME_=Effect));
76713      run;
MPRINT(EM_DIAGRAM):   run;

NOTE: There were 3 observations read from the data set WORK.ESTIMATE.
NOTE: The data set WORK.ESTIMATE has 41 observations and 5 variables.
NOTE: PROCEDURE TRANSPOSE used (Total process time):
      real time           0.01 seconds
      cpu time            0.00 seconds
      

76714      proc transpose data=EMWS1.Reg2_MAPDS out=WORK.MAP(rename=(_NAME_=Effect
76714    ! INPUT=Variable
76715      ));
MPRINT(EM_DIAGRAM):   proc transpose data=EMWS1.Reg2_MAPDS out=WORK.MAP(rename=(_NAME_=Effect 
INPUT=Variable ));
76716      var 'G_Contacts_Count_12_mon0'n--'RANGE_Total_Revolving_Bal'n;
MPRINT(EM_DIAGRAM):   var 'G_Contacts_Count_12_mon0'n--'RANGE_Total_Revolving_Bal'n;
76717      run;
MPRINT(EM_DIAGRAM):   run;

NOTE: There were 2 observations read from the data set EMWS1.REG2_MAPDS.
NOTE: The data set WORK.MAP has 40 observations and 4 variables.
NOTE: PROCEDURE TRANSPOSE used (Total process time):
      real time           0.02 seconds
      cpu time            0.03 seconds
      

76718      proc sort data=WORK.MAP;
MPRINT(EM_DIAGRAM):   proc sort data=WORK.MAP;
76719      by Effect;
MPRINT(EM_DIAGRAM):   by Effect;
76720      run;
MPRINT(EM_DIAGRAM):   run;

NOTE: There were 40 observations read from the data set WORK.MAP.
NOTE: The data set WORK.MAP has 40 observations and 4 variables.
NOTE: PROCEDURE SORT used (Total process time):
      real time           0.00 seconds
      cpu time            0.01 seconds
      

76721      proc sort data=WORK.ESTIMATE;
MPRINT(EM_DIAGRAM):   proc sort data=WORK.ESTIMATE;
76722      by Effect;
MPRINT(EM_DIAGRAM):   by Effect;
76723      run;
MPRINT(EM_DIAGRAM):   run;

NOTE: There were 41 observations read from the data set WORK.ESTIMATE.
NOTE: The data set WORK.ESTIMATE has 41 observations and 5 variables.
NOTE: PROCEDURE SORT used (Total process time):
      real time           0.00 seconds
      cpu time            0.00 seconds
      

76724      data EMWS1.Reg2_EFFECTS(rename=(_LABEL_=EffectLabel));
MPRINT(EM_DIAGRAM):   data EMWS1.Reg2_EFFECTS(rename=(_LABEL_=EffectLabel));
76725      length Variable ClassLevel $32;
MPRINT(EM_DIAGRAM):   length Variable ClassLevel $32;
76726      merge WORK.ESTIMATE WORK.MAP;
MPRINT(EM_DIAGRAM):   merge WORK.ESTIMATE WORK.MAP;
76727      by Effect;
MPRINT(EM_DIAGRAM):   by Effect;
76728      label Effect = "%sysfunc(sasmsg(sashelp.dmine, rpt_effect_vlabel, NOQUOTE))"
76728    ! Variable = "%sysfunc(sasmsg(sashelp.dmine, rpt_variable_vlabel, NOQUOTE))" Sign =
76728    ! "%sysfunc(sasmsg(sashelp.dmine, rpt_sign_vlabel, NOQUOTE))" ClassLevel =
76729         "%sysfunc(sasmsg(sashelp.dmine, rpt_level_vlabel, NOQUOTE))" Abscoefficient =
76729    ! "%sysfunc(sasmsg(sashelp.dmine, rpt_abscoefficient_vlabel, NOQUOTE))" Coefficient =
76729    ! "%sysfunc(sasmsg(sashelp.dmine, rpt_coefficient_vlabel, NOQUOTE))" _LABEL_ =
76730         "%sysfunc(sasmsg(sashelp.dmine, rpt_effectLabel_vlabel, NOQUOTE))" CODE =
76730    ! "%sysfunc(sasmsg(sashelp.dmine, rpt_scorecodevar_vlabel, NOQUOTE))";
MPRINT(EM_DIAGRAM):   label Effect = "Effect" Variable = "Variable" Sign = "Sign" ClassLevel = 
"Level" Abscoefficient = "Absolute Coefficient" Coefficient = "Coefficient" _LABEL_ = "Effect 
Label" CODE = "Score Code Variable";
76731      label tvalue = "%sysfunc(sasmsg(sashelp.dmine, rpt_tvalue_vlabel,         NOQUOTE))"
76731    !  abstvalue = "%sysfunc(sasmsg(sashelp.dmine, rpt_absoluteTvalue_vlabel, NOQUOTE))"
76731    ! PValue = "%sysfunc(sasmsg(sashelp.dmine, rpt_pvalue_vlabel,         NOQUOTE))";
MPRINT(EM_DIAGRAM):   label tvalue = "T-value" abstvalue = "Absolute T-value" PValue = "P 
Value";
76732      abstvalue = abs(tValue);
MPRINT(EM_DIAGRAM):   abstvalue = abs(tValue);
76733      if index(Effect, 'Intercept') then do;
MPRINT(EM_DIAGRAM):   if index(Effect, 'Intercept') then do;
76734      variable = 'Intercept';
MPRINT(EM_DIAGRAM):   variable = 'Intercept';
76735      classLevel = scan(_LABEL_, 2, '=');
MPRINT(EM_DIAGRAM):   classLevel = scan(_LABEL_, 2, '=');
76736      end;
MPRINT(EM_DIAGRAM):   end;
76737      if ^indexc(variable, '*') then do;
MPRINT(EM_DIAGRAM):   if ^indexc(variable, '*') then do;
76738      if length(effect)>length(variable) then classlevel = substr(Effect,
76738    ! length(variable)+1);
MPRINT(EM_DIAGRAM):   if length(effect)>length(variable) then classlevel = substr(Effect, 
length(variable)+1);
76739      end;
MPRINT(EM_DIAGRAM):   end;
76740      if Effect eq '' then Effect = Variable;
MPRINT(EM_DIAGRAM):   if Effect eq '' then Effect = Variable;
76741      if coefficient < 0 then sign = '-';
MPRINT(EM_DIAGRAM):   if coefficient < 0 then sign = '-';
76742      else sign = '+';
MPRINT(EM_DIAGRAM):   else sign = '+';
76743      abscoefficient = abs(coefficient);
MPRINT(EM_DIAGRAM):   abscoefficient = abs(coefficient);
76744      if _LABEL_ = '' then _LABEL_ = Effect;
MPRINT(EM_DIAGRAM):   if _LABEL_ = '' then _LABEL_ = Effect;
76745      if coefficient ne . then output;
MPRINT(EM_DIAGRAM):   if coefficient ne . then output;
76746      run;
MPRINT(EM_DIAGRAM):   run;

NOTE: There were 41 observations read from the data set WORK.ESTIMATE.
NOTE: There were 40 observations read from the data set WORK.MAP.
NOTE: The data set EMWS1.REG2_EFFECTS has 41 observations and 11 variables.
NOTE: DATA statement used (Total process time):
      real time           0.03 seconds
      cpu time            0.03 seconds
      

76747      proc sort data =EMWS1.Reg2_EFFECTS;
MPRINT(EM_DIAGRAM):    proc sort data =EMWS1.Reg2_EFFECTS;
76748      by
76749      descending abstvalue;
MPRINT(EM_DIAGRAM):   by descending abstvalue;
76750      run;
MPRINT(EM_DIAGRAM):   run;

NOTE: There were 41 observations read from the data set EMWS1.REG2_EFFECTS.
NOTE: The data set EMWS1.REG2_EFFECTS has 41 observations and 11 variables.
NOTE: PROCEDURE SORT used (Total process time):
      real time           0.00 seconds
      cpu time            0.01 seconds
      

76751      data EMWS1.Reg2_EFFECTS;
MPRINT(EM_DIAGRAM):   data EMWS1.Reg2_EFFECTS;
76752      set EMWS1.Reg2_EFFECTS;
MPRINT(EM_DIAGRAM):   set EMWS1.Reg2_EFFECTS;
76753      format TEffectNum 3.;
MPRINT(EM_DIAGRAM):   format TEffectNum 3.;
76754      label TEffectNum = "%sysfunc(sasmsg(sashelp.dmine, rpt_teffectnum_vlabel, NOQUOTE))"
76754    ! ;
MPRINT(EM_DIAGRAM):   label TEffectNum = "TScore Number";
76755      retain TEffectNum;
MPRINT(EM_DIAGRAM):   retain TEffectNum;
76756      TEffectNum = _N_;
MPRINT(EM_DIAGRAM):   TEffectNum = _N_;
76757      run;
MPRINT(EM_DIAGRAM):   run;

NOTE: There were 41 observations read from the data set EMWS1.REG2_EFFECTS.
NOTE: The data set EMWS1.REG2_EFFECTS has 41 observations and 12 variables.
NOTE: DATA statement used (Total process time):
      real time           0.00 seconds
      cpu time            0.00 seconds
      

76758      proc sort data =EMWS1.Reg2_EFFECTS;
MPRINT(EM_DIAGRAM):    proc sort data =EMWS1.Reg2_EFFECTS;
76759      by
76760      descending absCoefficient;
MPRINT(EM_DIAGRAM):   by descending absCoefficient;
76761      run;
MPRINT(EM_DIAGRAM):   run;

NOTE: There were 41 observations read from the data set EMWS1.REG2_EFFECTS.
NOTE: The data set EMWS1.REG2_EFFECTS has 41 observations and 12 variables.
NOTE: PROCEDURE SORT used (Total process time):
      real time           0.00 seconds
      cpu time            0.01 seconds
      

76762      data EMWS1.Reg2_EFFECTS;
MPRINT(EM_DIAGRAM):   data EMWS1.Reg2_EFFECTS;
76763      set EMWS1.Reg2_EFFECTS;
MPRINT(EM_DIAGRAM):   set EMWS1.Reg2_EFFECTS;
76764      format EffectNum 3.;
MPRINT(EM_DIAGRAM):   format EffectNum 3.;
76765      label EffectNum = "%sysfunc(sasmsg(sashelp.dmine, rpt_effectnum_vlabel, NOQUOTE))";
MPRINT(EM_DIAGRAM):   label EffectNum = "Effect Number";
76766      retain EffectNum;
MPRINT(EM_DIAGRAM):   retain EffectNum;
76767      EffectNum = _N_;
MPRINT(EM_DIAGRAM):   EffectNum = _N_;
76768      run;
MPRINT(EM_DIAGRAM):   run;

NOTE: There were 41 observations read from the data set EMWS1.REG2_EFFECTS.
NOTE: The data set EMWS1.REG2_EFFECTS has 41 observations and 13 variables.
NOTE: DATA statement used (Total process time):
      real time           0.00 seconds
      cpu time            0.00 seconds
      

76769      proc transpose data=EMWS1.Reg2_EMESTIMATE
76769    ! out=EMWS1.Reg2_ESTIMATEGRID(rename=(PARMS=Coefficient T=TValue _NAME_=Effect
76769    ! _LABEL_=EffectLabel));
MPRINT(EM_DIAGRAM):    proc transpose data=EMWS1.Reg2_EMESTIMATE 
out=EMWS1.Reg2_ESTIMATEGRID(rename=(PARMS=Coefficient T=TValue _NAME_=Effect 
_LABEL_=EffectLabel));
76770      where _CHOSEN_ eq '' and _TYPE_ in('PARMS', 'T', 'P');
MPRINT(EM_DIAGRAM):   where _CHOSEN_ eq '' and _TYPE_ in('PARMS', 'T', 'P');
76771      var 'G_Contacts_Count_12_mon0'n--'RANGE_Total_Revolving_Bal'n;
MPRINT(EM_DIAGRAM):   var 'G_Contacts_Count_12_mon0'n--'RANGE_Total_Revolving_Bal'n;
76772      by _STEP_;
MPRINT(EM_DIAGRAM):   by _STEP_;
76773      id _TYPE_;
MPRINT(EM_DIAGRAM):   id _TYPE_;
76774      run;
MPRINT(EM_DIAGRAM):   run;

NOTE: There were 3 observations read from the data set EMWS1.REG2_EMESTIMATE.
      WHERE (_CHOSEN_=' ') and _TYPE_ in ('P', 'PARMS', 'T');
NOTE: The data set EMWS1.REG2_ESTIMATEGRID has 40 observations and 6 variables.
NOTE: PROCEDURE TRANSPOSE used (Total process time):
      real time           0.01 seconds
      cpu time            0.00 seconds
      

76775      data EMWS1.Reg2_ESTIMATEGRID;
MPRINT(EM_DIAGRAM):    data EMWS1.Reg2_ESTIMATEGRID;
76776      set EMWS1.Reg2_ESTIMATEGRID;
MPRINT(EM_DIAGRAM):   set EMWS1.Reg2_ESTIMATEGRID;
76777      if EffectLabel eq '' then EffectLabel = Effect;
MPRINT(EM_DIAGRAM):   if EffectLabel eq '' then EffectLabel = Effect;
76778      label EffectLabel = "%sysfunc(sasmsg(sashelp.dmine, rpt_effectLabel_vlabel,
76778    ! NOQUOTE))" Effect = "%sysfunc(sasmsg(sashelp.dmine, rpt_effect_vlabel, NOQUOTE))"
76778    ! Abscoefficient = "%sysfunc(sasmsg(sashelp.dmine, rpt_abscoefficient_vlabel,
76778    ! NOQUOTE))"
76779         Coefficient = "%sysfunc(sasmsg(sashelp.dmine, rpt_coefficient_vlabel, NOQUOTE))"
76779    ! tvalue = "%sysfunc(sasmsg(sashelp.dmine, rpt_tvalue_vlabel,         NOQUOTE))"
76779    ! abstvalue = "%sysfunc(sasmsg(sashelp.dmine, rpt_absoluteTvalue_vlabel, NOQUOTE))"
76779    ! PValue =
76780         "%sysfunc(sasmsg(sashelp.dmine, rpt_pvalue_vlabel,         NOQUOTE))";
MPRINT(EM_DIAGRAM):   label EffectLabel = "Effect Label" Effect = "Effect" Abscoefficient = 
"Absolute Coefficient" Coefficient = "Coefficient" tvalue = "T-value" abstvalue = "Absolute 
T-value" PValue = "P Value";
76781      AbsCoefficient = abs(Coefficient);
MPRINT(EM_DIAGRAM):   AbsCoefficient = abs(Coefficient);
76782      AbsTValue = abs(TValue);
MPRINT(EM_DIAGRAM):   AbsTValue = abs(TValue);
76783      where coefficient ne .;
MPRINT(EM_DIAGRAM):   where coefficient ne .;
76784      run;
MPRINT(EM_DIAGRAM):   run;

NOTE: Variable PValue is uninitialized.
NOTE: There were 40 observations read from the data set EMWS1.REG2_ESTIMATEGRID.
      WHERE coefficient not = .;
NOTE: The data set EMWS1.REG2_ESTIMATEGRID has 40 observations and 8 variables.
NOTE: DATA statement used (Total process time):
      real time           0.01 seconds
      cpu time            0.01 seconds
      

MPRINT(EM_DIAGRAM):    proc printto;
MPRINT(EM_DIAGRAM):   run;
