 
                                                                                               
 
 
Variable Summary

          Measurement    Frequency
 Role        Level         Count

INPUT      INTERVAL          5    
INPUT      NOMINAL           6    
TARGET     BINARY            1    
 
                                                                                               
 
 
Model Events

                                          Number
                           Measurement      of
    Target        Event       Level       Levels      Order       Label

Attrition_Flag      1        BINARY          2      Descending         
 
                                                                                               
 
 
Predicted and decision variables

Type             Variable                    Label

TARGET       Attrition_Flag                                  
PREDICTED    P_Attrition_Flag1    Predicted: Attrition_Flag=1
RESIDUAL     R_Attrition_Flag1    Residual: Attrition_Flag=1 
PREDICTED    P_Attrition_Flag0    Predicted: Attrition_Flag=0
RESIDUAL     R_Attrition_Flag0    Residual: Attrition_Flag=0 
FROM         F_Attrition_Flag     From: Attrition_Flag       
INTO         I_Attrition_Flag     Into: Attrition_Flag       
 
                                                                                               
 
 

The DMREG Procedure

                Model Information

Training Data Set              WORK.EM_DMREG.VIEW
DMDB Catalog                   WORK.REG2_DMDB    
Target Variable                Attrition_Flag    
Target Measurement Level       Ordinal           
Number of Target Categories    2                 
Error                          MBernoulli        
Link Function                  Logit             
Number of Model Parameters     41                
Number of Observations         7594              


            Target Profile
 
 Ordered     Attrition_         Total
   Value     Flag           Frequency

       1     1                   1220
       2     0                   6374




Backward Elimination Procedure


Step 0: The following effects were entered.

Intercept  G_Contacts_Count_12_mon  G_Customer_Age  G_Months_Inactive_12_mon  G_Months_on_book 
 G_Total_Relationship_Count  G_Total_Trans_Ct  RANGE_LOG_Total_Trans_Amt  
RANGE_SQRT_Avg_Utilization_Ratio  RANGE_SQRT_Total_Amt_Chng_Q4_Q1  
RANGE_SQRT_Total_Ct_Chng_Q4_Q1  RANGE_Total_Revolving_Bal  
 
                                                                                               
 
 

The DMREG Procedure

Dual Quasi-Newton Optimization

Dual Broyden - Fletcher - Goldfarb - Shanno Update (DBFGS)

Parameter Estimates              41

                                      Optimization Start

Active Constraints                           0  Objective Function                3347.0658366
Max Abs Gradient Element           599.0624177                                                


                                                       Objective   Max Abs            Slope of
                 Function       Active      Objective   Function  Gradient     Step     Search
Iter   Restarts     Calls  Constraints       Function     Change   Element     Size  Direction

   1          0         5            0           1963     1383.8     508.0    0.905    -3234.3
   2          0         9            0           1693      270.4     127.9    2.000     -312.3
   3          0        13            0           1607    85.7092   43.5039    2.000    -86.449
   4          0        17            0           1584    22.6437   25.9864    2.256    -19.954
   5          0        21            0           1579     5.4139   14.1027    2.000     -5.597
   6          0        24            0           1577     2.0299    4.3295    2.741     -1.468
   7          0        27            0           1577     0.4007    1.7765    1.614     -0.475
   8          0        30            0           1577     0.0609    0.5091    2.089    -0.0576
   9          0        33            0           1577     0.0293    0.4954    3.190    -0.0185
  10          0        35            0           1577     0.0279    1.5852    5.157    -0.0142
  11          0        37            0           1576     0.0371    0.5633    2.751    -0.0253
  12          0        39            0           1576     0.0464    0.4389    3.833    -0.0242
  13          0        42            0           1576     0.0257    0.5857    3.471    -0.0160
  14          0        45            0           1576     0.0122    0.5543    2.343    -0.0107
  15          0        48            0           1576    0.00710    0.2406    3.249    -0.0046
  16          0        51            0           1576    0.00233    0.1322    2.495    -0.0020
  17          0        54            0           1576    0.00105    0.1266    2.783    -0.0008

                                     Optimization Results

Iterations                                  17  Function Calls                              56
Gradient Calls                              24  Active Constraints                           0
Objective Function                1576.4041692  Max Abs Gradient Element           0.126588188
Slope of Search Direction         -0.000795252                                                

Convergence criterion (GCONV=1E-6) satisfied.                                                  

NOTE: At least one element of the gradient is greater than 1e-3.



     Likelihood Ratio Test for Global Null Hypothesis: BETA=0
 
     -2 Log Likelihood          Likelihood
  Intercept     Intercept &          Ratio
       Only      Covariates     Chi-Square       DF     Pr > ChiSq

   6694.132        3152.808      3541.3233       40         <.0001


                     Type 3 Analysis of Effects
 
                                                  Wald
Effect                                DF    Chi-Square    Pr > ChiSq

G_Contacts_Count_12_mon                4       90.9728        <.0001
G_Customer_Age                        10       59.1934        <.0001
G_Months_Inactive_12_mon               4      125.6169        <.0001
G_Months_on_book                       8       36.8424        <.0001
G_Total_Relationship_Count             2      237.6844        <.0001
G_Total_Trans_Ct                       7      596.9710        <.0001
RANGE_LOG_Total_Trans_Amt              1      134.7924        <.0001
RANGE_SQRT_Avg_Utilization_Ratio       1        9.9346        0.0016
RANGE_SQRT_Total_Amt_Chng_Q4_Q1        1        4.2701        0.0388
RANGE_SQRT_Total_Ct_Chng_Q4_Q1         1      172.9904        <.0001
RANGE_Total_Revolving_Bal              1       53.6118        <.0001


                         Analysis of Maximum Likelihood Estimates
 
                                                Standard       Wald            Standardized
Parameter                           DF Estimate    Error Chi-Square Pr > ChiSq     Estimate

Intercept                            1   7.1910   5.8913       1.49     0.2222             
G_Contacts_Count_12_mon          0   1  10.3818  23.4769       0.20     0.6583             
G_Contacts_Count_12_mon          1   1  -1.4988   5.8734       0.07     0.7986             
G_Contacts_Count_12_mon          2   1  -2.3580   5.8698       0.16     0.6879             
G_Contacts_Count_12_mon          3   1  -2.9725   5.8700       0.26     0.6126             
G_Customer_Age                   0   1   2.2228   2.0881       1.13     0.2871             
G_Customer_Age                   1   1   0.5540   0.3959       1.96     0.1617             
G_Customer_Age                   2   1   0.3676   0.3123       1.39     0.2392             
G_Customer_Age                   3   1   0.7353   0.3270       5.06     0.0245             
G_Customer_Age                   4   1   0.2872   0.2668       1.16     0.2816             
G_Customer_Age                   5   1   0.3494   0.2675       1.71     0.1914             
G_Customer_Age                   6   1   0.0235   0.2606       0.01     0.9281             
G_Customer_Age                   7   1   0.0266   0.2696       0.01     0.9215             
G_Customer_Age                   8   1  -0.5231   0.2909       3.23     0.0722             
G_Customer_Age                   9   1  -1.5895   0.4012      15.70     <.0001             
G_Months_Inactive_12_mon         0   1   1.9344   0.6468       8.94     0.0028             
G_Months_Inactive_12_mon         1   1   0.2555   0.2285       1.25     0.2635             
G_Months_Inactive_12_mon         2   1  -0.0520   0.1778       0.09     0.7700             
G_Months_Inactive_12_mon         3   1  -0.4366   0.1806       5.84     0.0156             
G_Months_on_book                 0   1   0.3302   0.3499       0.89     0.3452             
G_Months_on_book                 1   1   1.8741   0.4335      18.69     <.0001             
G_Months_on_book                 2   1   0.0514   0.1362       0.14     0.7058             
G_Months_on_book                 3   1  -0.0253   0.1138       0.05     0.8239             
G_Months_on_book                 4   1  -0.1979   0.1622       1.49     0.2226             
G_Months_on_book                 5   1  -0.3653   0.1569       5.42     0.0199             
G_Months_on_book                 6   1  -0.3993   0.1410       8.02     0.0046             
G_Months_on_book                 7   1  -0.3942   0.1697       5.40     0.0202             
G_Total_Relationship_Count       0   1   1.3258   0.0924     205.71     <.0001             
G_Total_Relationship_Count       1   1  -0.4600   0.0779      34.91     <.0001             
G_Total_Trans_Ct                 0   1   4.8337   0.7511      41.42     <.0001             
G_Total_Trans_Ct                 1   1   1.5850   0.1708      86.11     <.0001             
G_Total_Trans_Ct                 2   1   1.0411   0.1568      44.07     <.0001             
G_Total_Trans_Ct                 3   1   0.7657   0.1685      20.65     <.0001             
G_Total_Trans_Ct                 4   1   0.2265   0.1723       1.73     0.1888             
G_Total_Trans_Ct                 5   1  -0.2432   0.1479       2.71     0.0999             
G_Total_Trans_Ct                 6   1  -2.4060   0.1615     221.86     <.0001             
RANGE_LOG_Total_Trans_Amt            1   5.6443   0.4862     134.79     <.0001       0.6189
RANGE_SQRT_Avg_Utilization_Ratio     1  -0.7801   0.2475       9.93     0.0016      -0.1347
RANGE_SQRT_Total_Amt_Chng_Q4_Q1      1  -1.5306   0.7407       4.27     0.0388      -0.0548
RANGE_SQRT_Total_Ct_Chng_Q4_Q1       1  -9.5849   0.7287     172.99     <.0001      -0.3732
RANGE_Total_Revolving_Bal            1  -1.6585   0.2265      53.61     <.0001      -0.2965

  Analysis of Maximum Likelihood Estimates
 
Parameter                           Exp(Est)

Intercept                            999.000
G_Contacts_Count_12_mon          0   999.000
G_Contacts_Count_12_mon          1     0.223
G_Contacts_Count_12_mon          2     0.095
G_Contacts_Count_12_mon          3     0.051
G_Customer_Age                   0     9.233
G_Customer_Age                   1     1.740
G_Customer_Age                   2     1.444
G_Customer_Age                   3     2.086
G_Customer_Age                   4     1.333
G_Customer_Age                   5     1.418
G_Customer_Age                   6     1.024
G_Customer_Age                   7     1.027
G_Customer_Age                   8     0.593
G_Customer_Age                   9     0.204
G_Months_Inactive_12_mon         0     6.920
G_Months_Inactive_12_mon         1     1.291
G_Months_Inactive_12_mon         2     0.949
G_Months_Inactive_12_mon         3     0.646
G_Months_on_book                 0     1.391
G_Months_on_book                 1     6.515
G_Months_on_book                 2     1.053
G_Months_on_book                 3     0.975
G_Months_on_book                 4     0.820
G_Months_on_book                 5     0.694
G_Months_on_book                 6     0.671
G_Months_on_book                 7     0.674
G_Total_Relationship_Count       0     3.765
G_Total_Relationship_Count       1     0.631
G_Total_Trans_Ct                 0   125.681
G_Total_Trans_Ct                 1     4.879
G_Total_Trans_Ct                 2     2.832
G_Total_Trans_Ct                 3     2.150
G_Total_Trans_Ct                 4     1.254
G_Total_Trans_Ct                 5     0.784
G_Total_Trans_Ct                 6     0.090
RANGE_LOG_Total_Trans_Amt            282.688
RANGE_SQRT_Avg_Utilization_Ratio       0.458
RANGE_SQRT_Total_Amt_Chng_Q4_Q1        0.216
RANGE_SQRT_Total_Ct_Chng_Q4_Q1         0.000
RANGE_Total_Revolving_Bal              0.190


                Odds Ratio Estimates
                          
                                                Point
Effect                                       Estimate

G_Contacts_Count_12_mon          0 vs 4       999.000
G_Contacts_Count_12_mon          1 vs 4         7.797
G_Contacts_Count_12_mon          2 vs 4         3.302
G_Contacts_Count_12_mon          3 vs 4         1.786
G_Customer_Age                   0 vs 10      107.415
G_Customer_Age                   1 vs 10       20.244
G_Customer_Age                   2 vs 10       16.802
G_Customer_Age                   3 vs 10       24.269
G_Customer_Age                   4 vs 10       15.504
G_Customer_Age                   5 vs 10       16.500
G_Customer_Age                   6 vs 10       11.910
G_Customer_Age                   7 vs 10       11.947
G_Customer_Age                   8 vs 10        6.895
G_Customer_Age                   9 vs 10        2.374
G_Months_Inactive_12_mon         0 vs 4        37.930
G_Months_Inactive_12_mon         1 vs 4         7.076
G_Months_Inactive_12_mon         2 vs 4         5.203
G_Months_Inactive_12_mon         3 vs 4         3.542
G_Months_on_book                 0 vs 8         3.333
G_Months_on_book                 1 vs 8        15.608
G_Months_on_book                 2 vs 8         2.522
G_Months_on_book                 3 vs 8         2.336
G_Months_on_book                 4 vs 8         1.966
G_Months_on_book                 5 vs 8         1.663
G_Months_on_book                 6 vs 8         1.607
G_Months_on_book                 7 vs 8         1.615
G_Total_Relationship_Count       0 vs 2         8.950
G_Total_Relationship_Count       1 vs 2         1.501
G_Total_Trans_Ct                 0 vs 7       999.000
G_Total_Trans_Ct                 1 vs 7       999.000
G_Total_Trans_Ct                 2 vs 7       937.995
G_Total_Trans_Ct                 3 vs 7       712.174
G_Total_Trans_Ct                 4 vs 7       415.353
G_Total_Trans_Ct                 5 vs 7       259.671
G_Total_Trans_Ct                 6 vs 7        29.864
RANGE_LOG_Total_Trans_Amt                     282.688
RANGE_SQRT_Avg_Utilization_Ratio                0.458
RANGE_SQRT_Total_Amt_Chng_Q4_Q1                 0.216
RANGE_SQRT_Total_Ct_Chng_Q4_Q1                 <0.001
RANGE_Total_Revolving_Bal                       0.190


NOTE: No (additional) effects met the 0.05 significance level for removal from the model.




The selected model is the model trained in the last step (Step 0). It consists of the 
following effects:

Intercept  G_Contacts_Count_12_mon  G_Customer_Age  G_Months_Inactive_12_mon  G_Months_on_book 
 G_Total_Relationship_Count  G_Total_Trans_Ct  RANGE_LOG_Total_Trans_Amt  
RANGE_SQRT_Avg_Utilization_Ratio  RANGE_SQRT_Total_Amt_Chng_Q4_Q1  
RANGE_SQRT_Total_Ct_Chng_Q4_Q1  RANGE_Total_Revolving_Bal  


     Likelihood Ratio Test for Global Null Hypothesis: BETA=0
 
     -2 Log Likelihood          Likelihood
  Intercept     Intercept &          Ratio
       Only      Covariates     Chi-Square       DF     Pr > ChiSq

   6694.132        3152.808      3541.3233       40         <.0001


                     Type 3 Analysis of Effects
 
                                                  Wald
Effect                                DF    Chi-Square    Pr > ChiSq

G_Contacts_Count_12_mon                4       90.9728        <.0001
G_Customer_Age                        10       59.1934        <.0001
G_Months_Inactive_12_mon               4      125.6169        <.0001
G_Months_on_book                       8       36.8424        <.0001
G_Total_Relationship_Count             2      237.6844        <.0001
G_Total_Trans_Ct                       7      596.9710        <.0001
RANGE_LOG_Total_Trans_Amt              1      134.7924        <.0001
RANGE_SQRT_Avg_Utilization_Ratio       1        9.9346        0.0016
RANGE_SQRT_Total_Amt_Chng_Q4_Q1        1        4.2701        0.0388
RANGE_SQRT_Total_Ct_Chng_Q4_Q1         1      172.9904        <.0001
RANGE_Total_Revolving_Bal              1       53.6118        <.0001


                         Analysis of Maximum Likelihood Estimates
 
                                                Standard       Wald            Standardized
Parameter                           DF Estimate    Error Chi-Square Pr > ChiSq     Estimate

Intercept                            1   7.1910   5.8913       1.49     0.2222             
G_Contacts_Count_12_mon          0   1  10.3818  23.4769       0.20     0.6583             
G_Contacts_Count_12_mon          1   1  -1.4988   5.8734       0.07     0.7986             
G_Contacts_Count_12_mon          2   1  -2.3580   5.8698       0.16     0.6879             
G_Contacts_Count_12_mon          3   1  -2.9725   5.8700       0.26     0.6126             
G_Customer_Age                   0   1   2.2228   2.0881       1.13     0.2871             
G_Customer_Age                   1   1   0.5540   0.3959       1.96     0.1617             
G_Customer_Age                   2   1   0.3676   0.3123       1.39     0.2392             
G_Customer_Age                   3   1   0.7353   0.3270       5.06     0.0245             
G_Customer_Age                   4   1   0.2872   0.2668       1.16     0.2816             
G_Customer_Age                   5   1   0.3494   0.2675       1.71     0.1914             
G_Customer_Age                   6   1   0.0235   0.2606       0.01     0.9281             
G_Customer_Age                   7   1   0.0266   0.2696       0.01     0.9215             
G_Customer_Age                   8   1  -0.5231   0.2909       3.23     0.0722             
G_Customer_Age                   9   1  -1.5895   0.4012      15.70     <.0001             
G_Months_Inactive_12_mon         0   1   1.9344   0.6468       8.94     0.0028             
G_Months_Inactive_12_mon         1   1   0.2555   0.2285       1.25     0.2635             
G_Months_Inactive_12_mon         2   1  -0.0520   0.1778       0.09     0.7700             
G_Months_Inactive_12_mon         3   1  -0.4366   0.1806       5.84     0.0156             
G_Months_on_book                 0   1   0.3302   0.3499       0.89     0.3452             
G_Months_on_book                 1   1   1.8741   0.4335      18.69     <.0001             
G_Months_on_book                 2   1   0.0514   0.1362       0.14     0.7058             
G_Months_on_book                 3   1  -0.0253   0.1138       0.05     0.8239             
G_Months_on_book                 4   1  -0.1979   0.1622       1.49     0.2226             
G_Months_on_book                 5   1  -0.3653   0.1569       5.42     0.0199             
G_Months_on_book                 6   1  -0.3993   0.1410       8.02     0.0046             
G_Months_on_book                 7   1  -0.3942   0.1697       5.40     0.0202             
G_Total_Relationship_Count       0   1   1.3258   0.0924     205.71     <.0001             
G_Total_Relationship_Count       1   1  -0.4600   0.0779      34.91     <.0001             
G_Total_Trans_Ct                 0   1   4.8337   0.7511      41.42     <.0001             
G_Total_Trans_Ct                 1   1   1.5850   0.1708      86.11     <.0001             
G_Total_Trans_Ct                 2   1   1.0411   0.1568      44.07     <.0001             
G_Total_Trans_Ct                 3   1   0.7657   0.1685      20.65     <.0001             
G_Total_Trans_Ct                 4   1   0.2265   0.1723       1.73     0.1888             
G_Total_Trans_Ct                 5   1  -0.2432   0.1479       2.71     0.0999             
G_Total_Trans_Ct                 6   1  -2.4060   0.1615     221.86     <.0001             
RANGE_LOG_Total_Trans_Amt            1   5.6443   0.4862     134.79     <.0001       0.6189
RANGE_SQRT_Avg_Utilization_Ratio     1  -0.7801   0.2475       9.93     0.0016      -0.1347
RANGE_SQRT_Total_Amt_Chng_Q4_Q1      1  -1.5306   0.7407       4.27     0.0388      -0.0548
RANGE_SQRT_Total_Ct_Chng_Q4_Q1       1  -9.5849   0.7287     172.99     <.0001      -0.3732
RANGE_Total_Revolving_Bal            1  -1.6585   0.2265      53.61     <.0001      -0.2965

  Analysis of Maximum Likelihood Estimates
 
Parameter                           Exp(Est)

Intercept                            999.000
G_Contacts_Count_12_mon          0   999.000
G_Contacts_Count_12_mon          1     0.223
G_Contacts_Count_12_mon          2     0.095
G_Contacts_Count_12_mon          3     0.051
G_Customer_Age                   0     9.233
G_Customer_Age                   1     1.740
G_Customer_Age                   2     1.444
G_Customer_Age                   3     2.086
G_Customer_Age                   4     1.333
G_Customer_Age                   5     1.418
G_Customer_Age                   6     1.024
G_Customer_Age                   7     1.027
G_Customer_Age                   8     0.593
G_Customer_Age                   9     0.204
G_Months_Inactive_12_mon         0     6.920
G_Months_Inactive_12_mon         1     1.291
G_Months_Inactive_12_mon         2     0.949
G_Months_Inactive_12_mon         3     0.646
G_Months_on_book                 0     1.391
G_Months_on_book                 1     6.515
G_Months_on_book                 2     1.053
G_Months_on_book                 3     0.975
G_Months_on_book                 4     0.820
G_Months_on_book                 5     0.694
G_Months_on_book                 6     0.671
G_Months_on_book                 7     0.674
G_Total_Relationship_Count       0     3.765
G_Total_Relationship_Count       1     0.631
G_Total_Trans_Ct                 0   125.681
G_Total_Trans_Ct                 1     4.879
G_Total_Trans_Ct                 2     2.832
G_Total_Trans_Ct                 3     2.150
G_Total_Trans_Ct                 4     1.254
G_Total_Trans_Ct                 5     0.784
G_Total_Trans_Ct                 6     0.090
RANGE_LOG_Total_Trans_Amt            282.688
RANGE_SQRT_Avg_Utilization_Ratio       0.458
RANGE_SQRT_Total_Amt_Chng_Q4_Q1        0.216
RANGE_SQRT_Total_Ct_Chng_Q4_Q1         0.000
RANGE_Total_Revolving_Bal              0.190


                Odds Ratio Estimates
                          
                                                Point
Effect                                       Estimate

G_Contacts_Count_12_mon          0 vs 4       999.000
G_Contacts_Count_12_mon          1 vs 4         7.797
G_Contacts_Count_12_mon          2 vs 4         3.302
G_Contacts_Count_12_mon          3 vs 4         1.786
G_Customer_Age                   0 vs 10      107.415
G_Customer_Age                   1 vs 10       20.244
G_Customer_Age                   2 vs 10       16.802
G_Customer_Age                   3 vs 10       24.269
G_Customer_Age                   4 vs 10       15.504
G_Customer_Age                   5 vs 10       16.500
G_Customer_Age                   6 vs 10       11.910
G_Customer_Age                   7 vs 10       11.947
G_Customer_Age                   8 vs 10        6.895
G_Customer_Age                   9 vs 10        2.374
G_Months_Inactive_12_mon         0 vs 4        37.930
G_Months_Inactive_12_mon         1 vs 4         7.076
G_Months_Inactive_12_mon         2 vs 4         5.203
G_Months_Inactive_12_mon         3 vs 4         3.542
G_Months_on_book                 0 vs 8         3.333
G_Months_on_book                 1 vs 8        15.608
G_Months_on_book                 2 vs 8         2.522
G_Months_on_book                 3 vs 8         2.336
G_Months_on_book                 4 vs 8         1.966
G_Months_on_book                 5 vs 8         1.663
G_Months_on_book                 6 vs 8         1.607
G_Months_on_book                 7 vs 8         1.615
G_Total_Relationship_Count       0 vs 2         8.950
G_Total_Relationship_Count       1 vs 2         1.501
G_Total_Trans_Ct                 0 vs 7       999.000
G_Total_Trans_Ct                 1 vs 7       999.000
G_Total_Trans_Ct                 2 vs 7       937.995
G_Total_Trans_Ct                 3 vs 7       712.174
G_Total_Trans_Ct                 4 vs 7       415.353
G_Total_Trans_Ct                 5 vs 7       259.671
G_Total_Trans_Ct                 6 vs 7        29.864
RANGE_LOG_Total_Trans_Amt                     282.688
RANGE_SQRT_Avg_Utilization_Ratio                0.458
RANGE_SQRT_Total_Amt_Chng_Q4_Q1                 0.216
RANGE_SQRT_Total_Ct_Chng_Q4_Q1                 <0.001
RANGE_Total_Revolving_Bal                       0.190
