 
                                                                                               
 
 
Fit Statistics

Target=Attrition_Flag Target Label=' '

   Fit
Statistics    Statistics Label                      Train    Validation       Test

 _ASE_        Average Squared Error                  0.04         0.05        0.05
 _DIV_        Divisor for ASE                    14176.00      4050.00     2028.00
 _MAX_        Maximum Absolute Error                 0.99         0.98        0.95
 _NOBS_       Sum of Frequencies                  7088.00      2025.00     1014.00
 _RASE_       Root Average Squared Error             0.20         0.22        0.21
 _SSE_        Sum of Squared Errors                550.00       187.26       91.54
 _DISF_       Frequency of Classified Cases       7088.00      2025.00     1014.00
 _MISC_       Misclassification Rate                 0.05         0.06        0.06
 _WRONG_      Number of Wrong Classifications      352.00       128.00       61.00
 
                                                                                               
 
 
Classification Table

Data Role=TRAIN Target Variable=Attrition_Flag Target Label=' '

                       Target        Outcome     Frequency       Total
Target    Outcome    Percentage    Percentage      Count      Percentage

  0          0         95.5856       98.6384        5868        82.7878 
  1          0          4.4144       23.7928         271         3.8234 
  0          1          8.5353        1.3616          81         1.1428 
  1          1         91.4647       76.2072         868        12.2460 


Data Role=VALIDATE Target Variable=Attrition_Flag Target Label=' '

                       Target        Outcome     Frequency       Total
Target    Outcome    Percentage    Percentage      Count      Percentage

  0          0         95.1724       97.4118        1656        81.7778 
  1          0          4.8276       25.8462          84         4.1481 
  0          1         15.4386        2.5882          44         2.1728 
  1          1         84.5614       74.1538         241        11.9012 
 
                                                                                               
 
 
Event Classification Table

Data Role=TRAIN Target=Attrition_Flag Target Label=' '

  False       True        False       True
Negative    Negative    Positive    Positive

   271        5868         81          868  


Data Role=VALIDATE Target=Attrition_Flag Target Label=' '

  False       True        False       True
Negative    Negative    Positive    Positive

   84         1656         44          241  
 
                                                                                               
 
 
Assessment Score Rankings

Data Role=TRAIN Target Variable=Attrition_Flag Target Label=' '

                                                                                    Mean
                            Cumulative       %      Cumulative     Number of     Posterior
Depth      Gain     Lift       Lift      Response   % Response   Observations   Probability

   5    517.041   6.17041     6.17041     99.1549     99.1549         355         0.87446  
  10    498.602   5.80110     5.98602     93.2203     96.1918         354         0.72856  
  15    447.437   4.45251     5.47437     71.5493     87.9699         355         0.54378  
  20    375.722   2.60171     4.75722     41.8079     76.4457         354         0.32752  
  25    290.518   0.49221     3.90518      7.9096     62.7540         354         0.18424  
  30    227.680   0.14024     3.27680      2.2535     52.6563         355         0.12297  
  35    182.681   0.12305     2.82681      1.9774     45.4252         354         0.08863  
  40    148.832   0.12271     2.48832      1.9718     39.9859         355         0.06544  
  45    121.609   0.03516     2.21609      0.5650     35.6113         354         0.05211  
  50     99.824   0.03516     1.99824      0.5650     32.1106         354         0.04202  
  55     81.631   0.00000     1.81631      0.0000     29.1870         355         0.03371  
  60     66.513   0.00000     1.66513      0.0000     26.7576         354         0.02759  
  65     53.684   0.00000     1.53684      0.0000     24.6962         355         0.02235  
  70     42.720   0.00000     1.42720      0.0000     22.9343         354         0.01791  
  75     33.216   0.00000     1.33216      0.0000     21.4071         354         0.01431  
  80     24.987   0.01753     1.24987      0.2817     20.0846         355         0.01198  
  85     17.643   0.00000     1.17643      0.0000     18.9046         354         0.01034  
  90     11.097   0.00000     1.11097      0.0000     17.8527         355         0.00907  
  95      5.257   0.00000     1.05257      0.0000     16.9142         354         0.00788  
 100      0.000   0.00000     1.00000      0.0000     16.0694         354         0.00551  


Data Role=VALIDATE Target Variable=Attrition_Flag Target Label=' '

                                                                                    Mean
                            Cumulative       %      Cumulative     Number of     Posterior
Depth      Gain     Lift       Lift      Response   % Response   Observations   Probability

   5    504.751   6.04751     6.04751     97.0588     97.0588         102         0.85877  
  10    470.898   5.36710     5.70898     86.1386     91.6256         101         0.71942  
  15    412.399   3.94821     5.12399     63.3663     82.2368         101         0.55715  
  20    358.462   2.96116     4.58462     47.5248     73.5802         101         0.35657  
  25    287.119   1.03846     3.87119     16.6667     62.1302         102         0.21320  
  30    227.935   0.30845     3.27935      4.9505     52.6316         101         0.13445  
  35    182.098   0.06169     2.82098      0.9901     45.2750         101         0.09403  
  40    146.923   0.00000     2.46923      0.0000     39.6296         101         0.06987  
  45    121.356   0.18326     2.21356      2.9412     35.5263         102         0.05440  
  50     99.286   0.00000     1.99286      0.0000     31.9842         101         0.04431  
  55     81.218   0.00000     1.81218      0.0000     29.0844         101         0.03604  
  60     66.154   0.00000     1.66154      0.0000     26.6667         101         0.02868  
  65     53.285   0.00000     1.53285      0.0000     24.6014         102         0.02339  
  70     42.807   0.06169     1.42807      0.9901     22.9196         101         0.01878  
  75     33.311   0.00000     1.33311      0.0000     21.3957         101         0.01493  
  80     25.000   0.00000     1.25000      0.0000     20.0617         101         0.01252  
  85     17.596   0.00000     1.17596      0.0000     18.8734         102         0.01065  
  90     11.081   0.00000     1.11081      0.0000     17.8278         101         0.00921  
  95      5.249   0.00000     1.05249      0.0000     16.8919         101         0.00810  
 100      0.000   0.00000     1.00000      0.0000     16.0494         101         0.00598  
 
                                                                                               
 
 
Assessment Score Distribution

Data Role=TRAIN Target Variable=Attrition_Flag Target Label=' '

 Posterior     Number                     Mean
Probability      of      Number of     Posterior
   Range       Events    Nonevents    Probability    Percentage

 0.95-1.00         3           0        0.95027         0.0423 
 0.90-0.95        79           0        0.92761         1.1146 
 0.85-0.90       167           2        0.87550         2.3843 
 0.80-0.85       131           2        0.82523         1.8764 
 0.75-0.80        93           3        0.77563         1.3544 
 0.70-0.75        94          11        0.72565         1.4814 
 0.65-0.70       111           9        0.67706         1.6930 
 0.60-0.65        88          10        0.62747         1.3826 
 0.55-0.60        57          21        0.57417         1.1005 
 0.50-0.55        45          23        0.52750         0.9594 
 0.45-0.50        47          30        0.47801         1.0863 
 0.40-0.45        47          37        0.42554         1.1851 
 0.35-0.40        39          37        0.37622         1.0722 
 0.30-0.35        47          62        0.32597         1.5378 
 0.25-0.30        28          68        0.27239         1.3544 
 0.20-0.25        18         105        0.22559         1.7353 
 0.15-0.20        17         215        0.17349         3.2731 
 0.10-0.15        10         403        0.12292         5.8267 
 0.05-0.10        15         890        0.07042        12.7681 
 0.00-0.05         3        4021        0.01935        56.7720 


Data Role=VALIDATE Target Variable=Attrition_Flag Target Label=' '

 Posterior     Number                     Mean
Probability      of      Number of     Posterior
   Range       Events    Nonevents    Probability    Percentage

 0.90-0.95       15            0        0.91996         0.7407 
 0.85-0.90       36            1        0.87438         1.8272 
 0.80-0.85       50            2        0.82781         2.5679 
 0.75-0.80       28            2        0.77127         1.4815 
 0.70-0.75       24            5        0.72575         1.4321 
 0.65-0.70       29            7        0.67449         1.7778 
 0.60-0.65       24            8        0.62959         1.5802 
 0.55-0.60       22            9        0.57257         1.5309 
 0.50-0.55       13           10        0.52346         1.1358 
 0.45-0.50       11           12        0.46704         1.1358 
 0.40-0.45       12           11        0.42364         1.1358 
 0.35-0.40       16            9        0.37704         1.2346 
 0.30-0.35        9           17        0.32778         1.2840 
 0.25-0.30       13           27        0.27345         1.9753 
 0.20-0.25       10           36        0.22693         2.2716 
 0.15-0.20        4           52        0.16981         2.7654 
 0.10-0.15        4          110        0.12373         5.6296 
 0.05-0.10        4          253        0.07047        12.6914 
 0.00-0.05        1         1129        0.01977        55.8025 
