 
                                                                                               
 
 
Fit Statistics

Target=Attrition_Flag Target Label=' '

   Fit
Statistics    Statistics Label                      Train    Validation       Test

 _ASE_        Average Squared Error                  0.04         0.05        0.04
 _DIV_        Divisor for ASE                    14176.00      4050.00     2028.00
 _MAX_        Maximum Absolute Error                 0.98         0.98        0.93
 _NOBS_       Sum of Frequencies                  7088.00      2025.00     1014.00
 _RASE_       Root Average Squared Error             0.20         0.21        0.21
 _SSE_        Sum of Squared Errors                547.12       184.96       91.13
 _DISF_       Frequency of Classified Cases       7088.00      2025.00     1014.00
 _MISC_       Misclassification Rate                 0.05         0.06        0.06
 _WRONG_      Number of Wrong Classifications      343.00       128.00       61.00
 
                                                                                               
 
 
Classification Table

Data Role=TRAIN Target Variable=Attrition_Flag Target Label=' '

                       Target        Outcome     Frequency       Total
Target    Outcome    Percentage    Percentage      Count      Percentage

  0          0         95.6663       98.7057        5872        82.8442 
  1          0          4.3337       23.3538         266         3.7528 
  0          1          8.1053        1.2943          77         1.0863 
  1          1         91.8947       76.6462         873        12.3166 


Data Role=VALIDATE Target Variable=Attrition_Flag Target Label=' '

                       Target        Outcome     Frequency       Total
Target    Outcome    Percentage    Percentage      Count      Percentage

  0          0         95.1206       97.4706        1657        81.8272 
  1          0          4.8794       26.1538          85         4.1975 
  0          1         15.1943        2.5294          43         2.1235 
  1          1         84.8057       73.8462         240        11.8519 
 
                                                                                               
 
 
Event Classification Table

Data Role=TRAIN Target=Attrition_Flag Target Label=' '

  False       True        False       True
Negative    Negative    Positive    Positive

   266        5872         77          873  


Data Role=VALIDATE Target=Attrition_Flag Target Label=' '

  False       True        False       True
Negative    Negative    Positive    Positive

   85         1657         43          240  
 
                                                                                               
 
 
Assessment Score Rankings

Data Role=TRAIN Target Variable=Attrition_Flag Target Label=' '

                                                                                    Mean
                            Cumulative       %      Cumulative     Number of     Posterior
Depth      Gain     Lift       Lift      Response   % Response   Observations   Probability

   5    518.794   6.18794     6.18794     99.4366     99.4366         355         0.87697  
  10    497.724   5.76595     5.97724     92.6554     96.0508         354         0.72777  
  15    448.607   4.50510     5.48607     72.3944     88.1579         355         0.53830  
  20    374.405   2.51381     4.74405     40.3955     76.2341         354         0.32391  
  25    291.220   0.58011     3.91220      9.3220     62.8668         354         0.18326  
  30    227.095   0.07012     3.27095      1.1268     52.5623         355         0.12172  
  35    182.681   0.15821     2.82681      2.5424     45.4252         354         0.08890  
  40    149.052   0.14024     2.49052      2.2535     40.0212         355         0.06681  
  45    121.609   0.01758     2.21609      0.2825     35.6113         354         0.05257  
  50     99.824   0.03516     1.99824      0.5650     32.1106         354         0.04236  
  55     81.631   0.00000     1.81631      0.0000     29.1870         355         0.03431  
  60     66.513   0.00000     1.66513      0.0000     26.7576         354         0.02806  
  65     53.684   0.00000     1.53684      0.0000     24.6962         355         0.02303  
  70     42.720   0.00000     1.42720      0.0000     22.9343         354         0.01833  
  75     33.333   0.01758     1.33333      0.2825     21.4259         354         0.01409  
  80     24.987   0.00000     1.24987      0.0000     20.0846         355         0.01167  
  85     17.643   0.00000     1.17643      0.0000     18.9046         354         0.01017  
  90     11.097   0.00000     1.11097      0.0000     17.8527         355         0.00889  
  95      5.257   0.00000     1.05257      0.0000     16.9142         354         0.00787  
 100      0.000   0.00000     1.00000      0.0000     16.0694         354         0.00551  


Data Role=VALIDATE Target Variable=Attrition_Flag Target Label=' '

                                                                                    Mean
                            Cumulative       %      Cumulative     Number of     Posterior
Depth      Gain     Lift       Lift      Response   % Response   Observations   Probability

   5    504.751   6.04751     6.04751     97.0588     97.0588         102         0.86033  
  10    473.967   5.42879     5.73967     87.1287     92.1182         101         0.71811  
  15    412.399   3.88652     5.12399     62.3762     82.2368         101         0.55367  
  20    360.000   3.02285     4.60000     48.5149     73.8272         101         0.35538  
  25    287.119   0.97738     3.87119     15.6863     62.1302         102         0.21283  
  30    226.910   0.24676     3.26910      3.9604     52.4671         101         0.13386  
  35    182.098   0.12338     2.82098      1.9802     45.2750         101         0.09648  
  40    147.692   0.06169     2.47692      0.9901     39.7531         101         0.07139  
  45    121.356   0.12217     2.21356      1.9608     35.5263         102         0.05459  
  50     99.286   0.00000     1.99286      0.0000     31.9842         101         0.04489  
  55     81.218   0.00000     1.81218      0.0000     29.0844         101         0.03688  
  60     66.154   0.00000     1.66154      0.0000     26.6667         101         0.02975  
  65     53.759   0.06109     1.53759      0.9804     24.6773         102         0.02395  
  70     42.807   0.00000     1.42807      0.0000     22.9196         101         0.01907  
  75     33.311   0.00000     1.33311      0.0000     21.3957         101         0.01481  
  80     25.000   0.00000     1.25000      0.0000     20.0617         101         0.01216  
  85     17.596   0.00000     1.17596      0.0000     18.8734         102         0.01045  
  90     11.081   0.00000     1.11081      0.0000     17.8278         101         0.00899  
  95      5.249   0.00000     1.05249      0.0000     16.8919         101         0.00802  
 100      0.000   0.00000     1.00000      0.0000     16.0494         101         0.00599  
 
                                                                                               
 
 
Assessment Score Distribution

Data Role=TRAIN Target Variable=Attrition_Flag Target Label=' '

 Posterior     Number                     Mean
Probability      of      Number of     Posterior
   Range       Events    Nonevents    Probability    Percentage

 0.90-0.95        91           0        0.92493         1.2839 
 0.85-0.90       169           2        0.87616         2.4125 
 0.80-0.85       117           0        0.82647         1.6507 
 0.75-0.80        91           4        0.77829         1.3403 
 0.70-0.75       105           9        0.72415         1.6084 
 0.65-0.70       104          13        0.67674         1.6507 
 0.60-0.65        71          11        0.62595         1.1569 
 0.55-0.60        69          16        0.57693         1.1992 
 0.50-0.55        56          22        0.52361         1.1005 
 0.45-0.50        43          33        0.47269         1.0722 
 0.40-0.45        50          29        0.42275         1.1146 
 0.35-0.40        45          40        0.37145         1.1992 
 0.30-0.35        41          60        0.32121         1.4249 
 0.25-0.30        26          77        0.27240         1.4532 
 0.20-0.25        15         112        0.21999         1.7918 
 0.15-0.20        21         208        0.17223         3.2308 
 0.10-0.15         5         414        0.12109         5.9114 
 0.05-0.10        17         892        0.07050        12.8245 
 0.00-0.05         3        4007        0.01941        56.5745 


Data Role=VALIDATE Target Variable=Attrition_Flag Target Label=' '

 Posterior     Number                     Mean
Probability      of      Number of     Posterior
   Range       Events    Nonevents    Probability    Percentage

 0.90-0.95       15            0        0.91676         0.7407 
 0.85-0.90       41            1        0.87631         2.0741 
 0.80-0.85       44            2        0.82606         2.2716 
 0.75-0.80       30            2        0.77441         1.5802 
 0.70-0.75       25            5        0.72180         1.4815 
 0.65-0.70       25            5        0.67102         1.4815 
 0.60-0.65       25            5        0.63054         1.4815 
 0.55-0.60       23           11        0.57936         1.6790 
 0.50-0.55       12           12        0.52530         1.1852 
 0.45-0.50        8           10        0.47358         0.8889 
 0.40-0.45       19           11        0.42516         1.4815 
 0.35-0.40       16           13        0.37618         1.4321 
 0.30-0.35        7           14        0.32291         1.0370 
 0.25-0.30       16           30        0.27222         2.2716 
 0.20-0.25        6           38        0.22124         2.1728 
 0.15-0.20        6           44        0.16748         2.4691 
 0.10-0.15        2          126        0.12282         6.3210 
 0.05-0.10        4          247        0.07008        12.3951 
 0.00-0.05        1         1124        0.01986        55.5556 
