 
                                                                                               
 
 
Fit Statistics

Target=Attrition_Flag Target Label=' '

   Fit
Statistics    Statistics Label                      Train    Validation       Test

 _DFT_        Total Degrees of Freedom            7088.00          .           .  
 _DFE_        Degrees of Freedom for Error        6415.00          .           .  
 _DFM_        Model Degrees of Freedom             673.00          .           .  
 _NW_         Number of Estimated Weights          673.00          .           .  
 _AIC_        Akaike's Information Criterion      3572.04          .           .  
 _SBC_        Schwarz's Bayesian Criterion        8192.97          .           .  
 _ASE_        Average Squared Error                  0.05         0.05        0.05
 _MAX_        Maximum Absolute Error                 1.00         1.00        0.99
 _DIV_        Divisor for ASE                    14176.00      4050.00     2028.00
 _NOBS_       Sum of Frequencies                  7088.00      2025.00     1014.00
 _RASE_       Root Average Squared Error             0.22         0.23        0.23
 _SSE_        Sum of Squared Errors                655.69       216.05      104.25
 _SUMW_       Sum of Case Weights Times Freq     14176.00      4050.00     2028.00
 _FPE_        Final Prediction Error                 0.06          .           .  
 _MSE_        Mean Squared Error                     0.05         0.05        0.05
 _RFPE_       Root Final Prediction Error            0.24          .           .  
 _RMSE_       Root Mean Squared Error                0.23         0.23        0.23
 _AVERR_      Average Error Function                 0.16         0.18        0.17
 _ERR_        Error Function                      2226.04       741.36      340.73
 _MISC_       Misclassification Rate                 0.06         0.07        0.07
 _WRONG_      Number of Wrong Classifications      441.00       145.00       70.00
 
                                                                                               
 
 
Classification Table

Data Role=TRAIN Target Variable=Attrition_Flag Target Label=' '

                       Target        Outcome     Frequency       Total
Target    Outcome    Percentage    Percentage      Count      Percentage

  0          0         94.9119       97.8316        5820        82.1106 
  1          0          5.0881       27.3924         312         4.4018 
  0          1         13.4937        2.1684         129         1.8200 
  1          1         86.5063       72.6076         827        11.6676 


Data Role=VALIDATE Target Variable=Attrition_Flag Target Label=' '

                       Target        Outcome     Frequency       Total
Target    Outcome    Percentage    Percentage      Count      Percentage

  0          0         95.1248       96.4118        1639        80.9383 
  1          0          4.8752       25.8462          84         4.1481 
  0          1         20.1987        3.5882          61         3.0123 
  1          1         79.8013       74.1538         241        11.9012 
 
                                                                                               
 
 
Event Classification Table

Data Role=TRAIN Target=Attrition_Flag Target Label=' '

  False       True        False       True
Negative    Negative    Positive    Positive

   312        5820         129         827  


Data Role=VALIDATE Target=Attrition_Flag Target Label=' '

  False       True        False       True
Negative    Negative    Positive    Positive

   84         1639         61          241  
 
                                                                                               
 
 
Assessment Score Rankings

Data Role=TRAIN Target Variable=Attrition_Flag Target Label=' '

                                                                                    Mean
                            Cumulative       %      Cumulative     Number of     Posterior
Depth      Gain     Lift       Lift      Response   % Response   Observations   Probability

   5    517.041   6.17041     6.17041     99.1549     99.1549         355         0.98038  
  10    484.558   5.51984     5.84558     88.7006     93.9351         354         0.85179  
  15    411.175   3.64615     5.11175     58.5915     82.1429         355         0.57040  
  20    337.980   2.17981     4.37980     35.0282     70.3808         354         0.27950  
  25    271.203   1.03717     3.71203     16.6667     59.6501         354         0.13405  
  30    219.488   0.61354     3.19488      9.8592     51.3399         355         0.06965  
  35    177.916   0.28127     2.77916      4.5198     44.6594         354         0.03816  
  40    145.102   0.15777     2.45102      2.5352     39.3865         355         0.02387  
  45    119.658   0.15821     2.19658      2.5424     35.2978         354         0.01509  
  50     97.893   0.01758     1.97893      0.2825     31.8002         354         0.00972  
  55     80.673   0.08765     1.80673      1.4085     29.0331         355         0.00599  
  60     66.220   0.07032     1.66220      1.1299     26.7106         354         0.00373  
  65     53.549   0.01753     1.53549      0.2817     24.6745         355         0.00242  
  70     42.846   0.03516     1.42846      0.5650     22.9545         354         0.00163  
  75     33.333   0.00000     1.33333      0.0000     21.4259         354         0.00105  
  80     24.987   0.00000     1.24987      0.0000     20.0846         355         0.00066  
  85     17.643   0.00000     1.17643      0.0000     18.9046         354         0.00041  
  90     11.097   0.00000     1.11097      0.0000     17.8527         355         0.00023  
  95      5.257   0.00000     1.05257      0.0000     16.9142         354         0.00011  
 100      0.000   0.00000     1.00000      0.0000     16.0694         354         0.00004  


Data Role=VALIDATE Target Variable=Attrition_Flag Target Label=' '

                                                                                    Mean
                            Cumulative       %      Cumulative     Number of     Posterior
Depth      Gain     Lift       Lift      Response   % Response   Observations   Probability

   5    510.860   6.10860     6.10860     98.0392     98.0392         102         0.97990  
  10    461.690   5.12034     5.61690     82.1782     90.1478         101         0.87277  
  15    398.052   3.70145     4.98052     59.4059     79.9342         101         0.64499  
  20    321.538   1.91241     4.21538     30.6931     67.6543         101         0.35195  
  25    262.540   1.28281     3.62540     20.5882     58.1854         102         0.16226  
  30    210.514   0.49353     3.10514      7.9208     49.8355         101         0.07960  
  35    171.553   0.37014     2.71553      5.9406     43.5825         101         0.04210  
  40    142.308   0.37014     2.42308      5.9406     38.8889         101         0.02536  
  45    117.257   0.18326     2.17257      2.9412     34.8684         102         0.01555  
  50     98.056   0.24676     1.98056      3.9604     31.7868         101         0.01032  
  55     80.659   0.06169     1.80659      0.9901     28.9946         101         0.00662  
  60     66.154   0.06169     1.66154      0.9901     26.6667         101         0.00424  
  65     53.285   0.00000     1.53285      0.0000     24.6014         102         0.00250  
  70     42.367   0.00000     1.42367      0.0000     22.8491         101         0.00153  
  75     32.901   0.00000     1.32901      0.0000     21.3298         101         0.00102  
  80     24.615   0.00000     1.24615      0.0000     20.0000         101         0.00068  
  85     17.234   0.00000     1.17234      0.0000     18.8153         102         0.00038  
  90     11.081   0.06169     1.11081      0.9901     17.8278         101         0.00021  
  95      5.249   0.00000     1.05249      0.0000     16.8919         101         0.00010  
 100      0.000   0.00000     1.00000      0.0000     16.0494         101         0.00003  
 
                                                                                               
 
 
Assessment Score Distribution

Data Role=TRAIN Target Variable=Attrition_Flag Target Label=' '

 Posterior     Number                     Mean
Probability      of      Number of     Posterior
   Range       Events    Nonevents    Probability    Percentage

 0.95-1.00       319           3        0.98408         4.5429 
 0.90-0.95       120          10        0.92622         1.8341 
 0.85-0.90        82           8        0.87713         1.2698 
 0.80-0.85        78           9        0.82504         1.2274 
 0.75-0.80        55          10        0.77537         0.9170 
 0.70-0.75        50           9        0.72657         0.8324 
 0.65-0.70        35          20        0.67371         0.7760 
 0.60-0.65        34          16        0.62692         0.7054 
 0.55-0.60        29          22        0.57477         0.7195 
 0.50-0.55        25          22        0.52487         0.6631 
 0.45-0.50        21          27        0.47502         0.6772 
 0.40-0.45        27          34        0.42634         0.8606 
 0.35-0.40        26          37        0.37140         0.8888 
 0.30-0.35        27          50        0.32227         1.0863 
 0.25-0.30        31          50        0.27313         1.1428 
 0.20-0.25        27          61        0.22446         1.2415 
 0.15-0.20        32         112        0.17410         2.0316 
 0.10-0.15        32         184        0.12574         3.0474 
 0.05-0.10        42         354        0.07211         5.5869 
 0.00-0.05        47        4911        0.00734        69.9492 


Data Role=VALIDATE Target Variable=Attrition_Flag Target Label=' '

 Posterior     Number                     Mean
Probability      of      Number of     Posterior
   Range       Events    Nonevents    Probability    Percentage

 0.95-1.00       93            2        0.98244         4.6914 
 0.90-0.95       35            5        0.92351         1.9753 
 0.85-0.90       29            6        0.87530         1.7284 
 0.80-0.85       24            7        0.82573         1.5309 
 0.75-0.80       16            5        0.76831         1.0370 
 0.70-0.75        9            5        0.72531         0.6914 
 0.65-0.70       10            6        0.67696         0.7901 
 0.60-0.65        7            7        0.62496         0.6914 
 0.55-0.60       12            8        0.57278         0.9877 
 0.50-0.55        6           10        0.52589         0.7901 
 0.45-0.50        6           10        0.47142         0.7901 
 0.40-0.45        5           12        0.42683         0.8395 
 0.35-0.40        9            7        0.37728         0.7901 
 0.30-0.35        5           16        0.32387         1.0370 
 0.25-0.30        7           21        0.27492         1.3827 
 0.20-0.25        7           17        0.22476         1.1852 
 0.15-0.20        4           34        0.17186         1.8765 
 0.10-0.15       12           50        0.12300         3.0617 
 0.05-0.10        9           89        0.07125         4.8395 
 0.00-0.05       20         1383        0.00746        69.2840 
