 
                                                                                               
 
 
Variable Summary

          Measurement    Frequency
 Role        Level         Count

INPUT      INTERVAL          5    
INPUT      NOMINAL           6    
TARGET     BINARY            1    
 
                                                                                               
 
 
Model Events

                                          Number
                           Measurement      of
    Target        Event       Level       Levels      Order       Label

Attrition_Flag      1        BINARY          2      Descending         
 
                                                                                               
 
 
Predicted and decision variables

Type             Variable                    Label

TARGET       Attrition_Flag                                  
PREDICTED    P_Attrition_Flag1    Predicted: Attrition_Flag=1
RESIDUAL     R_Attrition_Flag1    Residual: Attrition_Flag=1 
PREDICTED    P_Attrition_Flag0    Predicted: Attrition_Flag=0
RESIDUAL     R_Attrition_Flag0    Residual: Attrition_Flag=0 
FROM         F_Attrition_Flag     From: Attrition_Flag       
INTO         I_Attrition_Flag     Into: Attrition_Flag       
 
                                                                                
 
 
Search # 1 SINGLE LAYER trial # 1 : DIRECT : Training

_ITER_     _AIC_     _AVERR_     _MISC_    _VAVERR_    _VMISC_

   0      6331.05    0.44082    0.16069     0.44049    0.16049
   1      3328.69    0.22903    0.08507     0.23836    0.09531
   2      3040.89    0.20873    0.07731     0.21019    0.08494
   3      3031.27    0.20805    0.07633     0.20886    0.08494
   4      3030.32    0.20798    0.07477     0.20873    0.08691
   5      3030.11    0.20797    0.07534     0.20879    0.08543
   6      3030.05    0.20796    0.07463     0.20872    0.08543
   7      3030.03    0.20796    0.07506     0.20876    0.08543
   8      3030.03    0.20796    0.07506     0.20874    0.08543
   9      3030.02    0.20796    0.07506     0.20875    0.08543
  10      3030.02    0.20796    0.07506     0.20874    0.08543
  11      3030.02    0.20796    0.07506     0.20875    0.08543
  12      3030.02    0.20796    0.07506     0.20874    0.08543
  13      3030.02    0.20796    0.07506     0.20875    0.08543
  14      3030.02    0.20796    0.07506     0.20874    0.08543
  14      3030.02    0.20796    0.07506     0.20874    0.08543
 
                                                                                
 
 
Selected Iteration based on _VMISC_

_ITER_     _AIC_     _AVERR_     _MISC_     _VAVERR_     _VMISC_

   2      3040.89    0.20873    0.077314     0.21019    0.084938
 
                                                                                
 
 
Search # 1 SINGLE LAYER trial # 2 : TANH : Prelim

The NEURAL Procedure

Preliminary       Starting         Objective         Number
 Training          Random           Function           of        Terminating
    Run             Seed             Value         Iterations     Criteria

        1           919539653    0.220869255773            8                
        2          1066768680    0.215969053045            8                
        3           544161648    0.214533568221            8                
        4           554206385    0.219609632148            8                
        5            84230724    0.211272071204            8                
        6           833458745     0.26172781984            8                
        7          2045629159    0.232563644619            8                
        8          1579423510    0.214115814697            8                
        9          2030941759    0.210537913534            8                
       10           390987285    0.259489726136            8                
       11           229072349    0.221977355583            8                
       12          1765424974    0.221931610451            8                
       13           541595795    0.207091268291            8                
       14           493163996    0.239557672596            8                
       15          1300205763    0.221101339398            8                
       16           188542894    0.211468036474            8                
 
                                                                                
 
 
Search # 1 SINGLE LAYER trial # 2 : TANH : Training

_ITER_     _AIC_     _AVERR_     _MISC_     _VAVERR_     _VMISC_

   0      3273.73    0.20709    0.079430     0.20702    0.085432
   1      3191.88    0.20132    0.076749     0.20274    0.079506
   2      3155.74    0.19877    0.074351     0.19893    0.077037
   3      3111.51    0.19565    0.073928     0.19451    0.075556
   4      3048.66    0.19121    0.068708     0.19069    0.072099
   5      2986.66    0.18684    0.068708     0.18564    0.069136
   6      2950.64    0.18430    0.067156     0.18533    0.068148
   7      2913.07    0.18165    0.067438     0.18582    0.073086
   8      2890.28    0.18004    0.068284     0.18365    0.070617
   9      2868.27    0.17849    0.066309     0.18385    0.069136
  10      2839.87    0.17649    0.064193     0.18134    0.070617
  11      2800.13    0.17368    0.062500     0.17811    0.066667
  12      2779.69    0.17224    0.062218     0.17649    0.065679
  13      2756.32    0.17059    0.061795     0.17563    0.064691
  14      2732.28    0.16890    0.060948     0.17669    0.066667
  15      2716.72    0.16780    0.059960     0.17558    0.071605
  15      2716.72    0.16780    0.059960     0.17558    0.071605
 
                                                                                
 
 
Selected Iteration based on _VMISC_

_ITER_     _AIC_     _AVERR_     _MISC_     _VAVERR_     _VMISC_

  13      2756.32    0.17059    0.061795     0.17563    0.064691
 
                                                                                
 
 
Search # 1 SINGLE LAYER trial # 3 : NORMAL : Prelim

The NEURAL Procedure

Preliminary       Starting         Objective         Number
 Training          Random           Function           of        Terminating
    Run             Seed             Value         Iterations     Criteria

        1           919539653     0.23775046209            8                
        2          1066768680    0.223601678654            8                
        3           544161648    0.231632905344            8                
        4           554206385    0.224344218113            8                
        5            84230724    0.239515015194            8                
        6           833458745    0.220019854312            8                
        7          2045629159    0.233983237864            8                
        8          1579423510    0.216081297205            8                
        9          2030941759    0.230495406886            8                
       10           390987285    0.279675358445            8                
       11           229072349     0.19563714981            8                
       12          1765424974    0.301484148926            8                
       13           541595795     0.20490728284            8                
       14           493163996    0.235206372341            8                
       15          1300205763    0.226168185734            8                
       16           188542894    0.219323260069            8                
 
                                                                                
 
 
Search # 1 SINGLE LAYER trial # 3 : NORMAL : Training

_ITER_     _AIC_     _AVERR_     _MISC_     _VAVERR_     _VMISC_

   0      3111.35    0.19564    0.070824     0.20043    0.075062
   1      3051.41    0.19141    0.069413     0.19631    0.070123
   2      3011.61    0.18860    0.069695     0.19254    0.072099
   3      2955.53    0.18465    0.066874     0.18637    0.067654
   4      2927.23    0.18265    0.066309     0.18221    0.068642
   5      2889.33    0.17997    0.065322     0.17999    0.068642
   6      2866.00    0.17833    0.067156     0.17810    0.066667
   7      2832.53    0.17597    0.067156     0.17648    0.063210
   8      2809.83    0.17437    0.065040     0.17471    0.062716
   9      2789.74    0.17295    0.065463     0.17554    0.065185
  10      2761.03    0.17092    0.063629     0.17429    0.066667
  11      2729.52    0.16870    0.064757     0.17910    0.068642
  12      2711.05    0.16740    0.063347     0.17773    0.067654
  13      2686.09    0.16564    0.061653     0.17611    0.064198
  14      2670.77    0.16456    0.062218     0.17570    0.062716
  15      2648.59    0.16299    0.061512     0.17352    0.063210
  15      2648.59    0.16299    0.061512     0.17352    0.063210
 
                                                                                
 
 
Selected Iteration based on _VMISC_

_ITER_     _AIC_     _AVERR_     _MISC_     _VAVERR_     _VMISC_

   8      2809.83    0.17437    0.065040     0.17471    0.062716
 
                                                                                
 
 
Search # 1 SINGLE LAYER trial # 4 : SINE : Prelim

The NEURAL Procedure

Preliminary       Starting         Objective         Number
 Training          Random           Function           of        Terminating
    Run             Seed             Value         Iterations     Criteria

        1           919539653    0.262488373366            8                
        2          1066768680     0.21892005925            8                
        3           544161648    0.211759037406            8                
        4           554206385    0.250901045637            8                
        5            84230724    0.212650244031            8                
        6           833458745     0.20877530345            8                
        7          2045629159    0.228872694583            8                
        8          1579423510    0.217696247816            8                
        9          2030941759    0.236022099354            8                
       10           390987285    0.315211623527            8                
       11           229072349    0.262305492061            8                
       12          1765424974    0.231971918275            8                
       13           541595795    0.200464443377            8                
       14           493163996    0.230662539956            8                
       15          1300205763    0.220883843815            8                
       16           188542894    0.206766702772            8                
 
                                                                                
 
 
Search # 1 SINGLE LAYER trial # 4 : SINE : Training

_ITER_     _AIC_     _AVERR_     _MISC_     _VAVERR_     _VMISC_

   0      3179.78    0.20046    0.077032     0.20318    0.081975
   1      3133.53    0.19720    0.073222     0.20176    0.079506
   2      3100.80    0.19489    0.073363     0.19841    0.080988
   3      3048.39    0.19120    0.072799     0.19551    0.076543
   4      2972.56    0.18585    0.068990     0.19308    0.074074
   5      2929.77    0.18283    0.068002     0.19111    0.075062
   6      2880.18    0.17933    0.066874     0.18890    0.067160
   7      2866.34    0.17835    0.068426     0.18836    0.070617
   8      2810.78    0.17443    0.065886     0.18657    0.068642
   9      2786.75    0.17274    0.064334     0.18498    0.067654
  10      2744.51    0.16976    0.063629     0.18381    0.069630
  11      2714.85    0.16767    0.063488     0.18198    0.069136
  12      2678.64    0.16511    0.063064     0.17924    0.070617
  13      2667.49    0.16433    0.060666     0.17677    0.066173
  14      2628.24    0.16156    0.061230     0.17579    0.066173
  15      2612.24    0.16043    0.060807     0.17567    0.068642
  15      2612.24    0.16043    0.060807     0.17567    0.068642
 
                                                                                
 
 
Selected Iteration based on _VMISC_

_ITER_     _AIC_     _AVERR_     _MISC_     _VAVERR_     _VMISC_

  13      2667.49    0.16433    0.060666     0.17677    0.066173
 
                                                                                
 
 
Search # 2 SINGLE LAYER trial # 1 : DIRECT : Prelim

The NEURAL Procedure

Preliminary       Starting         Objective         Number
 Training          Random           Function           of        Terminating
    Run             Seed             Value         Iterations     Criteria

        1               12345    0.165251362252            8                
 
                                                                                
 
 
Search # 2 SINGLE LAYER trial # 1 : DIRECT : Training

_ITER_     _AIC_     _AVERR_     _MISC_     _VAVERR_     _VMISC_

   0      2760.60    0.16525    0.061371     0.17466    0.061728
   1      2754.26    0.16480    0.061089     0.17337    0.063210
   2      2749.24    0.16445    0.061653     0.17324    0.063210
   3      2743.16    0.16402    0.062641     0.17260    0.064691
   4      2734.20    0.16339    0.062500     0.17220    0.066173
   5      2724.84    0.16273    0.061089     0.17086    0.066173
   6      2712.53    0.16186    0.061795     0.17049    0.063704
   7      2695.34    0.16065    0.062077     0.16801    0.063704
   8      2683.98    0.15985    0.061653     0.16659    0.062222
   9      2644.70    0.15708    0.060102     0.16895    0.064691
  10      2628.95    0.15596    0.060243     0.16964    0.063704
  11      2621.97    0.15547    0.062641     0.17367    0.066667
  12      2602.69    0.15411    0.060807     0.17024    0.065679
  13      2581.50    0.15262    0.059255     0.17228    0.067160
  14      2567.79    0.15165    0.060666     0.16889    0.065185
  15      2548.89    0.15032    0.056998     0.16800    0.067160
  15      2548.89    0.15032    0.056998     0.16800    0.067160
 
                                                                                
 
 
Selected Iteration based on _VMISC_

_ITER_     _AIC_     _AVERR_     _MISC_     _VAVERR_     _VMISC_

   0      2760.60    0.16525    0.061371     0.17466    0.061728
 
                                                                                
 
 
Search # 2 SINGLE LAYER trial # 2 : TANH : Prelim

The NEURAL Procedure

Preliminary       Starting         Objective         Number
 Training          Random           Function           of        Terminating
    Run             Seed             Value         Iterations     Criteria

        1           919539653    0.161909290621            8                
        2          1066768680    0.161221419753            8                
        3           544161648     0.16128880088            8                
        4           554206385    0.161620678607            8                
        5            84230724    0.161546077087            8                
        6           833458745    0.161512353306            8                
        7          2045629159    0.161817920644            8                
        8          1579423510    0.160701351662            8                
        9          2030941759    0.161767605671            8                
       10           390987285    0.161636614499            8                
       11           229072349    0.161722900697            8                
       12          1765424974    0.162045314264            8                
       13           541595795    0.162214342544            8                
       14           493163996    0.161592081719            8                
       15          1300205763    0.161455539664            8                
       16           188542894    0.161722827908            8                
 
                                                                                
 
 
Search # 2 SINGLE LAYER trial # 2 : TANH : Training

_ITER_     _AIC_     _AVERR_     _MISC_     _VAVERR_     _VMISC_

   0      2952.10    0.16070    0.061371     0.16960    0.066667
   1      2946.26    0.16029    0.061371     0.16782    0.060247
   2      2933.37    0.15938    0.061512     0.16783    0.062222
   3      2928.81    0.15906    0.060525     0.16713    0.060247
   4      2918.82    0.15835    0.060948     0.16805    0.060741
   5      2914.20    0.15803    0.060525     0.16998    0.063210
   6      2903.02    0.15724    0.059819     0.16913    0.063210
   7      2889.13    0.15626    0.058973     0.17100    0.065679
   8      2869.99    0.15491    0.059114     0.17194    0.065185
   9      2839.11    0.15273    0.058832     0.16960    0.066173
  10      2817.05    0.15117    0.058126     0.16626    0.067160
  11      2779.77    0.14854    0.057421     0.16491    0.065185
  12      2746.64    0.14621    0.056857     0.16469    0.068642
  13      2731.17    0.14512    0.056010     0.16148    0.066173
  14      2703.87    0.14319    0.054458     0.16158    0.064691
  15      2685.44    0.14189    0.053471     0.16179    0.064198
  15      2685.44    0.14189    0.053471     0.16179    0.064198
 
                                                                                
 
 
Selected Iteration based on _VMISC_

_ITER_     _AIC_     _AVERR_     _MISC_     _VAVERR_     _VMISC_

   1      2946.26    0.16029    0.061371     0.16782    0.060247
 
                                                                                
 
 
Search # 2 SINGLE LAYER trial # 3 : NORMAL : Prelim

The NEURAL Procedure

Preliminary       Starting         Objective         Number
 Training          Random           Function           of        Terminating
    Run             Seed             Value         Iterations     Criteria

        1               12345    0.156229276292            8                
 
                                                                                
 
 
Search # 2 SINGLE LAYER trial # 3 : NORMAL : Training

_ITER_     _AIC_     _AVERR_     _MISC_     _VAVERR_     _VMISC_

   0      2888.71    0.15623    0.058832     0.17115    0.060247
   1      2878.53    0.15551    0.061089     0.17031    0.060741
   2      2872.95    0.15512    0.059960     0.16996    0.063210
   3      2864.32    0.15451    0.059537     0.16815    0.062716
   4      2858.67    0.15411    0.058973     0.16793    0.061235
   5      2850.13    0.15351    0.058267     0.16682    0.061235
   6      2837.66    0.15263    0.059114     0.16574    0.062716
   7      2810.15    0.15069    0.058267     0.16460    0.065185
   8      2767.39    0.14767    0.057562     0.16304    0.060741
   9      2699.72    0.14290    0.055164     0.16236    0.062222
  10      2654.55    0.13971    0.053330     0.16441    0.061728
  11      2628.23    0.13786    0.052765     0.16396    0.064198
  12      2607.72    0.13641    0.052060     0.16446    0.067654
  13      2582.17    0.13461    0.051354     0.16415    0.068148
  14      2569.16    0.13369    0.050790     0.16651    0.068148
  15      2547.83    0.13218    0.050367     0.16635    0.066667
  15      2547.83    0.13218    0.050367     0.16635    0.066667
 
                                                                                
 
 
Selected Iteration based on _VMISC_

_ITER_     _AIC_     _AVERR_     _MISC_     _VAVERR_     _VMISC_

   0      2888.71    0.15623    0.058832     0.17115    0.060247
 
                                                                                
 
 
Search # 2 SINGLE LAYER trial # 4 : SINE : Prelim

The NEURAL Procedure

Preliminary       Starting         Objective         Number
 Training          Random           Function           of        Terminating
    Run             Seed             Value         Iterations     Criteria

        1               12345    0.157894427415            8                
 
                                                                                
 
 
Search # 2 SINGLE LAYER trial # 4 : SINE : Training

_ITER_     _AIC_     _AVERR_     _MISC_     _VAVERR_     _VMISC_

   0      2912.31    0.15789    0.057421     0.17196    0.063210
   1      2907.30    0.15754    0.058126     0.17105    0.062716
   2      2904.47    0.15734    0.059678     0.17180    0.064198
   3      2899.55    0.15699    0.059255     0.17083    0.062716
   4      2892.76    0.15651    0.058832     0.16935    0.061728
   5      2883.99    0.15590    0.058691     0.16742    0.062222
   6      2873.80    0.15518    0.059678     0.16703    0.065679
   7      2848.25    0.15338    0.057703     0.16699    0.063210
   8      2806.20    0.15041    0.057421     0.16761    0.066667
   9      2783.14    0.14878    0.057280     0.17145    0.068642
  10      2757.29    0.14696    0.054881     0.16662    0.066667
  11      2738.16    0.14561    0.055446     0.16351    0.064691
  12      2708.69    0.14353    0.054599     0.16269    0.062716
  13      2695.08    0.14257    0.053612     0.16394    0.060247
  14      2675.33    0.14118    0.053753     0.16241    0.064198
  15      2658.47    0.13999    0.053330     0.16514    0.068642
  15      2658.47    0.13999    0.053330     0.16514    0.068642
 
                                                                                
 
 
Selected Iteration based on _VMISC_

_ITER_     _AIC_     _AVERR_     _MISC_     _VAVERR_     _VMISC_

  13      2695.08    0.14257    0.053612     0.16394    0.060247
 
                                                                                
 
 
Search # 3 SINGLE LAYER trial # 1 : DIRECT : Prelim

The NEURAL Procedure

Preliminary       Starting         Objective         Number
 Training          Random           Function           of        Terminating
    Run             Seed             Value         Iterations     Criteria

        1               12345     0.15438827351            8                
 
                                                                                
 
 
Search # 3 SINGLE LAYER trial # 1 : DIRECT : Training

_ITER_     _AIC_     _AVERR_     _MISC_     _VAVERR_     _VMISC_

   0      2942.61    0.15439    0.059396     0.16770    0.066667
   1      2936.31    0.15394    0.058973     0.16859    0.066173
   2      2931.07    0.15357    0.059114     0.16736    0.062716
   3      2924.48    0.15311    0.058550     0.16718    0.064691
   4      2918.54    0.15269    0.059396     0.16699    0.064198
   5      2909.81    0.15207    0.058691     0.16523    0.064691
   6      2896.44    0.15113    0.059114     0.16281    0.062716
   7      2887.81    0.15052    0.059255     0.15921    0.062222
   8      2870.09    0.14927    0.057844     0.16162    0.065679
   9      2816.04    0.14546    0.057985     0.15765    0.062222
  10      2757.95    0.14136    0.055446     0.16267    0.069630
  11      2721.43    0.13879    0.053047     0.15740    0.064198
  12      2699.93    0.13727    0.052765     0.15752    0.065185
  13      2679.07    0.13580    0.052765     0.15691    0.062222
  14      2654.63    0.13407    0.051919     0.15300    0.063210
  15      2639.38    0.13300    0.051354     0.15422    0.059259
  15      2639.38    0.13300    0.051354     0.15422    0.059259
 
                                                                                
 
 
Selected Iteration based on _VMISC_

_ITER_     _AIC_     _AVERR_     _MISC_     _VAVERR_     _VMISC_

  15      2639.38    0.13300    0.051354     0.15422    0.059259
 
                                                                                
 
 
Search # 3 SINGLE LAYER trial # 2 : TANH : Prelim

The NEURAL Procedure

Preliminary       Starting         Objective         Number
 Training          Random           Function           of        Terminating
    Run             Seed             Value         Iterations     Criteria

        1           919539653     0.13521374023            8                
        2          1066768680    0.134936081738            8                
        3           544161648    0.135046486767            8                
        4           554206385    0.134736730157            8                
        5            84230724    0.135252538005            8                
        6           833458745    0.135047111104            8                
        7          2045629159    0.135125008451            8                
        8          1579423510    0.135234194053            8                
        9          2030941759    0.135241076872            8                
       10           390987285    0.135261879668            8                
       11           229072349    0.135165921436            8                
       12          1765424974    0.134857020385            8                
       13           541595795    0.135265023064            8                
       14           493163996    0.134974193809            8                
       15          1300205763    0.135031153338            8                
       16           188542894    0.134345425204            8                
 
                                                                                
 
 
Search # 3 SINGLE LAYER trial # 2 : TANH : Training

_ITER_     _AIC_     _AVERR_     _MISC_     _VAVERR_     _VMISC_

   0      2914.48    0.13435    0.051213     0.15877    0.062222
   1      2910.68    0.13408    0.051495     0.15814    0.063210
   2      2906.94    0.13381    0.050649     0.15883    0.063210
   3      2900.58    0.13336    0.050790     0.15792    0.063210
   4      2896.52    0.13308    0.051354     0.15795    0.062222
   5      2894.70    0.13295    0.051213     0.15760    0.063210
   6      2891.19    0.13270    0.051354     0.15882    0.065185
   7      2887.50    0.13244    0.050931     0.15893    0.062716
   8      2885.47    0.13230    0.049520     0.16044    0.061235
   9      2870.21    0.13122    0.049520     0.15917    0.061728
  10      2862.54    0.13068    0.048251     0.15842    0.061235
  11      2852.56    0.12998    0.048251     0.15913    0.062222
  12      2845.55    0.12948    0.048533     0.15850    0.063210
  13      2838.14    0.12896    0.048956     0.16005    0.064198
  14      2834.56    0.12871    0.047827     0.16083    0.064198
  15      2833.29    0.12862    0.048251     0.16307    0.064198
  15      2833.29    0.12862    0.048251     0.16307    0.064198
 
                                                                                
 
 
Selected Iteration based on _VMISC_

_ITER_     _AIC_     _AVERR_     _MISC_     _VAVERR_     _VMISC_

   8      2885.47    0.13230    0.049520     0.16044    0.061235
 
                                                                                
 
 
Search # 3 SINGLE LAYER trial # 3 : NORMAL : Prelim

The NEURAL Procedure

Preliminary       Starting         Objective         Number
 Training          Random           Function           of        Terminating
    Run             Seed             Value         Iterations     Criteria

        1           919539653    0.135263497512            8                
        2          1066768680    0.135307981492            8                
        3           544161648    0.135334641181            8                
        4           554206385      0.1352771957            8                
        5            84230724    0.135228129178            8                
        6           833458745    0.135214111953            8                
        7          2045629159    0.134986665824            8                
        8          1579423510    0.135126808372            8                
        9          2030941759    0.135188283097            8                
       10           390987285    0.135231333518            8                
       11           229072349    0.135167979689            8                
       12          1765424974    0.135080785759            8                
       13           541595795    0.135363172331            8                
       14           493163996    0.135306455296            8                
       15          1300205763     0.13529350329            8                
       16           188542894    0.135328529879            8                
 
                                                                                
 
 
Search # 3 SINGLE LAYER trial # 3 : NORMAL : Training

_ITER_     _AIC_     _AVERR_     _MISC_     _VAVERR_     _VMISC_

   0      2923.57    0.13499    0.051919     0.15644    0.063704
   1      2920.91    0.13480    0.052765     0.15682    0.064691
   2      2917.71    0.13457    0.051778     0.15607    0.063704
   3      2912.53    0.13421    0.050790     0.15620    0.062716
   4      2907.92    0.13388    0.051213     0.15595    0.062222
   5      2904.02    0.13361    0.051637     0.15672    0.062716
   6      2897.21    0.13313    0.051072     0.15700    0.061728
   7      2893.17    0.13284    0.050508     0.15803    0.063210
   8      2873.50    0.13145    0.050508     0.15768    0.060741
   9      2864.31    0.13081    0.049944     0.15663    0.062716
  10      2859.22    0.13045    0.049379     0.15880    0.060741
  11      2856.28    0.13024    0.049097     0.15861    0.060741
  12      2847.54    0.12962    0.048109     0.15971    0.062222
  13      2843.45    0.12933    0.049661     0.15870    0.062222
  14      2840.94    0.12916    0.049661     0.15952    0.065185
  15      2837.44    0.12891    0.049661     0.15871    0.065185
  15      2837.44    0.12891    0.049661     0.15871    0.065185
 
                                                                                
 
 
Selected Iteration based on _VMISC_

_ITER_     _AIC_     _AVERR_     _MISC_     _VAVERR_     _VMISC_

   8      2873.50    0.13145    0.050508     0.15768    0.060741
 
                                                                                
 
 
Search # 3 SINGLE LAYER trial # 4 : SINE : Prelim

The NEURAL Procedure

Preliminary       Starting         Objective         Number
 Training          Random           Function           of        Terminating
    Run             Seed             Value         Iterations     Criteria

        1           919539653    0.135313839133            8                
        2          1066768680    0.135308239899            8                
        3           544161648    0.135122582292            8                
        4           554206385    0.135197071879            8                
        5            84230724    0.135226484226            8                
        6           833458745    0.135236979934            8                
        7          2045629159    0.135253556735            8                
        8          1579423510    0.134884014333            8                
        9          2030941759    0.135021377607            8                
       10           390987285    0.134906304885            8                
       11           229072349    0.134958321753            8                
       12          1765424974    0.135161428295            8                
       13           541595795    0.134954707482            8                
       14           493163996    0.135298543499            8                
       15          1300205763    0.135240655502            8                
       16           188542894    0.135058539339            8                
 
                                                                                
 
 
Search # 3 SINGLE LAYER trial # 4 : SINE : Training

_ITER_     _AIC_     _AVERR_     _MISC_     _VAVERR_     _VMISC_

   0      2922.12    0.13488    0.052060     0.15663    0.061728
   1      2919.55    0.13470    0.050649     0.15715    0.061728
   2      2916.73    0.13450    0.050226     0.15650    0.060741
   3      2911.68    0.13415    0.050367     0.15661    0.060247
   4      2908.22    0.13390    0.051354     0.15595    0.059753
   5      2905.43    0.13371    0.051778     0.15668    0.061235
   6      2898.89    0.13325    0.050649     0.15750    0.062716
   7      2893.01    0.13283    0.049520     0.15908    0.060247
   8      2888.03    0.13248    0.050367     0.15882    0.062222
   9      2873.24    0.13144    0.048674     0.15994    0.063210
  10      2863.89    0.13078    0.048109     0.15987    0.063210
  11      2861.07    0.13058    0.048392     0.15867    0.061728
  12      2856.18    0.13023    0.047545     0.15971    0.061728
  13      2849.91    0.12979    0.047545     0.15957    0.062222
  14      2843.71    0.12935    0.047827     0.16053    0.063210
  15      2839.92    0.12909    0.048251     0.15986    0.063704
  15      2839.92    0.12909    0.048251     0.15986    0.063704
 
                                                                                
 
 
Selected Iteration based on _VMISC_

_ITER_     _AIC_     _AVERR_     _MISC_     _VAVERR_     _VMISC_

   4      2908.22    0.13390    0.051354     0.15595    0.059753
 
                                                                                
 
 
Search # 4 SINGLE LAYER trial # 1 : TANH : Prelim

The NEURAL Procedure

Preliminary       Starting         Objective         Number
 Training          Random           Function           of        Terminating
    Run             Seed             Value         Iterations     Criteria

        1           919539653     0.12616349558           11                
        2          1066768680    0.125180720299           11                
        3           544161648    0.125687548072           11                
        4           554206385    0.126731320755           11                
        5            84230724    0.125980764125           11                
        6           833458745    0.126248821528           11                
        7          2045629159    0.125409908263           11                
        8          1579423510    0.125795030747           11                
        9          2030941759    0.126223606445           11                
       10           390987285    0.125216064194           11                
       11           229072349    0.126805031004           11                
       12          1765424974    0.125900978953           11                
       13           541595795    0.125117874815           11                
       14           493163996    0.125678825651           11                
       15          1300205763    0.126347749804           11                
       16           188542894    0.125188068076           11                
 
                                                                                
 
 
Search # 4 SINGLE LAYER trial # 1 : TANH : Training

_ITER_     _AIC_     _AVERR_     _MISC_     _VAVERR_     _VMISC_

   0      2863.67    0.12512    0.044018     0.15224    0.057284
   1      2862.26    0.12502    0.045288     0.15134    0.056790
   2      2857.44    0.12468    0.044582     0.15189    0.058765
   3      2847.89    0.12400    0.043595     0.15104    0.060247
   4      2841.86    0.12358    0.044159     0.15151    0.059753
   5      2839.06    0.12338    0.044300     0.15093    0.059753
   6      2836.79    0.12322    0.044018     0.15111    0.059753
   7      2833.53    0.12299    0.043454     0.15032    0.058765
   8      2831.65    0.12286    0.043313     0.15047    0.059259
   9      2827.82    0.12259    0.043595     0.14969    0.057778
  10      2821.45    0.12214    0.043736     0.14970    0.057778
  11      2817.41    0.12185    0.044723     0.15002    0.058765
  12      2813.09    0.12155    0.044018     0.15045    0.059753
  13      2809.08    0.12127    0.043595     0.15031    0.059259
  14      2803.68    0.12089    0.044159     0.15331    0.058765
  15      2800.25    0.12064    0.042748     0.15364    0.059259
  16      2791.82    0.12005    0.042889     0.15418    0.061235
  17      2785.93    0.11963    0.042325     0.15318    0.060741
  18      2776.82    0.11899    0.042184     0.15337    0.059753
  19      2766.76    0.11828    0.041620     0.15172    0.062716
  20      2757.86    0.11765    0.041620     0.15177    0.063210
  21      2754.83    0.11744    0.041337     0.15106    0.063210
  22      2746.04    0.11682    0.041902     0.15093    0.061235
  22      2746.04    0.11682    0.041902     0.15093    0.061235
 
                                                                                
 
 
Selected Iteration based on _VMISC_

_ITER_     _AIC_     _AVERR_     _MISC_     _VAVERR_     _VMISC_

   1      2862.26    0.12502    0.045288     0.15134    0.056790
 
                                                                                
 
 
Search # 4 SINGLE LAYER trial # 2 : NORMAL : Prelim

The NEURAL Procedure

Preliminary       Starting         Objective         Number
 Training          Random           Function           of        Terminating
    Run             Seed             Value         Iterations     Criteria

        1               12345    0.122091874134           11                
 
                                                                                
 
 
Search # 4 SINGLE LAYER trial # 2 : NORMAL : Training

_ITER_     _AIC_     _AVERR_     _MISC_     _VAVERR_     _VMISC_

   0      2820.77    0.12209    0.045147     0.14921    0.057284
   1      2819.39    0.12199    0.045570     0.15032    0.059753
   2      2810.82    0.12139    0.043877     0.15156    0.059259
   3      2803.75    0.12089    0.043877     0.15210    0.059259
   4      2802.29    0.12079    0.044018     0.15114    0.061235
   5      2797.61    0.12046    0.043172     0.15148    0.060247
   6      2794.47    0.12024    0.042043     0.15167    0.059259
   7      2792.45    0.12009    0.042466     0.15098    0.059259
   8      2790.27    0.11994    0.043172     0.15080    0.059753
   9      2788.02    0.11978    0.042607     0.15103    0.058765
  10      2785.00    0.11957    0.043172     0.15063    0.059259
  11      2779.97    0.11921    0.042889     0.15021    0.058765
  12      2763.84    0.11808    0.042325     0.14970    0.061235
  13      2758.89    0.11773    0.041902     0.14906    0.060741
  14      2753.28    0.11733    0.042748     0.15030    0.060741
  15      2748.02    0.11696    0.043172     0.15064    0.060247
  16      2744.27    0.11670    0.043030     0.15180    0.059753
  17      2733.36    0.11593    0.043313     0.15245    0.060247
  18      2724.30    0.11529    0.042889     0.15377    0.059753
  19      2715.64    0.11468    0.043172     0.15247    0.060741
  20      2709.48    0.11424    0.041902     0.15327    0.059753
  21      2701.43    0.11367    0.041055     0.15209    0.059753
  22      2695.96    0.11329    0.041761     0.15307    0.059259
  22      2695.96    0.11329    0.041761     0.15307    0.059259
 
                                                                                
 
 
Selected Iteration based on _VMISC_

_ITER_     _AIC_     _AVERR_     _MISC_     _VAVERR_     _VMISC_

   0      2820.77    0.12209    0.045147     0.14921    0.057284
 
                                                                                
 
 
Search # 4 SINGLE LAYER trial # 3 : SINE : Prelim

The NEURAL Procedure

Preliminary       Starting         Objective         Number
 Training          Random           Function           of        Terminating
    Run             Seed             Value         Iterations     Criteria

        1               12345    0.121614539097           11                
 
                                                                                
 
 
Search # 4 SINGLE LAYER trial # 3 : SINE : Training

_ITER_     _AIC_     _AVERR_     _MISC_     _VAVERR_     _VMISC_

   0      2814.01    0.12161    0.045147     0.14833    0.058272
   1      2811.04    0.12141    0.044582     0.14902    0.057778
   2      2808.09    0.12120    0.044723     0.14953    0.060247
   3      2803.68    0.12089    0.042748     0.15053    0.060247
   4      2795.40    0.12030    0.042889     0.15031    0.059259
   5      2791.36    0.12002    0.042889     0.15046    0.059753
   6      2786.66    0.11969    0.042607     0.15091    0.062222
   7      2785.12    0.11958    0.042325     0.15131    0.059753
   8      2782.49    0.11939    0.042607     0.15057    0.059753
   9      2780.68    0.11926    0.044018     0.15154    0.059753
  10      2779.59    0.11919    0.043736     0.15105    0.059753
  11      2769.05    0.11844    0.043877     0.15166    0.057778
  12      2761.03    0.11788    0.043313     0.15304    0.058765
  13      2740.16    0.11641    0.043454     0.15395    0.059259
  14      2735.83    0.11610    0.041902     0.15345    0.061235
  15      2731.88    0.11582    0.041761     0.15560    0.060741
  16      2716.06    0.11471    0.041620     0.15584    0.061235
  17      2700.06    0.11358    0.040068     0.15504    0.060741
  18      2694.77    0.11320    0.041055     0.15231    0.058272
  19      2692.61    0.11305    0.040773     0.15279    0.057284
  20      2679.72    0.11214    0.040773     0.15312    0.057284
  21      2669.13    0.11139    0.041055     0.15457    0.056790
  22      2665.85    0.11116    0.041620     0.15376    0.058765
  22      2665.85    0.11116    0.041620     0.15376    0.058765
 
                                                                                
 
 
Selected Iteration based on _VMISC_

_ITER_     _AIC_     _AVERR_     _MISC_     _VAVERR_     _VMISC_

  21      2669.13    0.11139    0.041055     0.15457    0.056790
 
                                                                                
 
 
Search # 5 SINGLE LAYER trial # 1 : TANH : Prelim

The NEURAL Procedure

Preliminary       Starting         Objective         Number
 Training          Random           Function           of        Terminating
    Run             Seed             Value         Iterations     Criteria

        1           919539653    0.122164663801            8                
        2          1066768680    0.122046059211            8                
        3           544161648    0.121230180725            8                
        4           554206385    0.121842018146            8                
        5            84230724    0.122264265191            8                
        6           833458745    0.122020967153            8                
        7          2045629159    0.121989592668            8                
        8          1579423510    0.122169000729            8                
        9          2030941759    0.121968924817            8                
       10           390987285    0.122512785384            8                
       11           229072349    0.121968766359            8                
       12          1765424974    0.122058147463            8                
       13           541595795    0.122123243895            8                
       14           493163996    0.121995138031            8                
       15          1300205763    0.121826649415            8                
       16           188542894    0.121958957218            8                
 
                                                                                
 
 
Search # 5 SINGLE LAYER trial # 1 : TANH : Training

_ITER_     _AIC_     _AVERR_     _MISC_     _VAVERR_     _VMISC_

   0      3144.56    0.12123    0.044018     0.15029    0.058272
   1      3141.72    0.12103    0.043736     0.14976    0.058272
   2      3138.14    0.12078    0.044582     0.15032    0.058765
   3      3133.11    0.12042    0.043313     0.15070    0.058272
   4      3127.90    0.12005    0.043595     0.15145    0.058272
   5      3122.55    0.11968    0.042889     0.15180    0.060247
   6      3119.21    0.11944    0.042184     0.15255    0.061235
   7      3116.31    0.11924    0.042325     0.15206    0.059259
   8      3114.57    0.11911    0.042607     0.15092    0.058765
   9      3113.66    0.11905    0.042043     0.15079    0.058272
  10      3111.30    0.11888    0.042748     0.15015    0.059259
  11      3110.30    0.11881    0.043172     0.14996    0.059259
  12      3108.36    0.11868    0.042748     0.15052    0.059753
  13      3105.17    0.11845    0.043030     0.15112    0.060247
  14      3103.16    0.11831    0.042607     0.15250    0.063210
  15      3098.53    0.11798    0.043454     0.15322    0.061728
  15      3098.53    0.11798    0.043454     0.15322    0.061728
 
                                                                                
 
 
Selected Iteration based on _VMISC_

_ITER_     _AIC_     _AVERR_     _MISC_     _VAVERR_     _VMISC_

   0      3144.56    0.12123    0.044018     0.15029    0.058272
 
                                                                                
 
 
Search # 5 SINGLE LAYER trial # 2 : NORMAL : Prelim

The NEURAL Procedure

Preliminary       Starting         Objective         Number
 Training          Random           Function           of        Terminating
    Run             Seed             Value         Iterations     Criteria

        1           919539653    0.122057610838            8                
        2          1066768680    0.121993007155            8                
        3           544161648    0.122073451887            8                
        4           554206385    0.121880968558            8                
        5            84230724    0.121927953651            8                
        6           833458745    0.121938188293            8                
        7          2045629159    0.121801645372            8                
        8          1579423510    0.121867816664            8                
        9          2030941759    0.121721590793            8                
       10           390987285    0.121942719962            8                
       11           229072349    0.121883082496            8                
       12          1765424974    0.121831371009            8                
       13           541595795    0.122082364171            8                
       14           493163996    0.122009037315            8                
       15          1300205763    0.122120717568            8                
       16           188542894    0.122075584809            8                
 
                                                                                
 
 
Search # 5 SINGLE LAYER trial # 2 : NORMAL : Training

_ITER_     _AIC_     _AVERR_     _MISC_     _VAVERR_     _VMISC_

   0      3151.53    0.12172    0.044582     0.14945    0.059259
   1      3147.89    0.12147    0.044582     0.14991    0.058765
   2      3146.43    0.12136    0.043877     0.14955    0.057778
   3      3146.31    0.12135    0.043877     0.14950    0.057778
   4      3142.19    0.12106    0.043736     0.15028    0.058272
   5      3137.65    0.12074    0.042748     0.15069    0.059753
   6      3134.57    0.12053    0.043313     0.15293    0.060247
   7      3132.95    0.12041    0.042466     0.15397    0.060247
   8      3131.40    0.12030    0.042607     0.15359    0.061235
   9      3129.94    0.12020    0.043313     0.15450    0.060247
  10      3124.40    0.11981    0.041902     0.15350    0.060741
  11      3113.55    0.11904    0.042043     0.15119    0.061235
  12      3106.55    0.11855    0.044300     0.15037    0.063210
  13      3095.76    0.11779    0.042184     0.14952    0.061235
  14      3079.40    0.11663    0.041196     0.14796    0.060741
  15      3071.80    0.11610    0.042889     0.15032    0.060741
  15      3071.80    0.11610    0.042889     0.15032    0.060741
 
                                                                                
 
 
Selected Iteration based on _VMISC_

_ITER_     _AIC_     _AVERR_     _MISC_     _VAVERR_     _VMISC_

   2      3146.43    0.12136    0.043877     0.14955    0.057778
 
                                                                                
 
 
Search # 5 SINGLE LAYER trial # 3 : SINE : Prelim

The NEURAL Procedure

Preliminary       Starting         Objective         Number
 Training          Random           Function           of        Terminating
    Run             Seed             Value         Iterations     Criteria

        1           919539653    0.122035056669            8                
        2          1066768680    0.122050426537            8                
        3           544161648    0.121959735687            8                
        4           554206385     0.12167816191            8                
        5            84230724    0.121897717555            8                
        6           833458745    0.121988328912            8                
        7          2045629159    0.121994202584            8                
        8          1579423510    0.121535798235            8                
        9          2030941759     0.12173618284            8                
       10           390987285    0.121546950202            8                
       11           229072349    0.121312070876            8                
       12          1765424974    0.121845080026            8                
       13           541595795      0.1216476629            8                
       14           493163996    0.122083274929            8                
       15          1300205763    0.121963612975            8                
       16           188542894    0.121682013753            8                
 
                                                                                
 
 
Search # 5 SINGLE LAYER trial # 3 : SINE : Training

_ITER_     _AIC_     _AVERR_     _MISC_     _VAVERR_     _VMISC_

   0      3145.72    0.12131    0.042466     0.14937    0.056296
   1      3143.40    0.12115    0.043454     0.14970    0.057778
   2      3140.79    0.12096    0.042184     0.14937    0.057284
   3      3137.46    0.12073    0.042184     0.14973    0.056296
   4      3132.23    0.12036    0.042889     0.15159    0.058272
   5      3128.60    0.12010    0.042184     0.15237    0.058765
   6      3123.18    0.11972    0.042466     0.15142    0.059753
   7      3117.18    0.11930    0.041620     0.15169    0.060741
   8      3110.19    0.11881    0.041761     0.15066    0.059753
   9      3102.86    0.11829    0.042607     0.15046    0.059753
  10      3098.23    0.11796    0.042607     0.14978    0.060741
  11      3077.05    0.11647    0.041196     0.14993    0.059259
  12      3062.37    0.11543    0.041055     0.15212    0.059753
  13      3053.27    0.11479    0.040773     0.15374    0.060741
  14      3041.51    0.11396    0.041902     0.15416    0.061235
  15      3028.16    0.11302    0.042466     0.15390    0.060247
  15      3028.16    0.11302    0.042466     0.15390    0.060247
 
                                                                                
 
 
Selected Iteration based on _VMISC_

_ITER_     _AIC_     _AVERR_     _MISC_     _VAVERR_     _VMISC_

   0      3145.72    0.12131    0.042466     0.14937    0.056296
 
                                                                                
 
 
Search # 6 SINGLE LAYER trial # 1 : TANH : Prelim

The NEURAL Procedure

Preliminary       Starting         Objective         Number
 Training          Random           Function           of        Terminating
    Run             Seed             Value         Iterations     Criteria

        1           919539653      0.1187724945            8                
        2          1066768680    0.118946759819            8                
        3           544161648    0.118508122491            8                
        4           554206385    0.118271916955            8                
        5            84230724    0.118808841562            8                
        6           833458745    0.118943935898            8                
        7          2045629159    0.118685199927            8                
        8          1579423510    0.118816869556            8                
        9          2030941759     0.11881088224            8                
       10           390987285    0.118820892391            8                
       11           229072349    0.118572932526            8                
       12          1765424974    0.118804831896            8                
       13           541595795    0.118927580583            8                
       14           493163996    0.118833014728            8                
       15          1300205763    0.118597286468            8                
       16           188542894     0.11876604896            8                
 
                                                                                
 
 
Search # 6 SINGLE LAYER trial # 1 : TANH : Training

_ITER_     _AIC_     _AVERR_     _MISC_     _VAVERR_     _VMISC_

   0      3438.62    0.11827    0.041337     0.14968    0.059259
   1      3434.68    0.11799    0.040209     0.14998    0.060247
   2      3431.58    0.11778    0.040209     0.14908    0.060247
   3      3420.26    0.11698    0.041337     0.14864    0.058765
   4      3413.16    0.11648    0.040773     0.14899    0.058272
   5      3409.03    0.11618    0.040491     0.14934    0.059259
   6      3406.70    0.11602    0.040632     0.14870    0.057778
   7      3402.04    0.11569    0.041055     0.14823    0.057778
   8      3393.41    0.11508    0.040914     0.14805    0.057284
   9      3382.85    0.11434    0.041196     0.15128    0.056790
  10      3377.81    0.11398    0.043595     0.15749    0.059259
  11      3376.27    0.11387    0.042889     0.15963    0.059259
  12      3369.13    0.11337    0.042184     0.15964    0.059753
  13      3360.51    0.11276    0.041761     0.16146    0.060741
  14      3343.55    0.11157    0.042748     0.15960    0.061728
  15      3329.69    0.11059    0.039644     0.15781    0.062222
  15      3329.69    0.11059    0.039644     0.15781    0.062222
 
                                                                                
 
 
Selected Iteration based on _VMISC_

_ITER_     _AIC_     _AVERR_     _MISC_     _VAVERR_     _VMISC_

   9      3382.85    0.11434    0.041196     0.15128    0.056790
 
                                                                                
 
 
Search # 6 SINGLE LAYER trial # 2 : NORMAL : Prelim

The NEURAL Procedure

Preliminary       Starting         Objective         Number
 Training          Random           Function           of        Terminating
    Run             Seed             Value         Iterations     Criteria

        1           919539653    0.118729777866            8                
        2          1066768680    0.118639818298            8                
        3           544161648    0.118685755039            8                
        4           554206385    0.118537524188            8                
        5            84230724     0.11848302718            8                
        6           833458745    0.118602661367            8                
        7          2045629159    0.118420339488            8                
        8          1579423510    0.118488677403            8                
        9          2030941759    0.118234028872            8                
       10           390987285    0.118591294381            8                
       11           229072349    0.118484405555            8                
       12          1765424974    0.118383724223            8                
       13           541595795    0.118668033731            8                
       14           493163996    0.118671403981            8                
       15          1300205763    0.118798191607            8                
       16           188542894    0.118752118987            8                
 
                                                                                
 
 
Search # 6 SINGLE LAYER trial # 2 : NORMAL : Training

_ITER_     _AIC_     _AVERR_     _MISC_     _VAVERR_     _VMISC_

   0      3438.09    0.11823    0.041902     0.15083    0.059259
   1      3431.20    0.11775    0.041055     0.15004    0.059259
   2      3429.92    0.11766    0.041479     0.14944    0.058765
   3      3427.60    0.11749    0.042043     0.15020    0.057778
   4      3422.76    0.11715    0.041479     0.15041    0.057778
   5      3418.56    0.11686    0.041479     0.15021    0.056790
   6      3415.77    0.11666    0.041337     0.15178    0.057284
   7      3413.68    0.11651    0.041479     0.15127    0.056790
   8      3408.49    0.11615    0.041620     0.15161    0.059259
   9      3399.02    0.11548    0.042043     0.15007    0.056296
  10      3393.37    0.11508    0.041761     0.14991    0.057778
  11      3372.07    0.11358    0.041479     0.15058    0.057284
  12      3362.50    0.11290    0.041196     0.15096    0.058272
  13      3343.74    0.11158    0.040773     0.15628    0.061728
  14      3334.71    0.11094    0.043736     0.16071    0.062222
  15      3322.47    0.11008    0.043030     0.16302    0.063704
  15      3322.47    0.11008    0.043030     0.16302    0.063704
 
                                                                                
 
 
Selected Iteration based on _VMISC_

_ITER_     _AIC_     _AVERR_     _MISC_     _VAVERR_     _VMISC_

   9      3399.02    0.11548    0.042043     0.15007    0.056296
 
                                                                                
 
 
Search # 6 SINGLE LAYER trial # 3 : SINE : Prelim

The NEURAL Procedure

Preliminary       Starting         Objective         Number
 Training          Random           Function           of        Terminating
    Run             Seed             Value         Iterations     Criteria

        1           919539653    0.118864086904            8                
        2          1066768680    0.118818780152            8                
        3           544161648     0.11885762563            8                
        4           554206385    0.118860224838            8                
        5            84230724    0.118827229335            8                
        6           833458745    0.118809331213            8                
        7          2045629159    0.118799932111            8                
        8          1579423510    0.118283098672            8                
        9          2030941759    0.118702265897            8                
       10           390987285    0.118351388764            8                
       11           229072349    0.118832839836            8                
       12          1765424974     0.11883219079            8                
       13           541595795      0.1185294528            8                
       14           493163996    0.118834121594            8                
       15          1300205763    0.118792251961            8                
       16           188542894    0.118733538482            8                
 
                                                                                
 
 
Search # 6 SINGLE LAYER trial # 3 : SINE : Training

_ITER_     _AIC_     _AVERR_     _MISC_     _VAVERR_     _VMISC_

   0      3438.78    0.11828    0.043172     0.15216    0.059753
   1      3436.63    0.11813    0.042043     0.15156    0.058765
   2      3426.61    0.11742    0.041902     0.15085    0.058765
   3      3423.73    0.11722    0.040491     0.15018    0.057778
   4      3416.76    0.11673    0.041479     0.15089    0.059753
   5      3413.06    0.11647    0.041055     0.15100    0.058765
   6      3409.21    0.11620    0.041620     0.15056    0.059753
   7      3399.19    0.11549    0.042184     0.14959    0.058765
   8      3394.21    0.11514    0.042325     0.14940    0.058272
   9      3372.68    0.11362    0.041620     0.15299    0.057778
  10      3369.25    0.11338    0.043172     0.16010    0.062716
  11      3359.71    0.11271    0.041761     0.16242    0.064691
  12      3342.72    0.11151    0.042607     0.15822    0.060247
  13      3326.22    0.11034    0.041761     0.15802    0.060247
  14      3317.25    0.10971    0.042043     0.15750    0.060741
  15      3289.62    0.10776    0.041337     0.16303    0.060741
  15      3289.62    0.10776    0.041337     0.16303    0.060741
 
                                                                                
 
 
Selected Iteration based on _VMISC_

_ITER_     _AIC_     _AVERR_     _MISC_     _VAVERR_     _VMISC_

   3      3423.73    0.11722    0.040491     0.15018    0.057778
 
                                                                                
 
 
Final Training Prelim

The NEURAL Procedure

Preliminary       Starting         Objective         Number
 Training          Random           Function           of        Terminating
    Run             Seed             Value         Iterations     Criteria

        1               12345    0.118805493011            8                
 
                                                                                
 
 
Final Training Training

_ITER_     _AIC_     _AVERR_     _MISC_     _VAVERR_     _VMISC_

   0      3110.19    0.11881    0.041761     0.15066    0.059753
   1      3104.92    0.11843    0.042184     0.15016    0.059259
   2      3103.27    0.11832    0.041620     0.14932    0.058272
   3      3102.61    0.11827    0.041902     0.15022    0.058765
   4      3096.71    0.11785    0.041761     0.15068    0.058272
   5      3094.09    0.11767    0.041337     0.14991    0.057778
   5      3094.09    0.11767    0.041337     0.14991    0.057778
 
                                                                                
 
 
Selected Iteration based on _VMISC_

_ITER_     _AIC_     _AVERR_     _MISC_     _VAVERR_     _VMISC_

   5      3094.09    0.11767    0.041337     0.14991    0.057778
 
                                                                                
 
 
Final Training History

    _step_     _func_ _status_  _iter_ _AVERR_  _MISC_  _AIC_  _VAVERR_ _VMISC_

SINGLE LAYER 1 DIRECT initial      0   0.44082 0.16069 6331.05  0.44049 0.16049
SINGLE LAYER 1 DIRECT candidate    2   0.20873 0.07731 3040.89  0.21019 0.08494
SINGLE LAYER 1 TANH   candidate   13   0.17059 0.06179 2756.32  0.17563 0.06469
SINGLE LAYER 1 NORMAL candidate    8   0.17437 0.06504 2809.83  0.17471 0.06272
SINGLE LAYER 1 SINE   reject      13   0.16433 0.06067 2667.49  0.17677 0.06617
SINGLE LAYER 1 NORMAL keep         8   0.17437 0.06504 2809.83  0.17471 0.06272
SINGLE LAYER 2 DIRECT candidate    0   0.16525 0.06137 2760.60  0.17466 0.06173
SINGLE LAYER 2 TANH   candidate    1   0.16029 0.06137 2946.26  0.16782 0.06025
SINGLE LAYER 2 NORMAL reject       0   0.15623 0.05883 2888.71  0.17115 0.06025
SINGLE LAYER 2 SINE   reject      13   0.14257 0.05361 2695.08  0.16394 0.06025
SINGLE LAYER 2 TANH   keep         1   0.16029 0.06137 2946.26  0.16782 0.06025
SINGLE LAYER 3 DIRECT candidate   15   0.13300 0.05135 2639.38  0.15422 0.05926
SINGLE LAYER 3 TANH   reject       8   0.13230 0.04952 2885.47  0.16044 0.06123
SINGLE LAYER 3 NORMAL reject       8   0.13145 0.05051 2873.50  0.15768 0.06074
SINGLE LAYER 3 SINE   reject       4   0.13390 0.05135 2908.22  0.15595 0.05975
SINGLE LAYER 3 DIRECT keep        15   0.13300 0.05135 2639.38  0.15422 0.05926
SINGLE LAYER 4 TANH   candidate    1   0.12502 0.04529 2862.26  0.15134 0.05679
SINGLE LAYER 4 NORMAL reject       0   0.12209 0.04515 2820.77  0.14921 0.05728
SINGLE LAYER 4 SINE   reject      21   0.11139 0.04106 2669.13  0.15457 0.05679
SINGLE LAYER 4 TANH   keep         1   0.12502 0.04529 2862.26  0.15134 0.05679
SINGLE LAYER 5 TANH   reject       0   0.12123 0.04402 3144.56  0.15029 0.05827
SINGLE LAYER 5 NORMAL reject       2   0.12136 0.04388 3146.43  0.14955 0.05778
SINGLE LAYER 5 SINE   candidate    0   0.12131 0.04247 3145.72  0.14937 0.05630
SINGLE LAYER 5 SINE   keep         0   0.12131 0.04247 3145.72  0.14937 0.05630
SINGLE LAYER 6 TANH   reject       9   0.11434 0.04120 3382.85  0.15128 0.05679
SINGLE LAYER 6 NORMAL reject       9   0.11548 0.04204 3399.02  0.15007 0.05630
SINGLE LAYER 6 SINE   reject       3   0.11722 0.04049 3423.73  0.15018 0.05778
                      Final        5   0.11767 0.04134 3094.09  0.14991 0.05778
 
                                                                                
 
 
Final Model
Stopping: Termination criteria were satisfied: overfitting based on _VMISC_

_func_    _AVERR_    _VAVERR_    neurons

NORMAL    0.17437     0.17471        4  
TANH      0.16029     0.16782        4  
DIRECT    0.13300     0.15422        0  
TANH      0.12502     0.15134        4  
SINE      0.12131     0.14937        4  
                                 =======
                                    16  
