 
                                                                                                                                                                                                                                                                
 
Variable Importance

                                                                                                                                                Ratio of
                                                                                      Number of                                               Validation
                                                                                      Splitting                            Validation        to Training
Variable Name                                           Label                           Rules           Importance         Importance         Importance

RANGE_LOG_Total_Trans_Amt           Transformed: Transformed Total_Trans_Amt              7                 1.0000             1.0000             1.0000
RANGE_Total_Revolving_Bal           Transformed Total_Revolving_Bal                       5                 0.6079             0.6039             0.9934
G_Total_Trans_Ct                    Grouped Levels for  Total_Trans_Ct                    4                 0.5600             0.5183             0.9255
RANGE_SQRT_Total_Ct_Chng_Q4_Q1      Transformed: Transformed Total_Ct_Chng_Q4_Q1          8                 0.3823             0.3460             0.9050
G_Total_Relationship_Count          Grouped Levels for  Total_Relationship_Count          1                 0.3673             0.3417             0.9305
RANGE_SQRT_Avg_Utilization_Ratio    Transformed: Transformed Avg_Utilization_Ratio        3                 0.3367             0.2801             0.8320
RANGE_SQRT_Total_Amt_Chng_Q4_Q1     Transformed: Transformed Total_Amt_Chng_Q4_Q1         7                 0.3126             0.2546             0.8144
G_Customer_Age                      Grouped Levels for  Customer_Age                      2                 0.1621             0.1859             1.1465
 
                                                                                                                                                                                                                                                                
 
Tree Leaf Report

                                 Training
Node               Training       Percent     Validation     Validation
 Id     Depth    Observations        1       Observations     Percent 1

  57      3          2991          0.00           848           0.00   
  37      3           694          0.03           196           0.03   
  20      2           527          0.00           146           0.00   
 173      4           257          0.02            75           0.00   
  46      3           216          0.13            60           0.07   
  56      3           196          0.09            56           0.05   
  31      3           194          0.07            59           0.12   
 116      4           159          0.98            30           0.93   
  93      4           115          0.05            35           0.00   
   2      1           114          0.90            31           0.84   
  40      3           114          0.89            52           0.79   
  32      3            74          0.08            20           0.00   
 115      4            72          0.93            17           0.94   
 138      4            65          0.00             9           0.11   
  45      3            63          0.06            23           0.17   
  39      3            62          0.71            14           0.86   
  26      3            54          0.94            17           1.00   
  47      3            53          0.34            19           0.16   
  55      3            52          0.27            23           0.30   
  38      3            50          0.04            13           0.15   
  94      4            47          0.11            12           0.00   
  50      3            43          0.95            10           0.80   
  61      3            43          0.98            21           0.86   
 174      4            43          0.98            12           0.92   
 171      4            34          0.00             6           0.00   
  43      3            27          0.52             6           0.50   
 270      5            26          0.15             2           0.00   
 301      5            26          0.00             3           0.33   
 303      5            26          0.65             3           0.67   
 137      4            25          0.08             6           0.00   
  51      3            22          0.64            10           0.90   
 181      4            21          0.00             8           0.00   
  64      3            20          0.65             8           0.88   
 176      4            20          0.30             7           0.43   
 154      4            19          0.95            10           0.80   
 155      4            17          0.47             4           0.50   
 180      4            17          0.12             5           0.20   
  72      4            16          1.00             3           0.33   
 365      6            15          0.00             1           0.00   
  29      3            14          0.14             4           0.00   
  60      3            14          1.00             8           1.00   
  80      4            14          0.07             7           0.14   
  96      4            14          0.79             2           1.00   
 157      4            14          0.00             7           0.00   
 271      5            14          0.00             6           0.00   
  34      3            12          0.67             3           1.00   
  52      3            12          0.50             4           0.50   
 124      4            12          0.08             5           0.60   
 209      5            12          0.92             3           0.67   
 321      6            12          0.92             4           1.00   
 152      4            11          0.09             1           0.00   
 123      4            10          0.80             2           1.00   
 153      4            10          0.00             2           0.00   
 177      4            10          0.60             0            .     
  62      3             9          0.56             2           0.50   
 139      4             9          1.00             5           0.60   
 156      4             9          0.22             0            .     
 269      5             9          0.44             0            .     
  91      4             8          0.00             2           0.50   
 118      4             8          1.00             5           0.60   
 140      4             8          0.50             3           0.67   
 142      4             8          0.00             2           0.00   
 175      4             8          0.75             1           0.00   
 186      5             8          0.88             4           1.00   
 188      5             8          0.25             5           0.60   
 211      5             8          0.13             4           0.25   
 275      5             8          0.88             5           0.40   
 276      5             8          1.00             1           1.00   
  33      3             7          0.71             1           0.00   
  74      4             7          0.14             1           0.00   
 172      4             7          0.57             2           0.50   
 182      4             7          0.43             0            .     
 237      5             7          0.29             3           0.33   
 319      6             7          0.29             2           0.00   
  77      4             6          1.00             7           0.71   
  79      4             6          0.33             2           0.00   
  92      4             6          1.00             1           1.00   
 113      4             6          0.17             4           0.25   
 117      4             6          0.83             1           1.00   
 238      5             6          1.00             1           1.00   
  27      3             5          0.20             0            .     
  71      4             5          0.80             0            .     
  73      4             5          0.60             1           0.00   
 119      4             5          0.20             3           0.00   
 150      4             5          0.60             2           1.00   
 151      4             5          0.40             1           1.00   
 183      4             5          1.00             2           1.00   
 189      5             5          1.00             0            .     
 210      5             5          0.20             3           0.33   
 266      5             5          0.80             1           1.00   
 267      5             5          0.20             0            .     
 268      5             5          0.80             3           0.67   
 274      5             5          0.40             2           0.00   
 300      5             5          0.60             2           0.50   
 320      6             5          0.80             2           0.00   
 366      6             5          0.80             1           1.00   
 
                                                                                               
 
 
Fit Statistics

Target=Attrition_Flag Target Label=' '

   Fit
Statistics    Statistics Label                 Train    Validation       Test

  _NOBS_      Sum of Frequencies             7088.00      2025.00     1014.00
  _MISC_      Misclassification Rate            0.05         0.06        0.07
  _MAX_       Maximum Absolute Error            1.00         1.00        1.00
  _SSE_       Sum of Squared Errors           541.55       206.06      111.79
  _ASE_       Average Squared Error             0.04         0.05        0.06
  _RASE_      Root Average Squared Error        0.20         0.23        0.23
  _DIV_       Divisor for ASE               14176.00      4050.00     2028.00
  _DFT_       Total Degrees of Freedom       7088.00          .           .  
 
                                                                                               
 
 
Classification Table

Data Role=TRAIN Target Variable=Attrition_Flag Target Label=' '

                       Target        Outcome     Frequency       Total
Target    Outcome    Percentage    Percentage      Count      Percentage

  0          0         96.5139       97.7307        5814        82.0260 
  1          0          3.4861       18.4372         210         2.9628 
  0          1         12.6880        2.2693         135         1.9046 
  1          1         87.3120       81.5628         929        13.1067 


Data Role=VALIDATE Target Variable=Attrition_Flag Target Label=' '

                       Target        Outcome     Frequency       Total
Target    Outcome    Percentage    Percentage      Count      Percentage

  0          0         96.1966       96.7059        1644        81.1852 
  1          0          3.8034       20.0000          65         3.2099 
  0          1         17.7215        3.2941          56         2.7654 
  1          1         82.2785       80.0000         260        12.8395 
 
                                                                                               
 
 
Event Classification Table

Data Role=TRAIN Target=Attrition_Flag Target Label=' '

  False       True        False       True
Negative    Negative    Positive    Positive

   210        5814         135         929  


Data Role=VALIDATE Target=Attrition_Flag Target Label=' '

  False       True        False       True
Negative    Negative    Positive    Positive

   65         1644         56          260  
 
                                                                                               
 
 
Assessment Score Rankings

Data Role=TRAIN Target Variable=Attrition_Flag Target Label=' '

                                                                                    Mean
                            Cumulative       %      Cumulative     Number of     Posterior
Depth      Gain     Lift       Lift      Response   % Response   Observations   Probability

   5    511.334   6.11334     6.11334     98.2378     98.2378         355         0.98238  
  10    491.342   5.71293     5.91342     91.8034     95.0251         354         0.91803  
  15    443.343   4.47481     5.43343     71.9076     87.3120         355         0.71908  
  20    349.829   1.68759     4.49829     27.1186     72.2849         354         0.27119  
  25    273.733   0.68917     3.73733     11.0746     60.0567         354         0.11075  
  30    219.405   0.48228     3.19405      7.7500     51.3266         355         0.07750  
  35    178.221   0.30768     2.78221      4.9442     44.7085         354         0.04944  
  40    145.640   0.17934     2.45640      2.8818     39.4728         355         0.02882  
  45    120.133   0.15790     2.20133      2.5374     35.3740         354         0.02537  
  50     98.684   0.05403     1.98684      0.8683     31.9274         354         0.00868  
  55     80.746   0.01664     1.80746      0.2675     29.0448         355         0.00267  
  60     65.840   0.01664     1.65840      0.2675     26.6495         354         0.00267  
  65     53.192   0.01664     1.53192      0.2675     24.6170         355         0.00267  
  70     42.381   0.01664     1.42381      0.2675     22.8799         354         0.00267  
  75     33.011   0.01664     1.33011      0.2675     21.3741         354         0.00267  
  80     24.789   0.01664     1.24789      0.2675     20.0528         355         0.00267  
  85     17.554   0.01664     1.17554      0.2675     18.8903         354         0.00267  
  90     11.097   0.01505     1.11097      0.2419     17.8527         355         0.00242  
  95      5.257   0.00000     1.05257      0.0000     16.9142         354         0.00000  
 100      0.000   0.00000     1.00000      0.0000     16.0694         354         0.00000  


Data Role=VALIDATE Target Variable=Attrition_Flag Target Label=' '

                                                                                    Mean
                            Cumulative       %      Cumulative     Number of     Posterior
Depth      Gain     Lift       Lift      Response   % Response   Observations   Probability

   5    430.226   5.30226     5.30226     85.0980     85.0980         102         0.98419  
  10    436.604   5.43045     5.36604     87.1554     86.1216         101         0.91958  
  15    420.187   4.87191     5.20187     78.1912     83.4868         101         0.78203  
  20    340.000   1.98644     4.40000     31.8812     70.6173         101         0.33364  
  25    260.038   0.42542     3.60038      6.8277     57.7839         102         0.11712  
  30    209.333   0.54801     3.09333      8.7952     49.6460         101         0.08126  
  35    173.513   0.57886     2.73513      9.2904     43.8971         101         0.05893  
  40    142.261   0.22875     2.42261      3.6713     38.8813         101         0.02937  
  45    117.257   0.18700     2.17257      3.0012     34.8684         102         0.02856  
  50     95.677   0.00815     1.95677      0.1308     31.4049         101         0.01199  
  55     78.203   0.02939     1.78203      0.4717     28.6004         101         0.00267  
  60     63.633   0.02939     1.63633      0.4717     26.2621         101         0.00267  
  65     51.188   0.02939     1.51188      0.4717     24.2647         102         0.00267  
  70     40.628   0.02939     1.40628      0.4717     22.5700         101         0.00267  
  75     31.473   0.02939     1.31473      0.4717     21.1006         101         0.00267  
  80     23.460   0.02939     1.23460      0.4717     19.8145         101         0.00267  
  85     16.321   0.02939     1.16321      0.4717     18.6688         102         0.00267  
  90     10.039   0.02939     1.10039      0.4717     17.6606         101         0.00267  
  95      4.738   0.09063     1.04738      1.4545     16.8099         101         0.00026  
 100      0.000   0.09736     1.00000      1.5625     16.0494         101         0.00000  
 
                                                                                               
 
 
Assessment Score Distribution

Data Role=TRAIN Target Variable=Attrition_Flag Target Label=' '

 Posterior     Number                     Mean
Probability      of      Number of     Posterior
   Range       Events    Nonevents    Probability    Percentage

 0.95-1.00       364           7        0.98113         5.2342 
 0.90-0.95       261          22        0.92226         3.9927 
 0.85-0.90       115          15        0.88462         1.8341 
 0.80-0.85         5           1        0.83333         0.0847 
 0.75-0.80        39          10        0.79592         0.6913 
 0.70-0.75        55          22        0.71429         1.0863 
 0.65-0.70        25          13        0.65789         0.5361 
 0.60-0.65        27          15        0.64286         0.5926 
 0.55-0.60        24          17        0.58537         0.5784 
 0.50-0.55        14          13        0.51852         0.3809 
 0.45-0.50        18          19        0.48649         0.5220 
 0.40-0.45         7           9        0.43750         0.2257 
 0.35-0.40         4           6        0.40000         0.1411 
 0.30-0.35        20          39        0.33898         0.8324 
 0.25-0.30        24          62        0.27907         1.2133 
 0.20-0.25         4          13        0.23529         0.2398 
 0.15-0.20         9          43        0.17308         0.7336 
 0.10-0.15        38         271        0.12298         4.3595 
 0.05-0.10        52         652        0.07386         9.9323 
 0.00-0.05        34        4700        0.00718        66.7889 


Data Role=VALIDATE Target Variable=Attrition_Flag Target Label=' '

 Posterior     Number                     Mean
Probability      of      Number of     Posterior
   Range       Events    Nonevents    Probability    Percentage

 0.95-1.00       90           16        0.98303         5.2346 
 0.90-0.95       73            9        0.92407         4.0494 
 0.85-0.90       47           14        0.88435         3.0123 
 0.80-0.85        1            0        0.83333         0.0494 
 0.75-0.80        8            3        0.79740         0.5432 
 0.70-0.75       12            4        0.71249         0.7901 
 0.65-0.70        5            1        0.66026         0.2963 
 0.60-0.65       16            2        0.64242         0.8889 
 0.55-0.60        5            4        0.58377         0.4444 
 0.50-0.55        3            3        0.51852         0.2963 
 0.45-0.50        6            5        0.48930         0.5432 
 0.35-0.40        1            2        0.40000         0.1481 
 0.30-0.35        3           18        0.33902         1.0370 
 0.25-0.30       11           24        0.27774         1.7284 
 0.20-0.25        3            2        0.25000         0.2469 
 0.15-0.20        2           10        0.18120         0.5926 
 0.10-0.15        6           80        0.12301         4.2469 
 0.05-0.10       18          194        0.07308        10.4691 
 0.00-0.05       15         1309        0.00725        65.3827 
