 
                                                                                               
 
 
Fit Statistics

Target=Attrition_Flag Target Label=' '

   Fit
Statistics    Statistics Label                     Train    Validation       Test

  _NOBS_      Sum of Frequencies                 7088.00      2025.00     1014.00
  _SUMW_      Sum of Case Weights Times Freq    14176.00      4050.00     2028.00
  _MISC_      Misclassification Rate                0.08         0.08        0.08
  _MAX_       Maximum Absolute Error                0.98         0.97        0.93
  _SSE_       Sum of Squared Errors               833.99       246.78      119.06
  _ASE_       Average Squared Error                 0.06         0.06        0.06
  _RASE_      Root Average Squared Error            0.24         0.25        0.24
  _DIV_       Divisor for ASE                   14176.00      4050.00     2028.00
  _DFT_       Total Degrees of Freedom           7088.00          .           .  
 
                                                                                               
 
 
Classification Table

Data Role=TRAIN Target Variable=Attrition_Flag Target Label=' '

                       Target        Outcome     Frequency       Total
Target    Outcome    Percentage    Percentage      Count      Percentage

  0          0         92.7881       98.4031        5854        82.5903 
  1          0          7.2119       39.9473         455         6.4193 
  0          1         12.1951        1.5969          95         1.3403 
  1          1         87.8049       60.0527         684         9.6501 


Data Role=VALIDATE Target Variable=Attrition_Flag Target Label=' '

                       Target        Outcome     Frequency       Total
Target    Outcome    Percentage    Percentage      Count      Percentage

  0          0         92.4100       98.1176        1668        82.3704 
  1          0          7.5900       42.1538         137         6.7654 
  0          1         14.5455        1.8824          32         1.5802 
  1          1         85.4545       57.8462         188         9.2840 
 
                                                                                               
 
 
Event Classification Table

Data Role=TRAIN Target=Attrition_Flag Target Label=' '

  False       True        False       True
Negative    Negative    Positive    Positive

   455        5854         95          684  


Data Role=VALIDATE Target=Attrition_Flag Target Label=' '

  False       True        False       True
Negative    Negative    Positive    Positive

   137        1668         32          188  
 
                                                                                               
 
 
Assessment Score Rankings

Data Role=TRAIN Target Variable=Attrition_Flag Target Label=' '

                                                                                    Mean
                            Cumulative       %      Cumulative     Number of     Posterior
Depth      Gain     Lift       Lift      Response   % Response   Observations   Probability

   5    503.018   6.03018     6.03018     96.9014     96.9014         355         0.79739  
  10    463.493   5.23857     5.63493     84.1808     90.5501         354         0.63376  
  15    398.308   3.68121     4.98308     59.1549     80.0752         355         0.44691  
  20    322.620   1.95128     4.22620     31.3559     67.9126         354         0.30957  
  25    257.507   0.96685     3.57507     15.5367     57.4492         354         0.22342  
  30    210.419   0.75377     3.10419     12.1127     49.8825         355         0.16464  
  35    172.397   0.43948     2.72397      7.0621     43.7727         354         0.12870  
  40    140.933   0.21036     2.40933      3.3803     38.7165         355         0.10162  
  45    116.537   0.21095     2.16537      3.3898     34.7962         354         0.08141  
  50     96.664   0.17579     1.96664      2.8249     31.6027         354         0.06676  
  55     79.715   0.10518     1.79715      1.6901     28.8792         355         0.05588  
  60     65.635   0.10547     1.65635      1.6949     26.6165         354         0.04710  
  65     53.144   0.03506     1.53144      0.5634     24.6094         355         0.03936  
  70     42.720   0.07032     1.42720      1.1299     22.9343         354         0.03218  
  75     33.333   0.01758     1.33333      0.2825     21.4259         354         0.02614  
  80     24.987   0.00000     1.24987      0.0000     20.0846         355         0.02096  
  85     17.643   0.00000     1.17643      0.0000     18.9046         354         0.01640  
  90     11.097   0.00000     1.11097      0.0000     17.8527         355         0.01228  
  95      5.257   0.00000     1.05257      0.0000     16.9142         354         0.00853  
 100      0.000   0.00000     1.00000      0.0000     16.0694         354         0.00500  


Data Role=VALIDATE Target Variable=Attrition_Flag Target Label=' '

                                                                                    Mean
                            Cumulative       %      Cumulative     Number of     Posterior
Depth      Gain     Lift       Lift      Response   % Response   Observations   Probability

   5    492.534   5.92534     5.92534     95.0980     95.0980         102         0.77563  
  10    449.413   5.05864     5.49413     81.1881     88.1773         101         0.62634  
  15    377.556   3.33130     4.77556     53.4653     76.6447         101         0.45056  
  20    316.923   2.34425     4.16923     37.6238     66.9136         101         0.32712  
  25    261.311   1.40498     3.61311     22.5490     57.9882         102         0.24185  
  30    217.687   0.98705     3.17687     15.8416     50.9868         101         0.17623  
  35    178.583   0.43184     2.78583      6.9307     44.7109         101         0.12848  
  40    145.385   0.12338     2.45385      1.9802     39.3827         101         0.09883  
  45    120.673   0.24434     2.20673      3.9216     35.4167         102         0.07881  
  50     98.671   0.00000     1.98671      0.0000     31.8855         101         0.06564  
  55     80.659   0.00000     1.80659      0.0000     28.9946         101         0.05557  
  60     66.154   0.06169     1.66154      0.9901     26.6667         101         0.04654  
  65     53.285   0.00000     1.53285      0.0000     24.6014         102         0.03961  
  70     42.367   0.00000     1.42367      0.0000     22.8491         101         0.03254  
  75     33.311   0.06169     1.33311      0.9901     21.3957         101         0.02708  
  80     25.000   0.00000     1.25000      0.0000     20.0617         101         0.02211  
  85     17.596   0.00000     1.17596      0.0000     18.8734         102         0.01762  
  90     11.081   0.00000     1.11081      0.0000     17.8278         101         0.01329  
  95      5.249   0.00000     1.05249      0.0000     16.8919         101         0.00977  
 100      0.000   0.00000     1.00000      0.0000     16.0494         101         0.00603  
 
                                                                                               
 
 
Assessment Score Distribution

Data Role=TRAIN Target Variable=Attrition_Flag Target Label=' '

 Posterior     Number                     Mean
Probability      of      Number of     Posterior
   Range       Events    Nonevents    Probability    Percentage

 0.85-0.90        52           0        0.86476         0.7336 
 0.80-0.85       130           4        0.82781         1.8905 
 0.75-0.80        84           4        0.77334         1.2415 
 0.70-0.75       100           3        0.72503         1.4532 
 0.65-0.70       113           9        0.67524         1.7212 
 0.60-0.65        87          25        0.62887         1.5801 
 0.55-0.60        62          19        0.57631         1.1428 
 0.50-0.55        56          31        0.52636         1.2274 
 0.45-0.50        61          35        0.47292         1.3544 
 0.40-0.45        70          36        0.42641         1.4955 
 0.35-0.40        61          67        0.37239         1.8059 
 0.30-0.35        48         113        0.32357         2.2714 
 0.25-0.30        50         146        0.27382         2.7652 
 0.20-0.25        34         206        0.22516         3.3860 
 0.15-0.20        50         316        0.17244         5.1637 
 0.10-0.15        37         573        0.12328         8.6061 
 0.05-0.10        31        1236        0.07053        17.8753 
 0.00-0.05        13        3126        0.02267        44.2861 


Data Role=VALIDATE Target Variable=Attrition_Flag Target Label=' '

 Posterior     Number                     Mean
Probability      of      Number of     Posterior
   Range       Events    Nonevents    Probability    Percentage

 0.85-0.90       10           0         0.86563         0.4938 
 0.80-0.85       23           1         0.82399         1.1852 
 0.75-0.80       27           2         0.77364         1.4321 
 0.70-0.75       39           2         0.72320         2.0247 
 0.65-0.70       31           3         0.67882         1.6790 
 0.60-0.65       27           6         0.62594         1.6296 
 0.55-0.60       19           8         0.57063         1.3333 
 0.50-0.55       12          10         0.52397         1.0864 
 0.45-0.50       22          10         0.47367         1.5802 
 0.40-0.45       17          17         0.42620         1.6790 
 0.35-0.40       18          30         0.37474         2.3704 
 0.30-0.35       18          28         0.32140         2.2716 
 0.25-0.30       21          46         0.27390         3.3086 
 0.20-0.25       10          56         0.22508         3.2593 
 0.15-0.20       16          79         0.17444         4.6914 
 0.10-0.15        8         140         0.12117         7.3086 
 0.05-0.10        5         355         0.07057        17.7778 
 0.00-0.05        2         907         0.02380        44.8889 
