 
                                                                                                                                                                                                                                                                
 
 
Summary Statistics for Class Targets

Data=DATA

                  Numeric    Formatted    Frequency
   Variable        Value       Value        Count      Percent    Label

Attrition_Flag       .           0           8500      83.9340         
Attrition_Flag       .           1           1627      16.0660         


Data=TEST

                  Numeric    Formatted    Frequency
   Variable        Value       Value        Count      Percent    Label

Attrition_Flag       .           0           851       83.9250         
Attrition_Flag       .           1           163       16.0750         


Data=TRAIN

                  Numeric    Formatted    Frequency
   Variable        Value       Value        Count      Percent    Label

Attrition_Flag       .           0           5949      83.9306         
Attrition_Flag       .           1           1139      16.0694         


Data=VALIDATE

                  Numeric    Formatted    Frequency
   Variable        Value       Value        Count      Percent    Label

Attrition_Flag       .           0           1700      83.9506         
Attrition_Flag       .           1            325      16.0494         
