 
                                                                                               
 
 
Fit Statistics

Target=Attrition_Flag Target Label=' '

   Fit
Statistics    Statistics Label                      Train    Validation       Test

 _ASE_        Average Squared Error                  0.05         0.05        0.05
 _DIV_        Divisor for ASE                    14176.00      4050.00     2028.00
 _MAX_        Maximum Absolute Error                 1.00         1.00        0.99
 _NOBS_       Sum of Frequencies                  7088.00      2025.00     1014.00
 _RASE_       Root Average Squared Error             0.22         0.23        0.21
 _SSE_        Sum of Squared Errors                666.59       205.89       92.73
 _DISF_       Frequency of Classified Cases       7088.00      2025.00     1014.00
 _MISC_       Misclassification Rate                 0.06         0.07        0.06
 _WRONG_      Number of Wrong Classifications      431.00       132.00       63.00
 
                                                                                               
 
 
Classification Table

Data Role=TRAIN Target Variable=Attrition_Flag Target Label=' '

                       Target        Outcome     Frequency       Total
Target    Outcome    Percentage    Percentage      Count      Percentage

  0          0         95.3634       97.4954        5800        81.8284 
  1          0          4.6366       24.7586         282         3.9786 
  0          1         14.8111        2.5046         149         2.1021 
  1          1         85.1889       75.2414         857        12.0909 


Data Role=VALIDATE Target Variable=Attrition_Flag Target Label=' '

                       Target        Outcome     Frequency       Total
Target    Outcome    Percentage    Percentage      Count      Percentage

  0          0         95.7944       96.4706        1640        80.9877 
  1          0          4.2056       22.1538          72         3.5556 
  0          1         19.1693        3.5294          60         2.9630 
  1          1         80.8307       77.8462         253        12.4938 
 
                                                                                               
 
 
Event Classification Table

Data Role=TRAIN Target=Attrition_Flag Target Label=' '

  False       True        False       True
Negative    Negative    Positive    Positive

   282        5800         149         857  


Data Role=VALIDATE Target=Attrition_Flag Target Label=' '

  False       True        False       True
Negative    Negative    Positive    Positive

   72         1640         60          253  
 
                                                                                               
 
 
Assessment Score Rankings

Data Role=TRAIN Target Variable=Attrition_Flag Target Label=' '

                                                                                    Mean
                            Cumulative       %      Cumulative     Number of     Posterior
Depth      Gain     Lift       Lift      Response   % Response   Observations   Probability

   5    496.006   5.96006     5.96006     95.7746     95.7746         355         0.96634  
  10    488.069   5.80110     5.88069     93.2203     94.4993         354         0.89359  
  15    418.779   3.80392     5.18779     61.1268     83.3647         355         0.63867  
  20    330.958   1.67001     4.30958     26.8362     69.2525         354         0.27476  
  25    257.507   0.63285     3.57507     10.1695     57.4492         354         0.11036  
  30    203.397   0.33306     3.03397      5.3521     48.7541         355         0.07031  
  35    161.110   0.07032     2.61110      1.1299     41.9589         354         0.06021  
  40    133.692   0.42071     2.33692      6.7606     37.5529         355         0.05857  
  45    114.391   0.59769     2.14391      9.6045     34.4514         354         0.05171  
  50     95.961   0.29884     1.95961      4.8023     31.4898         354         0.04292  
  55     79.715   0.17530     1.79715      2.8169     28.8792         355         0.02973  
  60     65.488   0.08790     1.65488      1.4124     26.5930         354         0.01693  
  65     53.144   0.05259     1.53144      0.8451     24.6094         355         0.00933  
  70     42.344   0.01758     1.42344      0.2825     22.8738         354         0.00519  
  75     32.865   0.00000     1.32865      0.0000     21.3506         354         0.00319  
  80     24.767   0.03506     1.24767      0.5634     20.0494         355         0.00213  
  85     17.437   0.00000     1.17437      0.0000     18.8714         354         0.00146  
  90     10.902   0.00000     1.10902      0.0000     17.8213         355         0.00099  
  95      5.164   0.01758     1.05164      0.2825     16.8993         354         0.00068  
 100      0.000   0.01758     1.00000      0.2825     16.0694         354         0.00043  


Data Role=VALIDATE Target Variable=Attrition_Flag Target Label=' '

                                                                                    Mean
                            Cumulative       %      Cumulative     Number of     Posterior
Depth      Gain     Lift       Lift      Response   % Response   Observations   Probability

   5    498.643   5.98643     5.98643     96.0784     96.0784         102         0.96772  
  10    467.829   5.36710     5.67829     86.1386     91.1330         101         0.90214  
  15    412.399   4.00990     5.12399     64.3564     82.2368         101         0.71492  
  20    329.231   1.78903     4.29231     28.7129     68.8889         101         0.35539  
  25    255.166   0.61086     3.55166      9.8039     57.0020         102         0.12643  
  30    201.290   0.30845     3.01290      4.9505     48.3553         101         0.07191  
  35    160.128   0.12338     2.60128      1.9802     41.7489         101         0.06033  
  40    131.538   0.30845     2.31538      4.9505     37.1605         101         0.05869  
  45    113.841   0.73303     2.13841     11.7647     34.3202         102         0.05172  
  50     94.981   0.24676     1.94981      3.9604     31.2932         101         0.04232  
  55     78.421   0.12338     1.78421      1.9802     28.6355         101         0.02820  
  60     64.103   0.06169     1.64103      0.9901     26.3374         101         0.01533  
  65     51.866   0.06109     1.51866      0.9804     24.3736         102         0.00859  
  70     42.367   0.18507     1.42367      2.9703     22.8491         101         0.00524  
  75     32.901   0.00000     1.32901      0.0000     21.3298         101         0.00317  
  80     24.615   0.00000     1.24615      0.0000     20.0000         101         0.00203  
  85     17.234   0.00000     1.17234      0.0000     18.8153         102         0.00139  
  90     10.739   0.00000     1.10739      0.0000     17.7729         101         0.00100  
  95      4.926   0.00000     1.04926      0.0000     16.8399         101         0.00069  
 100      0.000   0.06169     1.00000      0.9901     16.0494         101         0.00041  
 
                                                                                               
 
 
Assessment Score Distribution

Data Role=TRAIN Target Variable=Attrition_Flag Target Label=' '

 Posterior     Number                     Mean
Probability      of      Number of     Posterior
   Range       Events    Nonevents    Probability    Percentage

 0.95-1.00       275          11        0.97160         4.0350 
 0.90-0.95       231          14        0.92895         3.4565 
 0.85-0.90       113          10        0.87741         1.7353 
 0.80-0.85        74           9        0.82826         1.1710 
 0.75-0.80        46          14        0.77784         0.8465 
 0.70-0.75        26          16        0.72529         0.5926 
 0.65-0.70        21          16        0.67484         0.5220 
 0.60-0.65        27          18        0.62296         0.6349 
 0.55-0.60        21          18        0.57691         0.5502 
 0.50-0.55        23          23        0.52480         0.6490 
 0.45-0.50        24          19        0.47753         0.6067 
 0.40-0.45        19          28        0.42760         0.6631 
 0.35-0.40        21          25        0.37591         0.6490 
 0.30-0.35        13          35        0.32637         0.6772 
 0.25-0.30        14          51        0.27346         0.9170 
 0.20-0.25        24          61        0.22421         1.1992 
 0.15-0.20        13          88        0.17419         1.4249 
 0.10-0.15        23         159        0.12110         2.5677 
 0.05-0.10        86        1394        0.06390        20.8804 
 0.00-0.05        45        3940        0.01112        56.2218 


Data Role=VALIDATE Target Variable=Attrition_Flag Target Label=' '

 Posterior     Number                     Mean
Probability      of      Number of     Posterior
   Range       Events    Nonevents    Probability    Percentage

 0.95-1.00       83            3        0.97173         4.2469 
 0.90-0.95       66            4        0.92906         3.4568 
 0.85-0.90       36           11        0.87702         2.3210 
 0.80-0.85       17            7        0.82310         1.1852 
 0.75-0.80       15            6        0.77469         1.0370 
 0.70-0.75        8            3        0.72009         0.5432 
 0.65-0.70       10            7        0.67930         0.8395 
 0.60-0.65        9            7        0.62221         0.7901 
 0.55-0.60        4            5        0.56902         0.4444 
 0.50-0.55        5            7        0.52919         0.5926 
 0.45-0.50        6            9        0.47645         0.7407 
 0.40-0.45        5            9        0.42678         0.6914 
 0.35-0.40        3            8        0.37753         0.5432 
 0.30-0.35        5           10        0.32570         0.7407 
 0.25-0.30        3           13        0.26970         0.7901 
 0.20-0.25        4           16        0.22585         0.9877 
 0.15-0.20        3           22        0.16935         1.2346 
 0.10-0.15        5           46        0.12455         2.5185 
 0.05-0.10       23          382        0.06358        20.0000 
 0.00-0.05       15         1125        0.01076        56.2963 
