 
                                                                                                                                                                                                                                                                
 
 
Variable Summary

                  Measurement    Frequency
Role                 Level         Count

ASSESS             INTERVAL          2    
ASSESS             NOMINAL           1    
CLASSIFICATION     NOMINAL           3    
ID                 INTERVAL          1    
INPUT              INTERVAL          5    
INPUT              NOMINAL           4    
PREDICT            INTERVAL          4    
REJECTED           NOMINAL           2    
RESIDUAL           INTERVAL          2    
SEGMENT            NOMINAL           2    
TARGET             BINARY            1    
 
                                                                                                                                                                                                                                                                
 
 
Model Events

                                          Number
                           Measurement      of
    Target        Event       Level       Levels      Order       Label

Attrition_Flag      1        BINARY          2      Descending         
 
                                                                                                                                                                                                                                                                
 
 
Predicted and decision variables

Type             Variable                    Label

TARGET       Attrition_Flag                                  
PREDICTED    P_Attrition_Flag1    Predicted: Attrition_Flag=1
RESIDUAL     R_Attrition_Flag1    Residual: Attrition_Flag=1 
PREDICTED    P_Attrition_Flag0    Predicted: Attrition_Flag=0
RESIDUAL     R_Attrition_Flag0    Residual: Attrition_Flag=0 
FROM         F_Attrition_Flag     From: Attrition_Flag       
INTO         I_Attrition_Flag     Into: Attrition_Flag       
 
                                                                                                                                                                                                                                                                
 
 

The HPNEURAL Procedure

      Performance Information

Execution Mode       Single-Machine
Number of Threads    4             


              Data Access Information
 
Data                    Engine    Role     Path

WORK.HPNNA_TRAINDATA    V9        Input    On Client


                Model Information

Data Source                   WORK.HPNNA_TRAINDATA
Architecture                  MLP                 
Number of Input Variables     9                   
Number of Hidden Layers       1                   
Number of Hidden Neurons      3                   
Number of Target Variables    1                   
Number of Weights             103                 
Optimization Technique        Limited Memory BFGS 


Number of Observations Read            9113
Number of Observations Used            9113
Number Used for Training               7088
Number Used for Validation             2025


                    Class Level Information
 
Class                         Levels    Values

G_Customer_Age                    11    0 1 2 3 4 5 6 7 8 9 10 
G_Months_Inactive_12_mon           5    0 1 2 3 4              
G_Total_Relationship_Count         3    0 1 2                  
G_Total_Trans_Ct                   8    0 1 2 3 4 5 6 7        


                                                                                                             Fit Statistics Table
                                                                        Train:          Valid:          Train:          Valid:          Train:          Valid:
                        Train:          Valid:                         Average         Average         Average         Average         Maximum         Maximum      Train: Number      Valid: Number               Train:               Valid:
                     Number of       Number of      L1 Norm of           Error           Error        Absolute        Absolute        Absolute        Absolute           of Wrong           of Wrong    Misclassification    Misclassification
_NAME_            Observations    Observations         Weights        Function        Function           Error           Error           Error           Error    Classifications    Classifications                 Rate                 Rate

Attrition_Flag            7088            2025       89.508825        0.170453        0.185266        0.095507        0.099591        0.999635        0.999667                431                132               0.0608               0.0652


    Misclassification Table
      for Attrition_Flag
 
Class:           1           0

     1         253          72
     0          60        1640


                                   Training Table
                                                   Avg
                          Avg Training      Validation    Reason for
     Try    Iterations           Error           Error    Stopping            Best?

       1            69        0.158565        0.185563    Validation Error         
       2            80        0.157010        0.185266    Validation Error      Y  


                  Iteration Table
                                      Avg
             Avg Training      Validation
Iteration           Error           Error    Best?

        0        0.634450        0.634358         
        1        0.450827        0.450444         
        2        0.431710        0.430891         
        3        0.349864        0.343091         
        4        0.338811        0.329305         
        5        0.283955        0.280385         
        6        0.264800        0.261058         
        7        0.259569        0.256317         
        8        0.253876        0.250832         
        9        0.245579        0.244560         
       10        0.237637        0.235724         
       11        0.228660        0.229160         
       12        0.223013        0.223723         
       13        0.216218        0.218164         
       14        0.210834        0.215252         
       15        0.206849        0.212058         
       16        0.201932        0.205749         
       17        0.199123        0.200954         
       18        0.197667        0.199462         
       19        0.196306        0.198277         
       20        0.194309        0.196378         
       21        0.191178        0.193841         
       22        0.188036        0.190916         
       23        0.185739        0.190006         
       24        0.184607        0.188274         
       25        0.183761        0.187449         
       26        0.182724        0.186625         
       27        0.181800        0.186854         
       28        0.181152        0.187436         
       29        0.180556        0.187892         
       30        0.179373        0.188567         
       31        0.178276        0.188747         
       32        0.176990        0.188676         
       33        0.175298        0.188684         
       34        0.173894        0.187471         
       35        0.173059        0.188969         
       36        0.172160        0.186815         
       37        0.171407        0.185701         
       38        0.170878        0.185300         
       39        0.170453        0.185266      Y  
       40        0.169464        0.186216         
       41        0.168404        0.188301         
       42        0.167416        0.189493         
       43        0.166845        0.190061         
       44        0.166401        0.189375         
       45        0.165990        0.188791         
       46        0.165122        0.187313         
       47        0.164675        0.186301         
       48        0.164285        0.186499         
       49        0.163848        0.187695         
       50        0.163395        0.189209         
       51        0.162968        0.190355         
       52        0.162769        0.190759         
       53        0.162262        0.190983         
       54        0.161970        0.190716         
       55        0.161426        0.190632         
       56        0.160884        0.188523         
       57        0.160419        0.190182         
       58        0.160367        0.187749         
       59        0.159996        0.188918         
       60        0.159942        0.189352         
       61        0.159776        0.190083         
       62        0.159555        0.190734         
       63        0.159338        0.191205         
       64        0.159266        0.191939         
       65        0.159068        0.190911         
       66        0.158994        0.190642         
       67        0.158879        0.190444         
       68        0.158689        0.190077         
       69        0.158563        0.189687         
       70        0.158379        0.189776         
       71        0.158216        0.189317         
       72        0.158111        0.188957         
       73        0.157902        0.188009         
       74        0.157694        0.186872         
       75        0.157583        0.187057         
       76        0.157482        0.187460         
       77        0.157393        0.188172         
       78        0.157296        0.188447         
       79        0.157086        0.188797         
       80        0.157010        0.188359         


                    Procedure Task Timing
 
Task                                     Seconds      Percent

Data read and variable levelization         0.04      10.02% 
Training                                    0.37      89.26% 
Scoring                                     0.00       0.72% 
