 
                                                                                                                                                                                                                                                                
 
 
Variable Summary

                  Measurement    Frequency
Role                 Level         Count

ASSESS             INTERVAL          2    
ASSESS             NOMINAL           1    
CLASSIFICATION     NOMINAL           3    
ID                 INTERVAL          1    
INPUT              INTERVAL          5    
INPUT              NOMINAL           4    
PREDICT            INTERVAL          4    
REJECTED           NOMINAL           2    
RESIDUAL           INTERVAL          2    
SEGMENT            NOMINAL           2    
TARGET             BINARY            1    



                                                                                                2
User       = Kevin
Date       = 15:46:23  April 09
Project    = CreditCard_ChurnRate
Diagram    = CreditCard_ChurnRate

Start Node = Report
Node label = Model Comparison
Nodes      = PATH
Showall    = N

Format     = PDF
Graphics   = GIF
Style      = LISTING
