MPRINT(EM_DIAGRAM):    data _null_;
MPRINT(EM_DIAGRAM):   call symput('NLDATE', strip(put(date(), NLDATE.)));
MPRINT(EM_DIAGRAM):   call symput('NLTIME', strip(put(datetime(), NLTIME.)));
MPRINT(EM_DIAGRAM):   run;
MPRINT(EM_DIAGRAM):   data _null_;
MPRINT(EM_DIAGRAM):   nldate= sasmsg("sashelp.dmine", "log_date_note", 'N', "April 09, 2022" );
MPRINT(EM_DIAGRAM):   nltime= sasmsg("sashelp.dmine", "log_time_note", 'N', "15:08:50" );
MPRINT(EM_DIAGRAM):   put "*------------------------------------------------------------*";
MPRINT(EM_DIAGRAM):   put "* Report Log";
MPRINT(EM_DIAGRAM):   put nldate;
MPRINT(EM_DIAGRAM):   put nltime;
MPRINT(EM_DIAGRAM):   put "*------------------------------------------------------------*";
MPRINT(EM_DIAGRAM):   run;
*------------------------------------------------------------*
* Report Log
Date:                April 09, 2022
Time:                15:08:50
*------------------------------------------------------------*
MPRINT(EM_DIAGRAM):    filename O1GLJ6NF "D:\478\project\CreditCard_ChurnRate\Workspaces\EMWS1\Meta\EMREPORT.out" encoding="UTF-8" NOBOM;
MPRINT(EM_DIAGRAM):   proc printto print=O1GLJ6NF new;
MPRINT(EM_DIAGRAM):   run;
29903      proc print data = EMWS1.Meta_CMeta_TRAIN(obs=500) noobs label;
MPRINT(EM_DIAGRAM):    proc print data = EMWS1.Meta_CMeta_TRAIN(obs=500) noobs label;
29904      var name role level creator label;
MPRINT(EM_DIAGRAM):   var name role level creator label;
29905      label NAME = "%sysfunc(sasmsg(sashelp.dmine, meta_name_vlabel,      NOQUOTE))" LEVEL = "%sysfunc(sasmsg(sashelp.dmine, meta_level_vlabel,     NOQUOTE))" ROLE = "%sysfunc(sasmsg(sashelp.dmine, meta_role_vlabel,      NOQUOTE))" CREATOR =
29906         "%sysfunc(sasmsg(sashelp.dmine, meta_creator_vlabel,   NOQUOTE))" LABEL = "%sysfunc(sasmsg(sashelp.dmine, meta_label_vlabel,     NOQUOTE))";
MPRINT(EM_DIAGRAM):   label NAME = "Variable Name" LEVEL = "Measurement Level" ROLE = "Role" CREATOR = "Creator" LABEL = "Label";
29907      format label $32.;
MPRINT(EM_DIAGRAM):   format label $32.;
29908      title9 "%sysfunc(sasmsg(sashelp.dmine, rpt_exptattributes_title, NOQUOTE, TRAIN))";
MPRINT(EM_DIAGRAM):   title9 "Exported Attributes for TRAIN Port";
29909      title10 "%sysfunc(sasmsg(sashelp.dmine, rpt_maxObsPrinted_title, NOQUOTE))";
MPRINT(EM_DIAGRAM):   title10 "(maximum 500 observations printed)";
MPRINT(EM_DIAGRAM):   run;
29910      run;

NOTE: There were 13 observations read from the data set EMWS1.META_CMETA_TRAIN.
NOTE: The PROCEDURE PRINT printed page 4.
NOTE: PROCEDURE PRINT used (Total process time):
      real time           0.01 seconds
      cpu time            0.01 seconds
      

29911      title9;
MPRINT(EM_DIAGRAM):   title9;
29912      title10;
MPRINT(EM_DIAGRAM):   title10;
MPRINT(EM_DIAGRAM):    proc printto;
MPRINT(EM_DIAGRAM):   run;
