 
                                                                                               
 
 
Variable Summary

          Measurement    Frequency
 Role        Level         Count

INPUT      INTERVAL          5    
INPUT      NOMINAL           6    
TARGET     BINARY            1    
 
                                                                                               
 
 
Model Events

                                          Number
                           Measurement      of
    Target        Event       Level       Levels      Order       Label

Attrition_Flag      1        BINARY          2      Descending         
 
                                                                                               
 
 
Predicted and decision variables

Type             Variable                    Label

TARGET       Attrition_Flag                                  
PREDICTED    P_Attrition_Flag1    Predicted: Attrition_Flag=1
RESIDUAL     R_Attrition_Flag1    Residual: Attrition_Flag=1 
PREDICTED    P_Attrition_Flag0    Predicted: Attrition_Flag=0
RESIDUAL     R_Attrition_Flag0    Residual: Attrition_Flag=0 
FROM         F_Attrition_Flag     From: Attrition_Flag       
INTO         I_Attrition_Flag     Into: Attrition_Flag       
 
                                                                                
 
 
Search # 1 BLOCK LAYERS trial # 1 : DIRECT : Training

_ITER_     _AIC_     _AVERR_     _MISC_    _VAVERR_    _VMISC_

   0      6331.05    0.44082    0.16069     0.44049    0.16049
   1      3328.69    0.22903    0.08507     0.23836    0.09531
   2      3040.89    0.20873    0.07731     0.21019    0.08494
   3      3031.27    0.20805    0.07633     0.20886    0.08494
   4      3030.32    0.20798    0.07477     0.20873    0.08691
   5      3030.11    0.20797    0.07534     0.20879    0.08543
   6      3030.05    0.20796    0.07463     0.20872    0.08543
   7      3030.03    0.20796    0.07506     0.20876    0.08543
   8      3030.03    0.20796    0.07506     0.20874    0.08543
   9      3030.02    0.20796    0.07506     0.20875    0.08543
  10      3030.02    0.20796    0.07506     0.20874    0.08543
  11      3030.02    0.20796    0.07506     0.20875    0.08543
  12      3030.02    0.20796    0.07506     0.20874    0.08543
  13      3030.02    0.20796    0.07506     0.20875    0.08543
  14      3030.02    0.20796    0.07506     0.20874    0.08543
  14      3030.02    0.20796    0.07506     0.20874    0.08543
 
                                                                                
 
 
Selected Iteration based on _VMISC_

_ITER_     _AIC_     _AVERR_     _MISC_     _VAVERR_     _VMISC_

   2      3040.89    0.20873    0.077314     0.21019    0.084938
 
                                                                                
 
 
Search # 1 BLOCK LAYERS trial # 2 : TANH : Prelim

The NEURAL Procedure

Preliminary       Starting         Objective         Number
 Training          Random           Function           of        Terminating
    Run             Seed             Value         Iterations     Criteria

        1          1066768680    0.184262161836           10                
        2           554206385    0.190814553253           10                
        3           833458745    0.202446322705           10                
        4          1579423510    0.189097912712           10                
        5           390987285    0.194088264931           10                
        6          1765424974    0.186227883675           10                
        7           493163996    0.190498409129           10                
        8           188542894    0.197926542978           10                
        9           958502427    0.198627775428           10                
       10           598102048    0.185875090893           10                
       11          1549614349     0.18815781946           10                
       12           219381981    0.192086282733           10                
       13           357518719    0.193658662802           10                
       14           918008231    0.184417213897           10                
       15           706238922    0.195824005097           10                
       16          1616286613    0.202985045328           10                
       17           660178774    0.188329397218           10                
       18          1646548832    0.196830134146           10                
       19          1517668081    0.193137917966           10                
       20           751592785    0.195298755757           10                
       21           618116245    0.231560643721           10                
       22          1795751460    0.194000184083           10                
       23          1090557659    0.207323548448           10                
       24          1061071603    0.191177907691           10                
       25           663034776     0.19717319505           10                
       26          2076604007    0.183223198873           10                
       27          1513398939    0.185304489784           10                
       28          1133674240     0.18868924371           10                
       29          1013348411    0.191180016986           10                
       30           130221110    0.195225207525           10                
       31           208928014    0.187108870052           10                
       32           538748679    0.182465559779           10                
 
                                                                                
 
 
Search # 1 BLOCK LAYERS trial # 2 : TANH : Training

_ITER_     _AIC_     _AVERR_     _MISC_     _VAVERR_     _VMISC_

   0      3260.63    0.18247    0.064616     0.18613    0.071111
   1      3223.01    0.17981    0.065604     0.18513    0.071605
   2      3187.31    0.17729    0.064193     0.18163    0.072099
   3      3122.28    0.17271    0.064193     0.17848    0.072099
   4      3067.34    0.16883    0.064052     0.17540    0.073580
   5      2987.15    0.16317    0.063770     0.17116    0.067160
   6      2939.45    0.15981    0.062359     0.16900    0.068148
   7      2883.59    0.15587    0.061512     0.16543    0.070617
   8      2816.28    0.15112    0.058691     0.16635    0.069136
   9      2762.93    0.14736    0.056151     0.16411    0.066667
  10      2717.18    0.14413    0.055446     0.16126    0.068642
  11      2672.57    0.14098    0.054176     0.15990    0.068148
  12      2636.09    0.13841    0.053471     0.15849    0.062716
  13      2606.74    0.13634    0.050931     0.15801    0.061235
  14      2573.25    0.13398    0.052483     0.16025    0.062716
  15      2540.67    0.13168    0.051213     0.16350    0.061728
  16      2511.82    0.12964    0.049379     0.16243    0.065679
  17      2471.81    0.12682    0.049944     0.16123    0.061728
  18      2441.36    0.12467    0.048251     0.15836    0.062222
  19      2410.68    0.12251    0.047122     0.15671    0.057778
  20      2397.83    0.12160    0.046134     0.15976    0.061235
  20      2397.83    0.12160    0.046134     0.15976    0.061235
 
                                                                                
 
 
Selected Iteration based on _VMISC_

_ITER_     _AIC_     _AVERR_     _MISC_     _VAVERR_     _VMISC_

  19      2410.68    0.12251    0.047122     0.15671    0.057778
 
                                                                                
 
 
Search # 1 BLOCK LAYERS trial # 3 : NORMAL : Prelim

The NEURAL Procedure

Preliminary       Starting         Objective         Number
 Training          Random           Function           of        Terminating
    Run             Seed             Value         Iterations     Criteria

        1          1066768680    0.168899240811           10                
        2           554206385     0.18457898322           10                
        3           833458745    0.178275625033           10                
        4          1579423510    0.198219777584           10                
        5           390987285    0.198267176448           10                
        6          1765424974    0.175887167892           10                
        7           493163996    0.190088525587           10                
        8           188542894    0.167537394718           10                
        9           958502427    0.195915990916           10                
       10           598102048    0.196685547972           10                
       11          1549614349    0.187527667921           10                
       12           219381981    0.175595333631           10                
       13           357518719     0.19602455766           10                
       14           918008231    0.171715379843           10                
       15           706238922    0.198605130699           10                
       16          1616286613    0.185515417685           10                
       17           660178774    0.194578960523           10                
       18          1646548832    0.194148565306           10                
       19          1517668081    0.177058495849           10                
       20           751592785    0.182755153443           10                
       21           618116245    0.238646063996           10                
       22          1795751460    0.185759658809           10                
       23          1090557659    0.180912922115           10                
       24          1061071603    0.183484776894           10                
       25           663034776    0.183536201632           10                
       26          2076604007    0.180979736194           10                
       27          1513398939     0.17276425196           10                
       28          1133674240    0.178139474799           10                
       29          1013348411    0.196967834568           10                
       30           130221110    0.200142430669           10                
       31           208928014    0.195026768288           10                
       32           538748679     0.17605241833           10                
 
                                                                                
 
 
Search # 1 BLOCK LAYERS trial # 3 : NORMAL : Training

_ITER_     _AIC_     _AVERR_     _MISC_     _VAVERR_     _VMISC_

   0      3049.01    0.16754    0.063064     0.17481    0.065679
   1      3004.07    0.16437    0.066874     0.17435    0.067654
   2      2937.01    0.15964    0.060243     0.16918    0.062716
   3      2846.26    0.15324    0.060243     0.16839    0.063210
   4      2788.58    0.14917    0.057703     0.16431    0.064198
   5      2711.88    0.14376    0.055728     0.15951    0.061728
   6      2664.78    0.14043    0.053188     0.15629    0.059259
   7      2604.51    0.13618    0.052624     0.15326    0.059259
   8      2570.72    0.13380    0.051778     0.15314    0.054815
   9      2520.28    0.13024    0.049238     0.15151    0.058765
  10      2478.16    0.12727    0.047686     0.15419    0.059753
  11      2450.42    0.12531    0.048815     0.15406    0.061235
  12      2421.80    0.12329    0.046840     0.15017    0.059259
  13      2391.56    0.12116    0.046416     0.15362    0.057778
  14      2382.00    0.12049    0.045288     0.14958    0.056296
  15      2355.23    0.11860    0.044300     0.15072    0.056790
  16      2324.00    0.11639    0.042466     0.15029    0.052840
  17      2310.79    0.11546    0.041761     0.14966    0.054321
  18      2293.72    0.11426    0.040350     0.14920    0.055309
  19      2279.54    0.11326    0.040632     0.14877    0.056296
  20      2264.34    0.11219    0.039644     0.14813    0.055802
  20      2264.34    0.11219    0.039644     0.14813    0.055802
 
                                                                                
 
 
Selected Iteration based on _VMISC_

_ITER_     _AIC_     _AVERR_     _MISC_     _VAVERR_     _VMISC_

  16      2324.00    0.11639    0.042466     0.15029    0.052840
 
                                                                                
 
 
Search # 1 BLOCK LAYERS trial # 4 : SINE : Prelim

The NEURAL Procedure

Preliminary       Starting         Objective         Number
 Training          Random           Function           of        Terminating
    Run             Seed             Value         Iterations     Criteria

        1          1066768680    0.180977124807           10                
        2           554206385    0.187433514677           10                
        3           833458745    0.188000949749           10                
        4          1579423510    0.177707320264           10                
        5           390987285    0.194845397395           10                
        6          1765424974    0.179402634515           10                
        7           493163996    0.182510169631           10                
        8           188542894    0.195098792975           10                
        9           958502427    0.194949101005           10                
       10           598102048    0.180302670447           10                
       11          1549614349    0.196031260125           10                
       12           219381981    0.186226123345           10                
       13           357518719    0.195281615838           10                
       14           918008231    0.183676144341           10                
       15           706238922    0.202224687501           10                
       16          1616286613     0.20173222221           10                
       17           660178774    0.185583046098           10                
       18          1646548832     0.18887783787           10                
       19          1517668081    0.201418100956           10                
       20           751592785    0.197393390898           10                
       21           618116245    0.190046413241           10                
       22          1795751460    0.189728992658           10                
       23          1090557659    0.189837363659           10                
       24          1061071603    0.182300744304           10                
       25           663034776    0.205431500906           10                
       26          2076604007    0.186606023727           10                
       27          1513398939    0.186494923065           10                
       28          1133674240    0.174493434486           10                
       29          1013348411    0.182651948967           10                
       30           130221110    0.200323603743           10                
       31           208928014    0.175098144667           10                
       32           538748679    0.194014148684           10                
 
                                                                                
 
 
Search # 1 BLOCK LAYERS trial # 4 : SINE : Training

_ITER_     _AIC_     _AVERR_     _MISC_     _VAVERR_     _VMISC_

   0      3147.62    0.17449    0.066027     0.18656    0.070617
   1      3080.94    0.16979    0.064616     0.17792    0.069630
   2      3049.47    0.16757    0.063770     0.17607    0.066667
   3      3001.41    0.16418    0.064616     0.17183    0.068642
   4      2957.36    0.16107    0.061795     0.17132    0.070123
   5      2896.88    0.15681    0.061230     0.16895    0.065185
   6      2823.27    0.15161    0.058973     0.16262    0.064198
   7      2773.37    0.14809    0.055869     0.16013    0.058765
   8      2703.71    0.14318    0.055446     0.15572    0.058272
   9      2623.15    0.13750    0.055305     0.16256    0.060247
  10      2580.17    0.13446    0.049944     0.15860    0.060247
  11      2536.40    0.13138    0.050367     0.16038    0.063210
  12      2502.81    0.12901    0.048674     0.15660    0.056790
  13      2479.04    0.12733    0.049097     0.14973    0.055309
  14      2453.36    0.12552    0.047827     0.15644    0.058272
  15      2426.79    0.12364    0.048109     0.15022    0.057778
  16      2396.31    0.12150    0.046981     0.15525    0.059259
  17      2378.22    0.12022    0.046558     0.15561    0.061728
  18      2358.51    0.11883    0.044723     0.15415    0.059753
  19      2344.31    0.11783    0.045429     0.16212    0.061728
  20      2326.70    0.11658    0.043172     0.15565    0.057778
  20      2326.70    0.11658    0.043172     0.15565    0.057778
 
                                                                                
 
 
Selected Iteration based on _VMISC_

_ITER_     _AIC_     _AVERR_     _MISC_     _VAVERR_     _VMISC_

  13      2479.04    0.12733    0.049097     0.14973    0.055309
 
                                                                                
 
 
Search # 2 BLOCK LAYERS trial # 1 : DIRECT : Prelim

The NEURAL Procedure

Preliminary       Starting         Objective         Number
 Training          Random           Function           of        Terminating
    Run             Seed             Value         Iterations     Criteria

        1               12345    0.107928153878           10                
 
                                                                                
 
 
Search # 2 BLOCK LAYERS trial # 1 : DIRECT : Training

_ITER_     _AIC_     _AVERR_     _MISC_     _VAVERR_     _VMISC_

   0      2283.99    0.10793    0.039362     0.14007    0.050864
   1      2272.87    0.10714    0.039362     0.14033    0.054815
   2      2263.79    0.10650    0.039362     0.13927    0.051852
   3      2260.36    0.10626    0.038375     0.13999    0.052346
   4      2250.39    0.10556    0.039080     0.13955    0.052346
   5      2242.48    0.10500    0.037810     0.14082    0.053827
   6      2234.33    0.10442    0.035976     0.14130    0.052346
   7      2228.95    0.10405    0.037105     0.14049    0.052840
   8      2222.41    0.10358    0.035835     0.14090    0.053827
   9      2213.06    0.10292    0.037246     0.14015    0.055309
  10      2206.91    0.10249    0.036258     0.14130    0.055309
  11      2197.57    0.10183    0.035694     0.14118    0.055802
  12      2189.32    0.10125    0.034848     0.14292    0.054815
  13      2177.10    0.10039    0.034989     0.14182    0.053827
  14      2167.44    0.09971    0.035694     0.14567    0.051852
  15      2159.23    0.09913    0.034707     0.14315    0.054321
  16      2148.71    0.09839    0.034142     0.14614    0.053827
  17      2136.98    0.09756    0.034283     0.14616    0.054815
  18      2128.33    0.09695    0.034283     0.14619    0.055309
  19      2119.63    0.09633    0.034424     0.14524    0.054815
  20      2109.76    0.09564    0.033578     0.14568    0.056296
  20      2109.76    0.09564    0.033578     0.14568    0.056296
 
                                                                                
 
 
Selected Iteration based on _VMISC_

_ITER_     _AIC_     _AVERR_     _MISC_     _VAVERR_     _VMISC_

   0      2283.99    0.10793    0.039362     0.14007    0.050864
 
                                                                                
 
 
Search # 2 BLOCK LAYERS trial # 2 : TANH : Prelim

The NEURAL Procedure

Preliminary       Starting         Objective         Number
 Training          Random           Function           of        Terminating
    Run             Seed             Value         Iterations     Criteria

        1           734635899    0.124092356867           10                
        2             6541955    0.120101641766           10                
        3           335245709     0.15384281543           10                
        4          1489754846    0.158404882104           10                
        5          1161293754    0.112822226177           10                
        6          2007033381    0.127162938193           10                
        7          1442967529     0.10906279498           10                
        8           196815700    0.114352872773           10                
        9           244017995    0.129366327696           10                
       10          1807677195    0.115868880629           10                
       11             9672762    0.154605135887           10                
       12          2059748735    0.127343408881           10                
       13          1723288262     0.13619901479           10                
       14           325305996    0.122166873642           10                
       15          1501007047    0.139953902144           10                
       16          1714525643    0.121031959815           10                
       17           508052543    0.119995890675           10                
       18           286121952    0.131562484141           10                
       19          1558354553    0.149441508136           10                
       20          1007790070    0.120953663664           10                
       21          1009867108    0.108958862184           10                
       22           925679843    0.123438844655           10                
       23          1180934489    0.131206795173           10                
       24           531622452    0.120405336151           10                
       25           856260411    0.130975316746           10                
       26           896773581    0.143433589306           10                
       27          1174413546    0.138338060615           10                
       28           443224564    0.148850678426           10                
       29          1405094586    0.136158531756           10                
       30            93168191    0.119016013285           10                
       31          1835073070    0.129062925854           10                
       32          2034680074    0.113584662668           10                
 
                                                                                
 
 
Search # 2 BLOCK LAYERS trial # 2 : TANH : Training

_ITER_     _AIC_     _AVERR_     _MISC_     _VAVERR_     _VMISC_

   0      2362.60    0.10896    0.039080     0.14457    0.055309
   1      2349.39    0.10803    0.038939     0.14511    0.056296
   2      2340.07    0.10737    0.037669     0.14512    0.052840
   3      2330.90    0.10672    0.037951     0.14361    0.050864
   4      2315.72    0.10565    0.036823     0.14410    0.051852
   5      2299.19    0.10449    0.035412     0.14587    0.052840
   6      2277.51    0.10296    0.034707     0.14537    0.051358
   7      2268.33    0.10231    0.036117     0.14738    0.048889
   8      2247.98    0.10087    0.034142     0.14518    0.050864
   9      2226.56    0.09936    0.033860     0.15009    0.054815
  10      2213.89    0.09847    0.034283     0.14671    0.050370
  11      2194.18    0.09708    0.031462     0.14939    0.051852
  12      2183.35    0.09631    0.032590     0.15177    0.053333
  13      2169.87    0.09536    0.032167     0.15349    0.052840
  14      2162.24    0.09483    0.032731     0.15225    0.052346
  15      2151.32    0.09405    0.032026     0.15418    0.051852
  16      2143.76    0.09352    0.031885     0.15657    0.052346
  17      2133.34    0.09279    0.032167     0.15753    0.054321
  18      2127.59    0.09238    0.031321     0.15712    0.056790
  19      2119.52    0.09181    0.031603     0.15690    0.057284
  20      2112.55    0.09132    0.031179     0.15845    0.056296
  20      2112.55    0.09132    0.031179     0.15845    0.056296
 
                                                                                
 
 
Selected Iteration based on _VMISC_

_ITER_     _AIC_     _AVERR_     _MISC_     _VAVERR_     _VMISC_

   7      2268.33    0.10231    0.036117     0.14738    0.048889
 
                                                                                
 
 
Search # 2 BLOCK LAYERS trial # 3 : NORMAL : Prelim

The NEURAL Procedure

Preliminary       Starting         Objective         Number
 Training          Random           Function           of        Terminating
    Run             Seed             Value         Iterations     Criteria

        1               12345     0.11647735805           10                
 
                                                                                
 
 
Search # 2 BLOCK LAYERS trial # 3 : NORMAL : Training

_ITER_     _AIC_     _AVERR_     _MISC_     _VAVERR_     _VMISC_

   0      2469.18    0.11648    0.041337     0.15089    0.057284
   1      2447.29    0.11493    0.039221     0.14579    0.051358
   2      2436.44    0.11417    0.040209     0.14625    0.052840
   3      2422.43    0.11318    0.039221     0.14635    0.054321
   4      2392.55    0.11107    0.038093     0.14392    0.050370
   5      2369.26    0.10943    0.037669     0.14402    0.052346
   6      2357.51    0.10860    0.036682     0.14572    0.054815
   7      2331.56    0.10677    0.036258     0.14805    0.057778
   8      2324.70    0.10629    0.035976     0.14664    0.056296
   9      2312.74    0.10544    0.035271     0.14653    0.055802
  10      2303.46    0.10479    0.034848     0.14755    0.053333
  11      2290.90    0.10390    0.034989     0.14573    0.054815
  12      2269.04    0.10236    0.034707     0.14579    0.054815
  13      2257.17    0.10152    0.035835     0.14739    0.056296
  14      2240.87    0.10037    0.035130     0.14864    0.057284
  15      2229.64    0.09958    0.035553     0.14743    0.054321
  16      2213.14    0.09842    0.035130     0.14933    0.054815
  17      2205.65    0.09789    0.034848     0.15091    0.056790
  18      2188.52    0.09668    0.034283     0.15140    0.058272
  19      2178.45    0.09597    0.034989     0.14930    0.054815
  20      2164.95    0.09502    0.034283     0.15182    0.052840
  20      2164.95    0.09502    0.034283     0.15182    0.052840
 
                                                                                
 
 
Selected Iteration based on _VMISC_

_ITER_     _AIC_     _AVERR_     _MISC_     _VAVERR_     _VMISC_

   4      2392.55    0.11107    0.038093     0.14392    0.050370
 
                                                                                
 
 
Search # 2 BLOCK LAYERS trial # 4 : SINE : Prelim

The NEURAL Procedure

Preliminary       Starting         Objective         Number
 Training          Random           Function           of        Terminating
    Run             Seed             Value         Iterations     Criteria

        1               12345    0.100094867556           10                
 
                                                                                
 
 
Search # 2 BLOCK LAYERS trial # 4 : SINE : Training

_ITER_     _AIC_     _AVERR_     _MISC_     _VAVERR_     _VMISC_

   0      2236.94    0.10009    0.035271     0.15445    0.052346
   1      2232.70    0.09980    0.035130     0.15440    0.054815
   2      2227.80    0.09945    0.034848     0.15383    0.054815
   3      2225.53    0.09929    0.034848     0.15294    0.052346
   4      2220.88    0.09896    0.034424     0.15245    0.052346
   5      2212.76    0.09839    0.034424     0.15201    0.051852
   6      2201.72    0.09761    0.034848     0.15026    0.050864
   7      2194.00    0.09707    0.033719     0.15051    0.051852
   8      2184.03    0.09636    0.034707     0.15090    0.053333
   9      2169.06    0.09531    0.034707     0.15140    0.052840
  10      2159.22    0.09461    0.033437     0.15148    0.053827
  11      2150.10    0.09397    0.034142     0.14975    0.053333
  12      2142.23    0.09341    0.033578     0.15015    0.052840
  13      2133.67    0.09281    0.032590     0.15106    0.052840
  14      2124.54    0.09217    0.033014     0.15119    0.052346
  15      2117.39    0.09166    0.031462     0.15340    0.053333
  16      2108.29    0.09102    0.032167     0.15287    0.051358
  17      2099.79    0.09042    0.032872     0.15303    0.052346
  18      2090.30    0.08975    0.030897     0.15297    0.051358
  19      2082.25    0.08918    0.031885     0.15201    0.051358
  20      2072.71    0.08851    0.030897     0.15110    0.051358
  20      2072.71    0.08851    0.030897     0.15110    0.051358
 
                                                                                
 
 
Selected Iteration based on _VMISC_

_ITER_     _AIC_      _AVERR_     _MISC_     _VAVERR_     _VMISC_

   6      2201.72    0.097610    0.034848     0.15026    0.050864
 
                                                                                
 
 
Search # 3 BLOCK LAYERS trial # 1 : DIRECT : Prelim

The NEURAL Procedure

Preliminary       Starting         Objective         Number
 Training          Random           Function           of        Terminating
    Run             Seed             Value         Iterations     Criteria

        1               12345    0.095571996911           10                
 
                                                                                
 
 
Search # 3 BLOCK LAYERS trial # 1 : DIRECT : Training

_ITER_     _AIC_      _AVERR_     _MISC_     _VAVERR_     _VMISC_

   0      2252.83    0.095572    0.033296     0.14999    0.051852
   1      2248.02    0.095233    0.032590     0.14966    0.051852
   2      2245.89    0.095083    0.033155     0.14882    0.050864
   3      2240.92    0.094732    0.032590     0.14884    0.051358
   4      2238.19    0.094539    0.032308     0.14813    0.052840
   5      2234.35    0.094269    0.031462     0.14808    0.051358
   6      2228.64    0.093866    0.031462     0.14910    0.051358
   7      2222.60    0.093440    0.032026     0.15036    0.052840
   8      2217.19    0.093058    0.032026     0.14934    0.051358
   9      2209.05    0.092483    0.032590     0.14953    0.050864
  10      2194.90    0.091486    0.032167     0.15142    0.053333
  11      2182.82    0.090633    0.031462     0.15592    0.053827
  12      2171.23    0.089816    0.031179     0.15171    0.053827
  13      2157.65    0.088858    0.030615     0.15666    0.055309
  14      2147.83    0.088165    0.031179     0.15722    0.055802
  15      2134.10    0.087197    0.030897     0.15610    0.055309
  16      2129.04    0.086839    0.030192     0.16206    0.054815
  17      2114.20    0.085793    0.029063     0.15769    0.053827
  18      2106.16    0.085226    0.028640     0.16088    0.053827
  19      2095.38    0.084466    0.029769     0.16224    0.053827
  20      2083.76    0.083645    0.028499     0.16379    0.052840
  20      2083.76    0.083645    0.028499     0.16379    0.052840
 
                                                                                
 
 
Selected Iteration based on _VMISC_

_ITER_     _AIC_      _AVERR_     _MISC_     _VAVERR_     _VMISC_

   2      2245.89    0.095083    0.033155     0.14882    0.050864
 
                                                                                
 
 
Search # 3 BLOCK LAYERS trial # 2 : TANH : Prelim

The NEURAL Procedure

Preliminary       Starting         Objective         Number
 Training          Random           Function           of        Terminating
    Run             Seed             Value         Iterations     Criteria

        1           734635899    0.110231902409           10                
        2             6541955    0.105337183862           10                
        3           335245709    0.103458952027           10                
        4          1489754846    0.104596568836           10                
        5          1161293754    0.104274569827           10                
        6          2007033381    0.098891545148           10                
        7          1442967529    0.103032709825           10                
        8           196815700    0.099908411639           10                
        9           244017995    0.102113706194           10                
       10          1807677195     0.10164310676           10                
       11             9672762    0.102310385624           10                
       12          2059748735    0.100255325416           10                
       13          1723288262    0.101864628727           10                
       14           325305996    0.102349286535           10                
       15          1501007047    0.102031530098           10                
       16          1714525643    0.098735617758           10                
       17           508052543    0.100439784217           10                
       18           286121952    0.101164644028           10                
       19          1558354553    0.100733884837           10                
       20          1007790070    0.104728933817           10                
       21          1009867108    0.102144164724           10                
       22           925679843    0.102424079152           10                
       23          1180934489    0.101121923987           10                
       24           531622452    0.099722801893           10                
       25           856260411    0.102573311684           10                
       26           896773581    0.101636198555           10                
       27          1174413546    0.100161328639           10                
       28           443224564    0.103925267016           10                
       29          1405094586    0.098242928267           10                
       30            93168191    0.103568346896           10                
       31          1835073070    0.105833074236           10                
       32          2034680074    0.099617538448           10                
 
                                                                                
 
 
Search # 3 BLOCK LAYERS trial # 2 : TANH : Training

_ITER_     _AIC_      _AVERR_     _MISC_     _VAVERR_     _VMISC_

   0      2354.69    0.098243    0.034848     0.15385    0.054321
   1      2346.75    0.097682    0.034565     0.15525    0.055309
   2      2335.40    0.096882    0.034283     0.15433    0.054815
   3      2331.62    0.096615    0.034565     0.15492    0.055309
   4      2324.38    0.096104    0.033296     0.15424    0.054815
   5      2318.25    0.095672    0.033296     0.15478    0.055802
   6      2307.87    0.094940    0.032590     0.15427    0.052840
   7      2300.70    0.094434    0.032449     0.15419    0.054815
   8      2285.26    0.093345    0.032167     0.15440    0.055309
   9      2275.64    0.092667    0.032449     0.15618    0.056296
  10      2263.33    0.091798    0.033155     0.15582    0.055802
  11      2255.54    0.091249    0.032731     0.15814    0.056790
  12      2251.60    0.090970    0.031462     0.16101    0.057778
  13      2245.42    0.090535    0.031603     0.15921    0.058765
  14      2241.29    0.090243    0.031038     0.15969    0.058272
  15      2234.89    0.089792    0.031462     0.15934    0.056296
  16      2230.86    0.089508    0.031038     0.16333    0.057284
  17      2225.10    0.089102    0.030756     0.16125    0.055802
  18      2218.54    0.088638    0.031462     0.16015    0.056790
  19      2209.57    0.088006    0.030615     0.16255    0.054815
  20      2203.70    0.087591    0.029769     0.16346    0.055802
  20      2203.70    0.087591    0.029769     0.16346    0.055802
 
                                                                                
 
 
Selected Iteration based on _VMISC_

_ITER_     _AIC_      _AVERR_     _MISC_     _VAVERR_     _VMISC_

   6      2307.87    0.094940    0.032590     0.15427    0.052840
 
                                                                                
 
 
Search # 3 BLOCK LAYERS trial # 3 : NORMAL : Prelim

The NEURAL Procedure

Preliminary       Starting         Objective         Number
 Training          Random           Function           of        Terminating
    Run             Seed             Value         Iterations     Criteria

        1           734635899    0.116816985406           10                
        2             6541955    0.114739104095           10                
        3           335245709    0.112898396466           10                
        4          1489754846    0.109376847694           10                
        5          1161293754     0.11802941947           10                
        6          2007033381    0.114813197159           10                
        7          1442967529    0.109001687924           10                
        8           196815700    0.116845911694           10                
        9           244017995    0.104816983222           10                
       10          1807677195    0.111297094625           10                
       11             9672762    0.120314711558           10                
       12          2059748735    0.117504891416           10                
       13          1723288262    0.119185403324           10                
       14           325305996    0.109403691542           10                
       15          1501007047    0.123454751931           10                
       16          1714525643     0.10985269651           10                
       17           508052543    0.110724642108           10                
       18           286121952    0.108145200922           10                
       19          1558354553    0.109114513541           10                
       20          1007790070    0.118329233625           10                
       21          1009867108    0.110838555132           10                
       22           925679843    0.117958697101           10                
       23          1180934489    0.109973370381           10                
       24           531622452    0.105973112547           10                
       25           856260411    0.104991103321           10                
       26           896773581    0.112260579678           10                
       27          1174413546    0.108129443786           10                
       28           443224564    0.111808560897           10                
       29          1405094586    0.106320868902           10                
       30            93168191     0.10943524231           10                
       31          1835073070    0.111304437965           10                
       32          2034680074    0.111172226328           10                
 
                                                                                
 
 
Search # 3 BLOCK LAYERS trial # 3 : NORMAL : Training

_ITER_     _AIC_     _AVERR_     _MISC_     _VAVERR_     _VMISC_

   0      2447.89    0.10482    0.033578     0.15830    0.056296
   1      2433.54    0.10381    0.034142     0.15832    0.056790
   2      2427.78    0.10340    0.032590     0.15932    0.059753
   3      2419.52    0.10282    0.031744     0.15761    0.057778
   4      2407.77    0.10199    0.031603     0.15686    0.058272
   5      2383.49    0.10027    0.032872     0.15728    0.058272
   6      2355.01    0.09827    0.032731     0.15922    0.058765
   7      2339.01    0.09714    0.031462     0.15659    0.056790
   8      2328.51    0.09640    0.032026     0.15573    0.054815
   9      2313.91    0.09537    0.031603     0.15621    0.055309
  10      2305.58    0.09478    0.031462     0.15764    0.055309
  11      2292.60    0.09386    0.030756     0.15744    0.057778
  12      2288.01    0.09354    0.029628     0.15949    0.056296
  13      2272.39    0.09244    0.030474     0.15802    0.055802
  14      2264.47    0.09188    0.030333     0.16285    0.057778
  15      2252.26    0.09102    0.029486     0.16077    0.055309
  16      2247.18    0.09066    0.029769     0.16041    0.054815
  17      2240.49    0.09019    0.029486     0.16149    0.056296
  18      2231.94    0.08958    0.030756     0.16299    0.054321
  19      2229.69    0.08942    0.029910     0.16589    0.058272
  20      2219.65    0.08872    0.028640     0.16303    0.057778
  20      2219.65    0.08872    0.028640     0.16303    0.057778
 
                                                                                
 
 
Selected Iteration based on _VMISC_

_ITER_     _AIC_      _AVERR_     _MISC_     _VAVERR_     _VMISC_

  18      2231.94    0.089584    0.030756     0.16299    0.054321
 
                                                                                
 
 
Search # 3 BLOCK LAYERS trial # 4 : SINE : Prelim

The NEURAL Procedure

Preliminary       Starting         Objective         Number
 Training          Random           Function           of        Terminating
    Run             Seed             Value         Iterations     Criteria

        1           734635899      0.1080134473           10                
        2             6541955    0.106985081103           10                
        3           335245709    0.100548753533           10                
        4          1489754846    0.100277783789           10                
        5          1161293754     0.10285438838           10                
        6          2007033381    0.100294623531           10                
        7          1442967529    0.102115176001           10                
        8           196815700    0.103182278291           10                
        9           244017995     0.09983266088           10                
       10          1807677195     0.11589481915           10                
       11             9672762    0.104558035056           10                
       12          2059748735    0.108610912756           10                
       13          1723288262    0.104508175312           10                
       14           325305996     0.09716492522           10                
       15          1501007047    0.101136012532           10                
       16          1714525643    0.100970317011           10                
       17           508052543    0.102328228592           10                
       18           286121952    0.102344114286           10                
       19          1558354553    0.098413752363           10                
       20          1007790070    0.099786839188           10                
       21          1009867108    0.100585059982           10                
       22           925679843    0.098270399307           10                
       23          1180934489    0.102639035957           10                
       24           531622452    0.102549725419           10                
       25           856260411    0.102771334579           10                
       26           896773581    0.112211630457           10                
       27          1174413546    0.100478511986           10                
       28           443224564     0.10390978676           10                
       29          1405094586    0.098037906811           10                
       30            93168191    0.101875765378           10                
       31          1835073070    0.099583454706           10                
       32          2034680074    0.101601931142           10                
 
                                                                                
 
 
Search # 3 BLOCK LAYERS trial # 4 : SINE : Training

_ITER_     _AIC_      _AVERR_     _MISC_     _VAVERR_     _VMISC_

   0      2339.41    0.097165    0.032731     0.15352    0.049877
   1      2332.86    0.096703    0.033155     0.15457    0.053827
   2      2328.74    0.096412    0.032872     0.15325    0.052840
   3      2322.99    0.096007    0.032590     0.15322    0.052840
   4      2318.26    0.095673    0.033578     0.15333    0.053827
   5      2313.44    0.095333    0.033296     0.15318    0.054815
   6      2297.42    0.094203    0.032026     0.15721    0.055802
   7      2280.52    0.093011    0.031885     0.15722    0.056296
   8      2270.11    0.092276    0.032167     0.15955    0.055802
   9      2261.67    0.091681    0.032167     0.16221    0.057284
  10      2258.68    0.091470    0.031885     0.15880    0.053827
  11      2249.83    0.090846    0.031603     0.16147    0.057284
  12      2244.39    0.090462    0.031603     0.16165    0.058272
  13      2236.49    0.089905    0.030897     0.16077    0.057778
  14      2230.93    0.089513    0.029769     0.16068    0.058272
  15      2222.36    0.088908    0.029486     0.15893    0.056790
  16      2217.89    0.088593    0.030474     0.15830    0.055802
  17      2211.00    0.088107    0.030051     0.15782    0.056296
  18      2203.78    0.087598    0.031179     0.15938    0.054321
  19      2195.06    0.086982    0.030897     0.15798    0.051852
  20      2191.80    0.086753    0.030051     0.16007    0.055309
  20      2191.80    0.086753    0.030051     0.16007    0.055309
 
                                                                                
 
 
Selected Iteration based on _VMISC_

_ITER_     _AIC_      _AVERR_     _MISC_     _VAVERR_     _VMISC_

   0      2339.41    0.097165    0.032731     0.15352    0.049877
 
                                                                                
 
 
Final Training Prelim

The NEURAL Procedure

Preliminary       Starting         Objective         Number
 Training          Random           Function           of        Terminating
    Run             Seed             Value         Iterations     Criteria

        1               12345    0.096016470882           10                
 
                                                                                
 
 
Final Training Training

_ITER_     _AIC_      _AVERR_     _MISC_     _VAVERR_     _VMISC_

   0      2179.13    0.096016    0.033296     0.15020    0.050864
   1      2174.57    0.095695    0.032872     0.14967    0.051358
   2      2172.37    0.095540    0.033719     0.14910    0.049383
   3      2169.05    0.095305    0.032872     0.14940    0.050864
   4      2167.38    0.095188    0.033014     0.14853    0.051358
   5      2162.66    0.094855    0.031744     0.14863    0.052840
   5      2162.66    0.094855    0.031744     0.14863    0.052840
 
                                                                                
 
 
Selected Iteration based on _VMISC_

_ITER_     _AIC_      _AVERR_     _MISC_     _VAVERR_     _VMISC_

   2      2172.37    0.095540    0.033719     0.14910    0.049383
 
                                                                                
 
 
Final Training History

    _step_     _func_ _status_  _iter_ _AVERR_  _MISC_  _AIC_  _VAVERR_ _VMISC_

BLOCK LAYERS 1 DIRECT initial      0   0.44082 0.16069 6331.05  0.44049 0.16049
BLOCK LAYERS 1 DIRECT candidate    2   0.20873 0.07731 3040.89  0.21019 0.08494
BLOCK LAYERS 1 TANH   candidate   19   0.12251 0.04712 2410.68  0.15671 0.05778
BLOCK LAYERS 1 NORMAL candidate   16   0.11639 0.04247 2324.00  0.15029 0.05284
BLOCK LAYERS 1 SINE   reject      13   0.12733 0.04910 2479.04  0.14973 0.05531
BLOCK LAYERS 1 NORMAL keep        16   0.11639 0.04247 2324.00  0.15029 0.05284
BLOCK LAYERS 2 DIRECT candidate    0   0.10793 0.03936 2283.99  0.14007 0.05086
BLOCK LAYERS 2 TANH   candidate    7   0.10231 0.03612 2268.33  0.14738 0.04889
BLOCK LAYERS 2 NORMAL reject       4   0.11107 0.03809 2392.55  0.14392 0.05037
BLOCK LAYERS 2 SINE   reject       6   0.09761 0.03485 2201.72  0.15026 0.05086
BLOCK LAYERS 2 TANH   keep         7   0.10231 0.03612 2268.33  0.14738 0.04889
BLOCK LAYERS 3 DIRECT reject       2   0.09508 0.03315 2245.89  0.14882 0.05086
BLOCK LAYERS 3 TANH   reject       6   0.09494 0.03259 2307.87  0.15427 0.05284
BLOCK LAYERS 3 NORMAL reject      18   0.08958 0.03076 2231.94  0.16299 0.05432
BLOCK LAYERS 3 SINE   reject       0   0.09716 0.03273 2339.41  0.15352 0.04988
                      Final        2   0.09554 0.03372 2172.37  0.14910 0.04938
 
                                                                                
 
 
Final Model
Stopping: Termination criteria were satisfied: overfitting based on _VMISC_

_func_    _AVERR_    _VAVERR_    neurons

NORMAL    0.11639     0.15029        8  
TANH      0.10231     0.14738        8  
                                 =======
                                    16  
