MPRINT(EM_DIAGRAM):    data _null_;
MPRINT(EM_DIAGRAM):   call symput('NLDATE', strip(put(date(), NLDATE.)));
MPRINT(EM_DIAGRAM):   call symput('NLTIME', strip(put(datetime(), NLTIME.)));
MPRINT(EM_DIAGRAM):   run;
MPRINT(EM_DIAGRAM):   data _null_;
MPRINT(EM_DIAGRAM):   nldate= sasmsg("sashelp.dmine", "log_date_note", 'N', "April 09, 2022" );
MPRINT(EM_DIAGRAM):   nltime= sasmsg("sashelp.dmine", "log_time_note", 'N', "15:09:06" );
MPRINT(EM_DIAGRAM):   put "*------------------------------------------------------------*";
MPRINT(EM_DIAGRAM):   put "* Report Log";
MPRINT(EM_DIAGRAM):   put nldate;
MPRINT(EM_DIAGRAM):   put nltime;
MPRINT(EM_DIAGRAM):   put "*------------------------------------------------------------*";
MPRINT(EM_DIAGRAM):   run;
*------------------------------------------------------------*
* Report Log
Date:                April 09, 2022
Time:                15:09:06
*------------------------------------------------------------*
MPRINT(EM_DIAGRAM):    filename O2PGSPKQ "D:\478\project\CreditCard_ChurnRate\Workspaces\EMWS1\Meta2\EMREPORT.out" encoding="UTF-8" NOBOM;
MPRINT(EM_DIAGRAM):   proc printto print=O2PGSPKQ new;
MPRINT(EM_DIAGRAM):   run;
42558      proc print data = EMWS1.Meta2_CMeta_TRAIN(obs=500) noobs label;
MPRINT(EM_DIAGRAM):    proc print data = EMWS1.Meta2_CMeta_TRAIN(obs=500) noobs label;
42559      var name role level creator label;
MPRINT(EM_DIAGRAM):   var name role level creator label;
42560      label NAME = "%sysfunc(sasmsg(sashelp.dmine, meta_name_vlabel,      NOQUOTE))" LEVEL = "%sysfunc(sasmsg(sashelp.dmine, meta_level_vlabel,     NOQUOTE))" ROLE = "%sysfunc(sasmsg(sashelp.dmine, meta_role_vlabel,      NOQUOTE))" CREATOR =
42561         "%sysfunc(sasmsg(sashelp.dmine, meta_creator_vlabel,   NOQUOTE))" LABEL = "%sysfunc(sasmsg(sashelp.dmine, meta_label_vlabel,     NOQUOTE))";
MPRINT(EM_DIAGRAM):   label NAME = "Variable Name" LEVEL = "Measurement Level" ROLE = "Role" CREATOR = "Creator" LABEL = "Label";
42562      format label $32.;
MPRINT(EM_DIAGRAM):   format label $32.;
42563      title9 "%sysfunc(sasmsg(sashelp.dmine, rpt_exptattributes_title, NOQUOTE, TRAIN))";
MPRINT(EM_DIAGRAM):   title9 "Exported Attributes for TRAIN Port";
42564      title10 "%sysfunc(sasmsg(sashelp.dmine, rpt_maxObsPrinted_title, NOQUOTE))";
MPRINT(EM_DIAGRAM):   title10 "(maximum 500 observations printed)";
MPRINT(EM_DIAGRAM):   run;
42565      run;

NOTE: There were 13 observations read from the data set EMWS1.META2_CMETA_TRAIN.
NOTE: The PROCEDURE PRINT printed page 8.
NOTE: PROCEDURE PRINT used (Total process time):
      real time           0.01 seconds
      cpu time            0.03 seconds
      

42566      title9;
MPRINT(EM_DIAGRAM):   title9;
42567      title10;
MPRINT(EM_DIAGRAM):   title10;
MPRINT(EM_DIAGRAM):    proc printto;
MPRINT(EM_DIAGRAM):   run;
