MPRINT(EM_DIAGRAM):    data _null_;
MPRINT(EM_DIAGRAM):   call symput('NLDATE', strip(put(date(), NLDATE.)));
MPRINT(EM_DIAGRAM):   call symput('NLTIME', strip(put(datetime(), NLTIME.)));
MPRINT(EM_DIAGRAM):   run;
MPRINT(EM_DIAGRAM):   data _null_;
MPRINT(EM_DIAGRAM):   nldate= sasmsg("sashelp.dmine", "log_date_note", 'N', "April 09, 2022" );
MPRINT(EM_DIAGRAM):   nltime= sasmsg("sashelp.dmine", "log_time_note", 'N', "15:08:45" );
MPRINT(EM_DIAGRAM):   put "*------------------------------------------------------------*";
MPRINT(EM_DIAGRAM):   put "* Report Log";
MPRINT(EM_DIAGRAM):   put nldate;
MPRINT(EM_DIAGRAM):   put nltime;
MPRINT(EM_DIAGRAM):   put "*------------------------------------------------------------*";
MPRINT(EM_DIAGRAM):   run;
*------------------------------------------------------------*
* Report Log
Date:                April 09, 2022
Time:                15:08:45
*------------------------------------------------------------*
MPRINT(EM_DIAGRAM):    filename O1M09ZF2 "D:\478\project\CreditCard_ChurnRate\Workspaces\EMWS1\Trans\EMREPORT.out" encoding="UTF-8" NOBOM;
MPRINT(EM_DIAGRAM):   proc printto print=O1M09ZF2 new;
MPRINT(EM_DIAGRAM):   run;
23629      *------------------------------------------------------------*;
MPRINT(EM_DIAGRAM):    *------------------------------------------------------------*;
23630      * &msgString;
MPRINT(EM_DIAGRAM):   * &msgString;
23631      *------------------------------------------------------------*;
MPRINT(EM_DIAGRAM):   *------------------------------------------------------------*;
23632      filename _flowref "D:\478\project\CreditCard_ChurnRate\Workspaces\EMWS1\Trans\EMFLOWSCORE.sas";
MPRINT(EM_DIAGRAM):   filename _flowref "D:\478\project\CreditCard_ChurnRate\Workspaces\EMWS1\Trans\EMFLOWSCORE.sas";
23633      proc FCMP NOEXECUTE IMPUTEDDEPS OUTDEPS=WORK.TRANS_SCOREINPUTS;
MPRINT(EM_DIAGRAM):   proc FCMP NOEXECUTE IMPUTEDDEPS OUTDEPS=WORK.TRANS_SCOREINPUTS;
23634      %INCLUDE _flowref;
MPRINT(EM_DIAGRAM):   *------------------------------------------------------------*;
MPRINT(EM_DIAGRAM):   * Computed Code;
MPRINT(EM_DIAGRAM):   *------------------------------------------------------------*;
MPRINT(EM_DIAGRAM):   *------------------------------------------------------------*;
MPRINT(EM_DIAGRAM):   * TRANSFORM: Avg_Utilization_Ratio , sqrt(max(Avg_Utilization_Ratio-0, 0.0)/0.999);
MPRINT(EM_DIAGRAM):   *------------------------------------------------------------*;
MPRINT(EM_DIAGRAM):   drop Trans_SCALEVAR_1;
MPRINT(EM_DIAGRAM):   label SQRT_Avg_Utilization_Ratio = 'Transformed Avg_Utilization_Ratio';
MPRINT(EM_DIAGRAM):   length SQRT_Avg_Utilization_Ratio 8;
MPRINT(EM_DIAGRAM):   if Avg_Utilization_Ratio eq . then SQRT_Avg_Utilization_Ratio = .;
MPRINT(EM_DIAGRAM):   else do;
MPRINT(EM_DIAGRAM):   Trans_SCALEVAR_1 = max(Avg_Utilization_Ratio-0, 0.0)/0.999;
MPRINT(EM_DIAGRAM):   if Trans_SCALEVAR_1 >= 0 then SQRT_Avg_Utilization_Ratio = Sqrt(Trans_SCALEVAR_1);
MPRINT(EM_DIAGRAM):   else SQRT_Avg_Utilization_Ratio = .;
MPRINT(EM_DIAGRAM):   end;
MPRINT(EM_DIAGRAM):   *------------------------------------------------------------*;
MPRINT(EM_DIAGRAM):   * TRANSFORM: Total_Amt_Chng_Q4_Q1 , sqrt(max(Total_Amt_Chng_Q4_Q1-0, 0.0)/3.397);
MPRINT(EM_DIAGRAM):   *------------------------------------------------------------*;
MPRINT(EM_DIAGRAM):   drop Trans_SCALEVAR_2;
MPRINT(EM_DIAGRAM):   label SQRT_Total_Amt_Chng_Q4_Q1 = 'Transformed Total_Amt_Chng_Q4_Q1';
MPRINT(EM_DIAGRAM):   length SQRT_Total_Amt_Chng_Q4_Q1 8;
MPRINT(EM_DIAGRAM):   if Total_Amt_Chng_Q4_Q1 eq . then SQRT_Total_Amt_Chng_Q4_Q1 = .;
MPRINT(EM_DIAGRAM):   else do;
MPRINT(EM_DIAGRAM):   Trans_SCALEVAR_2 = max(Total_Amt_Chng_Q4_Q1-0, 0.0)/3.397;
MPRINT(EM_DIAGRAM):   if Trans_SCALEVAR_2 >= 0 then SQRT_Total_Amt_Chng_Q4_Q1 = Sqrt(Trans_SCALEVAR_2);
MPRINT(EM_DIAGRAM):   else SQRT_Total_Amt_Chng_Q4_Q1 = .;
MPRINT(EM_DIAGRAM):   end;
MPRINT(EM_DIAGRAM):   *------------------------------------------------------------*;
MPRINT(EM_DIAGRAM):   * TRANSFORM: Total_Ct_Chng_Q4_Q1 , sqrt(max(Total_Ct_Chng_Q4_Q1-0, 0.0)/3.714);
MPRINT(EM_DIAGRAM):   *------------------------------------------------------------*;
MPRINT(EM_DIAGRAM):   drop Trans_SCALEVAR_3;
MPRINT(EM_DIAGRAM):   label SQRT_Total_Ct_Chng_Q4_Q1 = 'Transformed Total_Ct_Chng_Q4_Q1';
MPRINT(EM_DIAGRAM):   length SQRT_Total_Ct_Chng_Q4_Q1 8;
MPRINT(EM_DIAGRAM):   if Total_Ct_Chng_Q4_Q1 eq . then SQRT_Total_Ct_Chng_Q4_Q1 = .;
MPRINT(EM_DIAGRAM):   else do;
MPRINT(EM_DIAGRAM):   Trans_SCALEVAR_3 = max(Total_Ct_Chng_Q4_Q1-0, 0.0)/3.714;
MPRINT(EM_DIAGRAM):   if Trans_SCALEVAR_3 >= 0 then SQRT_Total_Ct_Chng_Q4_Q1 = Sqrt(Trans_SCALEVAR_3);
MPRINT(EM_DIAGRAM):   else SQRT_Total_Ct_Chng_Q4_Q1 = .;
MPRINT(EM_DIAGRAM):   end;
MPRINT(EM_DIAGRAM):   *------------------------------------------------------------*;
MPRINT(EM_DIAGRAM):   * TRANSFORM: Total_Trans_Amt , log(max(Total_Trans_Amt-510, 0.0)/17974 + 1);
MPRINT(EM_DIAGRAM):   *------------------------------------------------------------*;
MPRINT(EM_DIAGRAM):   drop Trans_SCALEVAR_5;
MPRINT(EM_DIAGRAM):   label LOG_Total_Trans_Amt = 'Transformed Total_Trans_Amt';
MPRINT(EM_DIAGRAM):   length LOG_Total_Trans_Amt 8;
MPRINT(EM_DIAGRAM):   if Total_Trans_Amt eq . then LOG_Total_Trans_Amt = .;
MPRINT(EM_DIAGRAM):   else do;
MPRINT(EM_DIAGRAM):   Trans_SCALEVAR_5 = max(Total_Trans_Amt-510, 0.0)/17974;
MPRINT(EM_DIAGRAM):   if Trans_SCALEVAR_5 + 1 > 0 then LOG_Total_Trans_Amt = log(Trans_SCALEVAR_5 + 1);
MPRINT(EM_DIAGRAM):   else LOG_Total_Trans_Amt = .;
MPRINT(EM_DIAGRAM):   end;
23686      run;
MPRINT(EM_DIAGRAM):   run;

NOTE: Dependency structure written to data set WORK.TRANS_SCOREINPUTS.
NOTE: PROCEDURE FCMP used (Total process time):
      real time           0.02 seconds
      cpu time            0.01 seconds
      

MPRINT(EM_DIAGRAM):   quit;
23687      quit;
23688      data WORK.TRANS_SCOREINPUTS;
MPRINT(EM_DIAGRAM):   data WORK.TRANS_SCOREINPUTS;
23689      set WORK.TRANS_SCOREINPUTS(keep=RHS rename=(RHS=NAME));
MPRINT(EM_DIAGRAM):   set WORK.TRANS_SCOREINPUTS(keep=RHS rename=(RHS=NAME));
23690      length UNAME $32;
MPRINT(EM_DIAGRAM):   length UNAME $32;
23691      UNAME = upcase(NAME);
MPRINT(EM_DIAGRAM):   UNAME = upcase(NAME);
23692      run;
MPRINT(EM_DIAGRAM):   run;

NOTE: There were 12 observations read from the data set WORK.TRANS_SCOREINPUTS.
NOTE: The data set WORK.TRANS_SCOREINPUTS has 12 observations and 2 variables.
NOTE: DATA statement used (Total process time):
      real time           0.00 seconds
      cpu time            0.00 seconds
      

23693      proc sort data=WORK.TRANS_SCOREINPUTS NODUPKEY;
MPRINT(EM_DIAGRAM):   proc sort data=WORK.TRANS_SCOREINPUTS NODUPKEY;
23694      by UNAME;
MPRINT(EM_DIAGRAM):   by UNAME;
23695      run;
MPRINT(EM_DIAGRAM):   run;

NOTE: There were 12 observations read from the data set WORK.TRANS_SCOREINPUTS.
NOTE: 4 observations with duplicate key values were deleted.
NOTE: The data set WORK.TRANS_SCOREINPUTS has 8 observations and 2 variables.
NOTE: PROCEDURE SORT used (Total process time):
      real time           0.00 seconds
      cpu time            0.00 seconds
      

23696      filename _flowref;
MPRINT(EM_DIAGRAM):   filename _flowref;
NOTE: Fileref _FLOWREF has been deassigned.
23697      %let SYSCC = 0;
23698      *------------------------------------------------------------*;
MPRINT(EM_DIAGRAM):    *------------------------------------------------------------*;
23699      * transformcombinevariables;
MPRINT(EM_DIAGRAM):   * transformcombinevariables;
23700      *------------------------------------------------------------*;
MPRINT(EM_DIAGRAM):   *------------------------------------------------------------*;
23701      data WORK.TRANS_OUTPUTVARS;
MPRINT(EM_DIAGRAM):   data WORK.TRANS_OUTPUTVARS;
23702      length Uname inputName $32 inputLevel $10 inputType $1 _MetaFlag 8;
MPRINT(EM_DIAGRAM):   length Uname inputName $32 inputLevel $10 inputType $1 _MetaFlag 8;
23703      set
23704      EMWS1.Trans_RESULT
23705      ;
MPRINT(EM_DIAGRAM):   set EMWS1.Trans_RESULT ;
23706      _MetaFlag=0;
MPRINT(EM_DIAGRAM):   _MetaFlag=0;
23707      uname = upcase(name);
MPRINT(EM_DIAGRAM):   uname = upcase(name);
23708      run;
MPRINT(EM_DIAGRAM):   run;

NOTE: There were 4 observations read from the data set EMWS1.TRANS_RESULT.
NOTE: The data set WORK.TRANS_OUTPUTVARS has 4 observations and 13 variables.
NOTE: DATA statement used (Total process time):
      real time           0.00 seconds
      cpu time            0.00 seconds
      

23709      data _temp;
MPRINT(EM_DIAGRAM):    data _temp;
23710      length UNAME $32;
MPRINT(EM_DIAGRAM):   length UNAME $32;
23711      set EMWS1.Trans_CMeta_TRAIN(keep=NAME LEVEL ROLE TYPE CREATOR LABEL);
MPRINT(EM_DIAGRAM):   set EMWS1.Trans_CMeta_TRAIN(keep=NAME LEVEL ROLE TYPE CREATOR LABEL);
23712      UNAME = upcase(name);
MPRINT(EM_DIAGRAM):   UNAME = upcase(name);
23713      where upcase(CREATOR) = upcase("Trans");
MPRINT(EM_DIAGRAM):   where upcase(CREATOR) = upcase("Trans");
23714      run;
MPRINT(EM_DIAGRAM):   run;

NOTE: There were 4 observations read from the data set EMWS1.TRANS_CMETA_TRAIN.
      WHERE UPCASE(CREATOR)='TRANS';
NOTE: The data set WORK._TEMP has 4 observations and 7 variables.
NOTE: DATA statement used (Total process time):
      real time           0.00 seconds
      cpu time            0.01 seconds
      

23715      proc sort data=_temp(drop=CREATOR);
MPRINT(EM_DIAGRAM):   proc sort data=_temp(drop=CREATOR);
23716      by UNAME;
MPRINT(EM_DIAGRAM):   by UNAME;
23717      run;
MPRINT(EM_DIAGRAM):   run;

NOTE: There were 4 observations read from the data set WORK._TEMP.
NOTE: The data set WORK._TEMP has 4 observations and 6 variables.
NOTE: PROCEDURE SORT used (Total process time):
      real time           0.00 seconds
      cpu time            0.01 seconds
      

23718      proc sort data=WORK.TRANS_OUTPUTVARS;
MPRINT(EM_DIAGRAM):    proc sort data=WORK.TRANS_OUTPUTVARS;
23719      by UNAME;
MPRINT(EM_DIAGRAM):   by UNAME;
23720      run;
MPRINT(EM_DIAGRAM):   run;

NOTE: There were 4 observations read from the data set WORK.TRANS_OUTPUTVARS.
NOTE: The data set WORK.TRANS_OUTPUTVARS has 4 observations and 13 variables.
NOTE: PROCEDURE SORT used (Total process time):
      real time           0.00 seconds
      cpu time            0.01 seconds
      

23721      data WORK.TRANS_OUTPUTVARS;
MPRINT(EM_DIAGRAM):   data WORK.TRANS_OUTPUTVARS;
23722      merge WORK.TRANS_OUTPUTVARS _temp;
MPRINT(EM_DIAGRAM):   merge WORK.TRANS_OUTPUTVARS _temp;
23723      by UNAME;
MPRINT(EM_DIAGRAM):   by UNAME;
23724      run;
MPRINT(EM_DIAGRAM):   run;

NOTE: There were 4 observations read from the data set WORK.TRANS_OUTPUTVARS.
NOTE: There were 4 observations read from the data set WORK._TEMP.
NOTE: The data set WORK.TRANS_OUTPUTVARS has 4 observations and 13 variables.
NOTE: DATA statement used (Total process time):
      real time           0.00 seconds
      cpu time            0.01 seconds
      

23725      *------------------------------------------------------------*;
MPRINT(EM_DIAGRAM):    *------------------------------------------------------------*;
23726      * Trans: Get Metadata for the Score Inputs Variables;
MPRINT(EM_DIAGRAM):   * Trans: Get Metadata for the Score Inputs Variables;
23727      *------------------------------------------------------------*;
MPRINT(EM_DIAGRAM):   *------------------------------------------------------------*;
23728      data _temp;
MPRINT(EM_DIAGRAM):   data _temp;
23729      length UNAME $32;
MPRINT(EM_DIAGRAM):   length UNAME $32;
23730      set EMWS1.Trans_VariableSet(keep=NAME LEVEL TYPE LABEL);
MPRINT(EM_DIAGRAM):   set EMWS1.Trans_VariableSet(keep=NAME LEVEL TYPE LABEL);
23731      UNAME = upcase(name);
MPRINT(EM_DIAGRAM):   UNAME = upcase(name);
23732      run;
MPRINT(EM_DIAGRAM):   run;

NOTE: There were 12 observations read from the data set EMWS1.TRANS_VARIABLESET.
NOTE: The data set WORK._TEMP has 12 observations and 5 variables.
NOTE: DATA statement used (Total process time):
      real time           0.00 seconds
      cpu time            0.00 seconds
      

23733      proc sort data=_temp;
MPRINT(EM_DIAGRAM):   proc sort data=_temp;
23734      by UNAME;
MPRINT(EM_DIAGRAM):   by UNAME;
23735      run;
MPRINT(EM_DIAGRAM):   run;

NOTE: There were 12 observations read from the data set WORK._TEMP.
NOTE: The data set WORK._TEMP has 12 observations and 5 variables.
NOTE: PROCEDURE SORT used (Total process time):
      real time           0.00 seconds
      cpu time            0.00 seconds
      

23736      data WORK.TRANS_SCOREINPUTS;
MPRINT(EM_DIAGRAM):   data WORK.TRANS_SCOREINPUTS;
23737      merge WORK.TRANS_SCOREINPUTS(in=_a) _temp(in=_b);
MPRINT(EM_DIAGRAM):   merge WORK.TRANS_SCOREINPUTS(in=_a) _temp(in=_b);
23738      by UNAME;
MPRINT(EM_DIAGRAM):   by UNAME;
23739      if _a and _b then output;
MPRINT(EM_DIAGRAM):   if _a and _b then output;
23740      run;
MPRINT(EM_DIAGRAM):   run;

NOTE: There were 8 observations read from the data set WORK.TRANS_SCOREINPUTS.
NOTE: There were 12 observations read from the data set WORK._TEMP.
NOTE: The data set WORK.TRANS_SCOREINPUTS has 4 observations and 5 variables.
NOTE: DATA statement used (Total process time):
      real time           0.01 seconds
      cpu time            0.00 seconds
      

23741      *------------------------------------------------------------*;
MPRINT(EM_DIAGRAM):    *------------------------------------------------------------*;
23742      * Trans: Computing Summary Statistics;
MPRINT(EM_DIAGRAM):   * Trans: Computing Summary Statistics;
23743      *------------------------------------------------------------*;
MPRINT(EM_DIAGRAM):   *------------------------------------------------------------*;
23744      proc dmdb data=EMWS1.Trans_TRAIN classout=WORK.TRANS_CLASSSTATS varout=WORK.TRANS_VARSTATS;
MPRINT(EM_DIAGRAM):   proc dmdb data=EMWS1.Trans_TRAIN classout=WORK.TRANS_CLASSSTATS varout=WORK.TRANS_VARSTATS;
23745      ;
MPRINT(EM_DIAGRAM):   ;
23746      var
23747      Avg_Utilization_Ratio
23748      Total_Amt_Chng_Q4_Q1
23749      Total_Ct_Chng_Q4_Q1
23750      Total_Trans_Amt
23751      LOG_Total_Trans_Amt
23752      SQRT_Avg_Utilization_Ratio
23753      SQRT_Total_Amt_Chng_Q4_Q1
23754      SQRT_Total_Ct_Chng_Q4_Q1
23755      ;
MPRINT(EM_DIAGRAM):   var Avg_Utilization_Ratio Total_Amt_Chng_Q4_Q1 Total_Ct_Chng_Q4_Q1 Total_Trans_Amt LOG_Total_Trans_Amt SQRT_Avg_Utilization_Ratio SQRT_Total_Amt_Chng_Q4_Q1 SQRT_Total_Ct_Chng_Q4_Q1 ;
23756      run;
MPRINT(EM_DIAGRAM):   run;

NOTE: Records processed = 10127   Memory used = 511K.
NOTE: There were 10127 observations read from the data set EMWS1.IDS_DATA.
NOTE: View EMWS1.TRANS_TRAIN.VIEW used (Total process time):
      real time           0.23 seconds
      cpu time            0.23 seconds
      
NOTE: There were 10127 observations read from the data set EMWS1.VARSEL_TRAIN.
NOTE: There were 10127 observations read from the data set EMWS1.TRANS_TRAIN.
NOTE: The data set WORK.TRANS_VARSTATS has 8 observations and 9 variables.
NOTE: PROCEDURE DMDB used (Total process time):
      real time           0.25 seconds
      cpu time            0.25 seconds
      

23757      *------------------------------------------------------------*;
MPRINT(EM_DIAGRAM):    *------------------------------------------------------------*;
23758      * Trans: Combine Information and Statistics for Class Variables;
MPRINT(EM_DIAGRAM):   * Trans: Combine Information and Statistics for Class Variables;
23759      *------------------------------------------------------------*;
MPRINT(EM_DIAGRAM):   *------------------------------------------------------------*;
23760      proc sort data=WORK.TRANS_OUTPUTVARS out=_temp;
MPRINT(EM_DIAGRAM):   proc sort data=WORK.TRANS_OUTPUTVARS out=_temp;
23761      by NAME;
MPRINT(EM_DIAGRAM):   by NAME;
23762      run;
MPRINT(EM_DIAGRAM):   run;

NOTE: There were 4 observations read from the data set WORK.TRANS_OUTPUTVARS.
NOTE: The data set WORK._TEMP has 4 observations and 13 variables.
NOTE: PROCEDURE SORT used (Total process time):
      real time           0.00 seconds
      cpu time            0.01 seconds
      

23763      proc sort data=WORK.TRANS_CLASSSTATS;
MPRINT(EM_DIAGRAM):   proc sort data=WORK.TRANS_CLASSSTATS;
23764      by NAME;
MPRINT(EM_DIAGRAM):   by NAME;
23765      run;
MPRINT(EM_DIAGRAM):   run;

NOTE: Input data set is empty.
NOTE: The data set WORK.TRANS_CLASSSTATS has 0 observations and 9 variables.
NOTE: PROCEDURE SORT used (Total process time):
      real time           0.00 seconds
      cpu time            0.00 seconds
      

23766      data WORK.TRANS_CLASSSTATS(keep=name nlevel nmiss);
MPRINT(EM_DIAGRAM):   data WORK.TRANS_CLASSSTATS(keep=name nlevel nmiss);
23767      retain nlevel nmiss;
MPRINT(EM_DIAGRAM):   retain nlevel nmiss;
23768      set WORK.TRANS_CLASSSTATS;
MPRINT(EM_DIAGRAM):   set WORK.TRANS_CLASSSTATS;
23769      by Name;
MPRINT(EM_DIAGRAM):   by Name;
23770      if first.Name then do;
MPRINT(EM_DIAGRAM):   if first.Name then do;
23771      nlevel= 0;
MPRINT(EM_DIAGRAM):   nlevel= 0;
23772      nmiss= 0;
MPRINT(EM_DIAGRAM):   nmiss= 0;
23773      end;
MPRINT(EM_DIAGRAM):   end;
23774      if (type='C' and CRAW='') or (type='N' and NRAW=.) then nmiss = FREQUENCY;
MPRINT(EM_DIAGRAM):   if (type='C' and CRAW='') or (type='N' and NRAW=.) then nmiss = FREQUENCY;
23775      else nlevel + 1;
MPRINT(EM_DIAGRAM):   else nlevel + 1;
23776      if last.name then output;
MPRINT(EM_DIAGRAM):   if last.name then output;
23777      run;
MPRINT(EM_DIAGRAM):   run;

NOTE: There were 0 observations read from the data set WORK.TRANS_CLASSSTATS.
NOTE: The data set WORK.TRANS_CLASSSTATS has 0 observations and 3 variables.
NOTE: DATA statement used (Total process time):
      real time           0.00 seconds
      cpu time            0.00 seconds
      

23778      /*Merge Statistics for Class Output Vars */
23779      data WORK.TRANS_CLASSSTATS;
MPRINT(EM_DIAGRAM):   data WORK.TRANS_CLASSSTATS;
23780      length SOURCE $6 _METHOD_ $8 NAME $32 FORMULA $300;
MPRINT(EM_DIAGRAM):   length SOURCE $6 _METHOD_ $8 NAME $32 FORMULA $300;
23781      merge WORK.TRANS_CLASSSTATS(in=_a) _temp(in=_b keep=NAME InputName Formula _MetaFlag LEVEL TYPE LABEL);
MPRINT(EM_DIAGRAM):   merge WORK.TRANS_CLASSSTATS(in=_a) _temp(in=_b keep=NAME InputName Formula _MetaFlag LEVEL TYPE LABEL);
23782      by NAME;
MPRINT(EM_DIAGRAM):   by NAME;
23783      if _a and _b then do;
MPRINT(EM_DIAGRAM):   if _a and _b then do;
23784      SOURCE='Output';
MPRINT(EM_DIAGRAM):   SOURCE='Output';
23785      if _MetaFlag = 1 then _METHOD_="Meta";
MPRINT(EM_DIAGRAM):   if _MetaFlag = 1 then _METHOD_="Meta";
23786      else if Formula eq 'Interaction' then _METHOD_="Computed";
MPRINT(EM_DIAGRAM):   else if Formula eq 'Interaction' then _METHOD_="Computed";
23787      else if inputName eq '' then _METHOD_="Formula";
MPRINT(EM_DIAGRAM):   else if inputName eq '' then _METHOD_="Formula";
23788      else _METHOD_="Computed";
MPRINT(EM_DIAGRAM):   else _METHOD_="Computed";
23789      if Formula = '' then Formula = "User Code";
MPRINT(EM_DIAGRAM):   if Formula = '' then Formula = "User Code";
23790      end;
MPRINT(EM_DIAGRAM):   end;
23791      if _a then output;
MPRINT(EM_DIAGRAM):   if _a then output;
23792      drop inputName LEVEL TYPE _MetaFlag;
MPRINT(EM_DIAGRAM):   drop inputName LEVEL TYPE _MetaFlag;
23793      run;
MPRINT(EM_DIAGRAM):   run;

NOTE: There were 0 observations read from the data set WORK.TRANS_CLASSSTATS.
NOTE: There were 4 observations read from the data set WORK._TEMP.
NOTE: The data set WORK.TRANS_CLASSSTATS has 0 observations and 7 variables.
NOTE: DATA statement used (Total process time):
      real time           0.01 seconds
      cpu time            0.00 seconds
      

23794      /*Merge Statistics for Class Input Vars */
23795      proc sort data=WORK.TRANS_SCOREINPUTS(drop=TYPE LEVEL) out=_temp nodupkey;
MPRINT(EM_DIAGRAM):   proc sort data=WORK.TRANS_SCOREINPUTS(drop=TYPE LEVEL) out=_temp nodupkey;
23796      by NAME;
MPRINT(EM_DIAGRAM):   by NAME;
23797      run;
MPRINT(EM_DIAGRAM):   run;

NOTE: There were 4 observations read from the data set WORK.TRANS_SCOREINPUTS.
NOTE: 0 observations with duplicate key values were deleted.
NOTE: The data set WORK._TEMP has 4 observations and 3 variables.
NOTE: PROCEDURE SORT used (Total process time):
      real time           0.01 seconds
      cpu time            0.01 seconds
      

23798      data WORK.TRANS_CLASSSTATS;
MPRINT(EM_DIAGRAM):   data WORK.TRANS_CLASSSTATS;
23799      merge WORK.TRANS_CLASSSTATS(in=_a) _temp(in=_b);
MPRINT(EM_DIAGRAM):   merge WORK.TRANS_CLASSSTATS(in=_a) _temp(in=_b);
23800      by NAME;
MPRINT(EM_DIAGRAM):   by NAME;
23801      if _a and _b then do;
MPRINT(EM_DIAGRAM):   if _a and _b then do;
23802      SOURCE='Input';
MPRINT(EM_DIAGRAM):   SOURCE='Input';
23803      _METHOD_="Original";
MPRINT(EM_DIAGRAM):   _METHOD_="Original";
23804      end;
MPRINT(EM_DIAGRAM):   end;
23805      if _a then output;
MPRINT(EM_DIAGRAM):   if _a then output;
23806      run;
MPRINT(EM_DIAGRAM):   run;

NOTE: There were 0 observations read from the data set WORK.TRANS_CLASSSTATS.
NOTE: There were 4 observations read from the data set WORK._TEMP.
NOTE: The data set WORK.TRANS_CLASSSTATS has 0 observations and 8 variables.
NOTE: DATA statement used (Total process time):
      real time           0.00 seconds
      cpu time            0.01 seconds
      

23807      *------------------------------------------------------------*;
MPRINT(EM_DIAGRAM):    *------------------------------------------------------------*;
23808      * Trans: Combine Information and Statistics for Interval Variables;
MPRINT(EM_DIAGRAM):   * Trans: Combine Information and Statistics for Interval Variables;
23809      *------------------------------------------------------------*;
MPRINT(EM_DIAGRAM):   *------------------------------------------------------------*;
23810      proc sort data=WORK.TRANS_OUTPUTVARS out=_temp;
MPRINT(EM_DIAGRAM):   proc sort data=WORK.TRANS_OUTPUTVARS out=_temp;
23811      by NAME;
MPRINT(EM_DIAGRAM):   by NAME;
23812      run;
MPRINT(EM_DIAGRAM):   run;

NOTE: There were 4 observations read from the data set WORK.TRANS_OUTPUTVARS.
NOTE: The data set WORK._TEMP has 4 observations and 13 variables.
NOTE: PROCEDURE SORT used (Total process time):
      real time           0.00 seconds
      cpu time            0.00 seconds
      

23813      proc sort data=WORK.TRANS_VARSTATS;
MPRINT(EM_DIAGRAM):   proc sort data=WORK.TRANS_VARSTATS;
23814      by NAME;
MPRINT(EM_DIAGRAM):   by NAME;
23815      run;
MPRINT(EM_DIAGRAM):   run;

NOTE: There were 8 observations read from the data set WORK.TRANS_VARSTATS.
NOTE: The data set WORK.TRANS_VARSTATS has 8 observations and 9 variables.
NOTE: PROCEDURE SORT used (Total process time):
      real time           0.00 seconds
      cpu time            0.00 seconds
      

MPRINT(EM_DIAGRAM):   *Merge Statistics for Output Vars;
23816      *Merge Statistics for Output Vars;
23817      data WORK.TRANS_VARSTATS;
MPRINT(EM_DIAGRAM):   data WORK.TRANS_VARSTATS;
23818      length SOURCE $6 _METHOD_ $8 NAME $32 FORMULA $300;
MPRINT(EM_DIAGRAM):   length SOURCE $6 _METHOD_ $8 NAME $32 FORMULA $300;
23819      merge WORK.TRANS_VARSTATS(in=_a) _temp(in=_b keep=NAME Formula InputName _MetaFlag LEVEL TYPE LABEL);
MPRINT(EM_DIAGRAM):   merge WORK.TRANS_VARSTATS(in=_a) _temp(in=_b keep=NAME Formula InputName _MetaFlag LEVEL TYPE LABEL);
23820      by NAME;
MPRINT(EM_DIAGRAM):   by NAME;
23821      if _a and _b then do;
MPRINT(EM_DIAGRAM):   if _a and _b then do;
23822      SOURCE='Output';
MPRINT(EM_DIAGRAM):   SOURCE='Output';
23823      if _MetaFlag = 1 then _METHOD_="Meta";
MPRINT(EM_DIAGRAM):   if _MetaFlag = 1 then _METHOD_="Meta";
23824      else if Formula eq 'Interaction' then _METHOD_="Computed";
MPRINT(EM_DIAGRAM):   else if Formula eq 'Interaction' then _METHOD_="Computed";
23825      else if inputName eq '' then _METHOD_="Formula";
MPRINT(EM_DIAGRAM):   else if inputName eq '' then _METHOD_="Formula";
23826      else _METHOD_="Computed";
MPRINT(EM_DIAGRAM):   else _METHOD_="Computed";
23827      if Formula = '' then Formula = "Mixture of variables";
MPRINT(EM_DIAGRAM):   if Formula = '' then Formula = "Mixture of variables";
23828      end;
MPRINT(EM_DIAGRAM):   end;
23829      if _a then output;
MPRINT(EM_DIAGRAM):   if _a then output;
23830      drop inputName LEVEL TYPE _MetaFlag;
MPRINT(EM_DIAGRAM):   drop inputName LEVEL TYPE _MetaFlag;
23831      run;
MPRINT(EM_DIAGRAM):   run;

NOTE: There were 8 observations read from the data set WORK.TRANS_VARSTATS.
NOTE: There were 4 observations read from the data set WORK._TEMP.
NOTE: The data set WORK.TRANS_VARSTATS has 8 observations and 13 variables.
NOTE: DATA statement used (Total process time):
      real time           0.01 seconds
      cpu time            0.01 seconds
      

MPRINT(EM_DIAGRAM):   *Merge Statistics for Input Vars;
23832      *Merge Statistics for Input Vars;
23833      proc sort data=WORK.TRANS_SCOREINPUTS(drop=TYPE LEVEL) out=_temp nodupkey;
MPRINT(EM_DIAGRAM):   proc sort data=WORK.TRANS_SCOREINPUTS(drop=TYPE LEVEL) out=_temp nodupkey;
23834      by NAME;
MPRINT(EM_DIAGRAM):   by NAME;
23835      run;
MPRINT(EM_DIAGRAM):   run;

NOTE: There were 4 observations read from the data set WORK.TRANS_SCOREINPUTS.
NOTE: 0 observations with duplicate key values were deleted.
NOTE: The data set WORK._TEMP has 4 observations and 3 variables.
NOTE: PROCEDURE SORT used (Total process time):
      real time           0.00 seconds
      cpu time            0.01 seconds
      

23836      data WORK.TRANS_VARSTATS;
MPRINT(EM_DIAGRAM):   data WORK.TRANS_VARSTATS;
23837      merge WORK.TRANS_VARSTATS(in=_a) _temp(in=_b);
MPRINT(EM_DIAGRAM):   merge WORK.TRANS_VARSTATS(in=_a) _temp(in=_b);
23838      by NAME;
MPRINT(EM_DIAGRAM):   by NAME;
23839      if _a and _b then do;
MPRINT(EM_DIAGRAM):   if _a and _b then do;
23840      SOURCE='Input';
MPRINT(EM_DIAGRAM):   SOURCE='Input';
23841      _METHOD_="Original";
MPRINT(EM_DIAGRAM):   _METHOD_="Original";
23842      end;
MPRINT(EM_DIAGRAM):   end;
23843      if _a then output;
MPRINT(EM_DIAGRAM):   if _a then output;
23844      run;
MPRINT(EM_DIAGRAM):   run;

NOTE: There were 8 observations read from the data set WORK.TRANS_VARSTATS.
NOTE: There were 4 observations read from the data set WORK._TEMP.
NOTE: The data set WORK.TRANS_VARSTATS has 8 observations and 14 variables.
NOTE: DATA statement used (Total process time):
      real time           0.00 seconds
      cpu time            0.00 seconds
      

23845      *------------------------------------------------------------*;
MPRINT(EM_DIAGRAM):    *------------------------------------------------------------*;
23846      * Trans: Combine statistics for class and interval variables;
MPRINT(EM_DIAGRAM):   * Trans: Combine statistics for class and interval variables;
23847      *------------------------------------------------------------*;
MPRINT(EM_DIAGRAM):   *------------------------------------------------------------*;
23848      data EMWS1.Trans_STATISTICS;
MPRINT(EM_DIAGRAM):   data EMWS1.Trans_STATISTICS;
23849      length SOURCE $6 _METHOD_ $8 NAME $32 FORMULA $300;
MPRINT(EM_DIAGRAM):   length SOURCE $6 _METHOD_ $8 NAME $32 FORMULA $300;
23850      label SOURCE = "%sysfunc(sasmsg(sashelp.dmine, rpt_source_vlabel,  NOQUOTE))" _METHOD_ = "%sysfunc(sasmsg(sashelp.dmine, rpt_method_vlabel,  NOQUOTE))" NAME = "%sysfunc(sasmsg(sashelp.dmine, meta_name_vlabel,  NOQUOTE))" FORMULA =
23851         "%sysfunc(sasmsg(sashelp.dmine, rpt_formula_vlabel,   NOQUOTE))" NLEVEL = "%sysfunc(sasmsg(sashelp.dmine, rpt_numcat_vlabel,   NOQUOTE))" N = "%sysfunc(sasmsg(sashelp.dmine, rpt_nonmiss_vlabel, NOQUOTE))" NMISS =
23852         "%sysfunc(sasmsg(sashelp.dmine, rpt_missing_vlabel, NOQUOTE))" MIN = "%sysfunc(sasmsg(sashelp.dmine, rpt_minimum_vlabel, NOQUOTE))" MAX = "%sysfunc(sasmsg(sashelp.dmine, rpt_maximum_vlabel, NOQUOTE))" MEAN =
23853         "%sysfunc(sasmsg(sashelp.dmine, rpt_mean_vlabel,    NOQUOTE))" STD = "%sysfunc(sasmsg(sashelp.dmine, rpt_std_vlabel,     NOQUOTE))" SKEWNESS = "%sysfunc(sasmsg(sashelp.dmine, rpt_skewness_vlabel, NOQUOTE))" KURTOSIS =
23854         "%sysfunc(sasmsg(sashelp.dmine, rpt_kurtosis_vlabel, NOQUOTE))" LABEL = "%sysfunc(sasmsg(sashelp.dmine, meta_label_vlabel, NOQUOTE))";
MPRINT(EM_DIAGRAM):   label SOURCE = "Source" _METHOD_ = "Method" NAME = "Variable Name" FORMULA = "Formula" NLEVEL = "Number of Levels" N = "Non Missing" NMISS = "Missing" MIN = "Minimum" MAX = "Maximum" MEAN = "Mean" STD = "Standard Deviation" SKEWNESS 
= "Skewness" KURTOSIS = "Kurtosis" LABEL = "Label";
23855      set
23856      WORK.TRANS_CLASSSTATS
23857      WORK.TRANS_VARSTATS
23858      ;
MPRINT(EM_DIAGRAM):   set WORK.TRANS_CLASSSTATS WORK.TRANS_VARSTATS ;
23859      drop UNAME;
MPRINT(EM_DIAGRAM):   drop UNAME;
23860      run;
MPRINT(EM_DIAGRAM):   run;

NOTE: There were 0 observations read from the data set WORK.TRANS_CLASSSTATS.
NOTE: There were 8 observations read from the data set WORK.TRANS_VARSTATS.
NOTE: The data set EMWS1.TRANS_STATISTICS has 8 observations and 14 variables.
NOTE: DATA statement used (Total process time):
      real time           0.02 seconds
      cpu time            0.03 seconds
      

23861      proc sort data=EMWS1.Trans_STATISTICS;
MPRINT(EM_DIAGRAM):   proc sort data=EMWS1.Trans_STATISTICS;
23862      by SOURCE _METHOD_ NAME;
MPRINT(EM_DIAGRAM):   by SOURCE _METHOD_ NAME;
23863      run;
MPRINT(EM_DIAGRAM):   run;

NOTE: There were 8 observations read from the data set EMWS1.TRANS_STATISTICS.
NOTE: The data set EMWS1.TRANS_STATISTICS has 8 observations and 14 variables.
NOTE: PROCEDURE SORT used (Total process time):
      real time           0.00 seconds
      cpu time            0.00 seconds
      

23864      proc sort data = EMWS1.Trans_STATISTICS NOTHREADS;
MPRINT(EM_DIAGRAM):    proc sort data = EMWS1.Trans_STATISTICS NOTHREADS;
23865      by SOURCE NAME;
MPRINT(EM_DIAGRAM):   by SOURCE NAME;
23866      run;
MPRINT(EM_DIAGRAM):   run;

NOTE: There were 8 observations read from the data set EMWS1.TRANS_STATISTICS.
NOTE: The data set EMWS1.TRANS_STATISTICS has 8 observations and 14 variables.
NOTE: PROCEDURE SORT used (Total process time):
      real time           0.00 seconds
      cpu time            0.01 seconds
      

23867      title9 ' ';
MPRINT(EM_DIAGRAM):   title9 ' ';
23868      proc print data = EMWS1.Trans_STATISTICS(obs=500) noobs label;
MPRINT(EM_DIAGRAM):   proc print data = EMWS1.Trans_STATISTICS(obs=500) noobs label;
23869      title9 "%sysfunc(sasmsg(sashelp.dmine, rpt_intervalinputStats_title, NOQUOTE))";
MPRINT(EM_DIAGRAM):   title9 "Summary Statistics for Input Interval Variables";
23870      title10 "%sysfunc(sasmsg(sashelp.dmine, rpt_maxObsPrinted_title, NOQUOTE))";
MPRINT(EM_DIAGRAM):   title10 "(maximum 500 observations printed)";
MPRINT(EM_DIAGRAM):   var Name NMISS MIN MAX MEAN STD SKEWNESS KURTOSIS;
MPRINT(EM_DIAGRAM):   where SOURCE eq 'INPUT' and mean ne .;
MPRINT(EM_DIAGRAM):   run;
23871      var Name NMISS MIN MAX MEAN STD SKEWNESS KURTOSIS;
23872      where SOURCE eq 'INPUT' and mean ne .;
23873      run;

NOTE: No observations were selected from data set EMWS1.TRANS_STATISTICS.
NOTE: There were 0 observations read from the data set EMWS1.TRANS_STATISTICS.
      WHERE (SOURCE='INPUT') and (mean not = .);
NOTE: PROCEDURE PRINT used (Total process time):
      real time           0.00 seconds
      cpu time            0.00 seconds
      

23874      proc print data = EMWS1.Trans_STATISTICS(obs=500) noobs label;
MPRINT(EM_DIAGRAM):   proc print data = EMWS1.Trans_STATISTICS(obs=500) noobs label;
23875      title9 "%sysfunc(sasmsg(sashelp.dmine, rpt_intervaloutputStats_title, NOQUOTE))";
MPRINT(EM_DIAGRAM):   title9 "Summary Statistics for Output Interval Variables";
23876      title10 "%sysfunc(sasmsg(sashelp.dmine, rpt_maxObsPrinted_title, NOQUOTE))";
MPRINT(EM_DIAGRAM):   title10 "(maximum 500 observations printed)";
MPRINT(EM_DIAGRAM):   var Name _METHOD_ NMISS MIN MAX MEAN STD SKEWNESS KURTOSIS;
MPRINT(EM_DIAGRAM):   where SOURCE eq 'OUTPUT' and mean ne .;
MPRINT(EM_DIAGRAM):   run;
23877      var Name _METHOD_ NMISS MIN MAX MEAN STD SKEWNESS KURTOSIS;
23878      where SOURCE eq 'OUTPUT' and mean ne .;
23879      run;

NOTE: No observations were selected from data set EMWS1.TRANS_STATISTICS.
NOTE: There were 0 observations read from the data set EMWS1.TRANS_STATISTICS.
      WHERE (SOURCE='OUTPUT') and (mean not = .);
NOTE: PROCEDURE PRINT used (Total process time):
      real time           0.00 seconds
      cpu time            0.01 seconds
      

23880      proc print data = EMWS1.Trans_STATISTICS(obs=500) noobs label;
MPRINT(EM_DIAGRAM):   proc print data = EMWS1.Trans_STATISTICS(obs=500) noobs label;
23881      title9 "%sysfunc(sasmsg(sashelp.dmine, rpt_classinputStats_title, NOQUOTE))";
MPRINT(EM_DIAGRAM):   title9 "Summary Statistics for Input Class Variables";
23882      title10 "%sysfunc(sasmsg(sashelp.dmine, rpt_maxObsPrinted_title, NOQUOTE))";
MPRINT(EM_DIAGRAM):   title10 "(maximum 500 observations printed)";
MPRINT(EM_DIAGRAM):   var Name NLEVEL NMISS;
MPRINT(EM_DIAGRAM):   where SOURCE eq 'INPUT' and nlevel ne .;
MPRINT(EM_DIAGRAM):   run;
23883      var Name NLEVEL NMISS;
23884      where SOURCE eq 'INPUT' and nlevel ne .;
23885      run;

NOTE: No observations were selected from data set EMWS1.TRANS_STATISTICS.
NOTE: There were 0 observations read from the data set EMWS1.TRANS_STATISTICS.
      WHERE (SOURCE='INPUT') and (nlevel not = .);
NOTE: PROCEDURE PRINT used (Total process time):
      real time           0.00 seconds
      cpu time            0.00 seconds
      

23886      proc print data = EMWS1.Trans_STATISTICS(obs=500) noobs label;
MPRINT(EM_DIAGRAM):   proc print data = EMWS1.Trans_STATISTICS(obs=500) noobs label;
23887      title9 "%sysfunc(sasmsg(sashelp.dmine, rpt_classoutputStats_title, NOQUOTE))";
MPRINT(EM_DIAGRAM):   title9 "Summary Statistics for Output Class Variables";
23888      title10 "%sysfunc(sasmsg(sashelp.dmine, rpt_maxObsPrinted_title, NOQUOTE))";
MPRINT(EM_DIAGRAM):   title10 "(maximum 500 observations printed)";
MPRINT(EM_DIAGRAM):   var Name _METHOD_ NLEVEL NMISS;
MPRINT(EM_DIAGRAM):   where SOURCE eq 'OUTPUT' and nlevel ne .;
MPRINT(EM_DIAGRAM):   run;
23889      var Name _METHOD_ NLEVEL NMISS;
23890      where SOURCE eq 'OUTPUT' and nlevel ne .;
23891      run;

NOTE: No observations were selected from data set EMWS1.TRANS_STATISTICS.
NOTE: There were 0 observations read from the data set EMWS1.TRANS_STATISTICS.
      WHERE (SOURCE='OUTPUT') and (nlevel not = .);
NOTE: PROCEDURE PRINT used (Total process time):
      real time           0.00 seconds
      cpu time            0.00 seconds
      

23892      title9;
MPRINT(EM_DIAGRAM):   title9;
23893      title10;
MPRINT(EM_DIAGRAM):   title10;
23894      data EMWS1.Trans_EMSCOREVAR;
MPRINT(EM_DIAGRAM):    data EMWS1.Trans_EMSCOREVAR;
23895      length Name $32 formula $300 file $200;
MPRINT(EM_DIAGRAM):   length Name $32 formula $300 file $200;
23896      keep NAME Formula file;
MPRINT(EM_DIAGRAM):   keep NAME Formula file;
23897      set EMWS1.Trans_STATISTICS;
MPRINT(EM_DIAGRAM):   set EMWS1.Trans_STATISTICS;
23898      where SOURCE='Output';
MPRINT(EM_DIAGRAM):   where SOURCE='Output';
23899      select( _METHOD_);
MPRINT(EM_DIAGRAM):   select( _METHOD_);
23900      when('Computed') do;
MPRINT(EM_DIAGRAM):   when('Computed') do;
23901      file="TRANSFORMCODE\"!!strip(NAME)!!'.sas';
MPRINT(EM_DIAGRAM):   file="TRANSFORMCODE\"!!strip(NAME)!!'.sas';
23902      formula = '';
MPRINT(EM_DIAGRAM):   formula = '';
23903      end;
MPRINT(EM_DIAGRAM):   end;
23904      when('Formula') do;
MPRINT(EM_DIAGRAM):   when('Formula') do;
23905      if Formula eq 'Mixture of variables' then do;
MPRINT(EM_DIAGRAM):   if Formula eq 'Mixture of variables' then do;
23906      file= "EDITORCODE.sas";
MPRINT(EM_DIAGRAM):   file= "EDITORCODE.sas";
23907      formula = '';
MPRINT(EM_DIAGRAM):   formula = '';
23908      end;
MPRINT(EM_DIAGRAM):   end;
23909      if Formula = 'User Code' then do;
MPRINT(EM_DIAGRAM):   if Formula = 'User Code' then do;
23910      file= "EDITORCODE.sas";
MPRINT(EM_DIAGRAM):   file= "EDITORCODE.sas";
23911      formula = '';
MPRINT(EM_DIAGRAM):   formula = '';
23912      end;
MPRINT(EM_DIAGRAM):   end;
23913      end;
MPRINT(EM_DIAGRAM):   end;
23914      otherwise;
MPRINT(EM_DIAGRAM):   otherwise;
23915      end;
MPRINT(EM_DIAGRAM):   end;
23916      output;
MPRINT(EM_DIAGRAM):   output;
23917      run;
MPRINT(EM_DIAGRAM):   run;

NOTE: There were 4 observations read from the data set EMWS1.TRANS_STATISTICS.
      WHERE SOURCE='Output';
NOTE: The data set EMWS1.TRANS_EMSCOREVAR has 4 observations and 3 variables.
NOTE: DATA statement used (Total process time):
      real time           0.00 seconds
      cpu time            0.00 seconds
      

MPRINT(EM_DIAGRAM):    proc printto;
MPRINT(EM_DIAGRAM):   run;
