 
                                                                                               
 
 
Fit Statistics

Target=Attrition_Flag Target Label=' '

   Fit
Statistics    Statistics Label                      Train    Validation       Test

 _ASE_        Average Squared Error                  0.04         0.05        0.05
 _DIV_        Divisor for ASE                    14176.00      4050.00     2028.00
 _MAX_        Maximum Absolute Error                 0.99         0.98        0.95
 _NOBS_       Sum of Frequencies                  7088.00      2025.00     1014.00
 _RASE_       Root Average Squared Error             0.20         0.21        0.21
 _SSE_        Sum of Squared Errors                551.14       187.18       91.76
 _DISF_       Frequency of Classified Cases       7088.00      2025.00     1014.00
 _MISC_       Misclassification Rate                 0.05         0.06        0.06
 _WRONG_      Number of Wrong Classifications      355.00       131.00       61.00
 
                                                                                               
 
 
Classification Table

Data Role=TRAIN Target Variable=Attrition_Flag Target Label=' '

                       Target        Outcome     Frequency       Total
Target    Outcome    Percentage    Percentage      Count      Percentage

  0          0         95.5686       98.6048        5866        82.7596 
  1          0          4.4314       23.8806         272         3.8375 
  0          1          8.7368        1.3952          83         1.1710 
  1          1         91.2632       76.1194         867        12.2319 


Data Role=VALIDATE Target Variable=Attrition_Flag Target Label=' '

                       Target        Outcome     Frequency       Total
Target    Outcome    Percentage    Percentage      Count      Percentage

  0          0         95.0603       97.3529        1655        81.7284 
  1          0          4.9397       26.4615          86         4.2469 
  0          1         15.8451        2.6471          45         2.2222 
  1          1         84.1549       73.5385         239        11.8025 
 
                                                                                               
 
 
Event Classification Table

Data Role=TRAIN Target=Attrition_Flag Target Label=' '

  False       True        False       True
Negative    Negative    Positive    Positive

   272        5866         83          867  


Data Role=VALIDATE Target=Attrition_Flag Target Label=' '

  False       True        False       True
Negative    Negative    Positive    Positive

   86         1655         45          239  
 
                                                                                               
 
 
Assessment Score Rankings

Data Role=TRAIN Target Variable=Attrition_Flag Target Label=' '

                                                                                    Mean
                            Cumulative       %      Cumulative     Number of     Posterior
Depth      Gain     Lift       Lift      Response   % Response   Observations   Probability

   5    517.041   6.17041     6.17041     99.1549     99.1549         355         0.87370  
  10    496.847   5.76595     5.96847     92.6554     95.9097         354         0.72909  
  15    447.437   4.48757     5.47437     72.1127     87.9699         355         0.54179  
  20    374.844   2.56655     4.74844     41.2429     76.3047         354         0.32761  
  25    290.869   0.54495     3.90869      8.7571     62.8104         354         0.18443  
  30    227.388   0.10518     3.27388      1.6901     52.6093         355         0.12259  
  35    182.932   0.15821     2.82932      2.5424     45.4655         354         0.08922  
  40    148.832   0.10518     2.48832      1.6901     39.9859         355         0.06607  
  45    121.609   0.03516     2.21609      0.5650     35.6113         354         0.05193  
  50     99.824   0.03516     1.99824      0.5650     32.1106         354         0.04171  
  55     81.631   0.00000     1.81631      0.0000     29.1870         355         0.03364  
  60     66.513   0.00000     1.66513      0.0000     26.7576         354         0.02749  
  65     53.684   0.00000     1.53684      0.0000     24.6962         355         0.02201  
  70     42.720   0.00000     1.42720      0.0000     22.9343         354         0.01739  
  75     33.216   0.00000     1.33216      0.0000     21.4071         354         0.01378  
  80     24.987   0.01753     1.24987      0.2817     20.0846         355         0.01154  
  85     17.643   0.00000     1.17643      0.0000     18.9046         354         0.00998  
  90     11.097   0.00000     1.11097      0.0000     17.8527         355         0.00884  
  95      5.257   0.00000     1.05257      0.0000     16.9142         354         0.00761  
 100      0.000   0.00000     1.00000      0.0000     16.0694         354         0.00555  


Data Role=VALIDATE Target Variable=Attrition_Flag Target Label=' '

                                                                                    Mean
                            Cumulative       %      Cumulative     Number of     Posterior
Depth      Gain     Lift       Lift      Response   % Response   Observations   Probability

   5    504.751   6.04751     6.04751     97.0588     97.0588         102         0.85810  
  10    464.759   5.24372     5.64759     84.1584     90.6404         101         0.71843  
  15    410.349   4.00990     5.10349     64.3564     81.9079         101         0.55945  
  20    355.385   2.89947     4.55385     46.5347     73.0864         101         0.35769  
  25    287.119   1.16063     3.87119     18.6275     62.1302         102         0.21233  
  30    227.935   0.30845     3.27935      4.9505     52.6316         101         0.13424  
  35    182.098   0.06169     2.82098      0.9901     45.2750         101         0.09467  
  40    146.923   0.00000     2.46923      0.0000     39.6296         101         0.07141  
  45    121.356   0.18326     2.21356      2.9412     35.5263         102         0.05460  
  50     99.286   0.00000     1.99286      0.0000     31.9842         101         0.04419  
  55     81.218   0.00000     1.81218      0.0000     29.0844         101         0.03587  
  60     66.154   0.00000     1.66154      0.0000     26.6667         101         0.02911  
  65     53.285   0.00000     1.53285      0.0000     24.6014         102         0.02284  
  70     42.807   0.06169     1.42807      0.9901     22.9196         101         0.01828  
  75     33.311   0.00000     1.33311      0.0000     21.3957         101         0.01434  
  80     25.000   0.00000     1.25000      0.0000     20.0617         101         0.01202  
  85     17.596   0.00000     1.17596      0.0000     18.8734         102         0.01028  
  90     11.081   0.00000     1.11081      0.0000     17.8278         101         0.00895  
  95      5.249   0.00000     1.05249      0.0000     16.8919         101         0.00777  
 100      0.000   0.00000     1.00000      0.0000     16.0494         101         0.00598  
 
                                                                                               
 
 
Assessment Score Distribution

Data Role=TRAIN Target Variable=Attrition_Flag Target Label=' '

 Posterior     Number                     Mean
Probability      of      Number of     Posterior
   Range       Events    Nonevents    Probability    Percentage

 0.90-0.95        79           0        0.92663         1.1146 
 0.85-0.90       171           2        0.87516         2.4407 
 0.80-0.85       127           1        0.82593         1.8059 
 0.75-0.80        93           4        0.77731         1.3685 
 0.70-0.75       101          12        0.72618         1.5942 
 0.65-0.70       100          10        0.67873         1.5519 
 0.60-0.65        86           9        0.62645         1.3403 
 0.55-0.60        64          18        0.57704         1.1569 
 0.50-0.55        46          27        0.52521         1.0299 
 0.45-0.50        47          30        0.47754         1.0863 
 0.40-0.45        55          32        0.42430         1.2274 
 0.35-0.40        39          42        0.37278         1.1428 
 0.30-0.35        41          59        0.32214         1.4108 
 0.25-0.30        26          71        0.27333         1.3685 
 0.20-0.25        17         114        0.22316         1.8482 
 0.15-0.20        19         206        0.17267         3.1744 
 0.10-0.15         8         412        0.12204         5.9255 
 0.05-0.10        17         889        0.07023        12.7822 
 0.00-0.05         3        4011        0.01901        56.6309 


Data Role=VALIDATE Target Variable=Attrition_Flag Target Label=' '

 Posterior     Number                     Mean
Probability      of      Number of     Posterior
   Range       Events    Nonevents    Probability    Percentage

 0.90-0.95       14            0        0.91711         0.6914 
 0.85-0.90       35            1        0.87619         1.7778 
 0.80-0.85       48            2        0.83095         2.4691 
 0.75-0.80       30            3        0.77458         1.6296 
 0.70-0.75       28            4        0.72535         1.5802 
 0.65-0.70       26            9        0.67003         1.7284 
 0.60-0.65       25            6        0.63115         1.5309 
 0.55-0.60       21            9        0.57724         1.4815 
 0.50-0.55       12           11        0.52347         1.1358 
 0.45-0.50       10           11        0.47459         1.0370 
 0.40-0.45       21            9        0.42375         1.4815 
 0.35-0.40       13           11        0.37583         1.1852 
 0.30-0.35        8           14        0.32511         1.0864 
 0.25-0.30       11           31        0.27272         2.0741 
 0.20-0.25        9           34        0.22699         2.1235 
 0.15-0.20        5           51        0.17051         2.7654 
 0.10-0.15        4          114        0.12398         5.8272 
 0.05-0.10        4          258        0.07047        12.9383 
 0.00-0.05        1         1122        0.01932        55.4568 
