 
                                                                                               
 
 
Fit Statistics

Target=Attrition_Flag Target Label=' '

   Fit
Statistics    Statistics Label                      Train    Validation       Test

 _ASE_        Average Squared Error                  0.04         0.05        0.05
 _DIV_        Divisor for ASE                    14176.00      4050.00     2028.00
 _MAX_        Maximum Absolute Error                 0.99         0.98        0.94
 _NOBS_       Sum of Frequencies                  7088.00      2025.00     1014.00
 _RASE_       Root Average Squared Error             0.20         0.22        0.21
 _SSE_        Sum of Squared Errors                551.56       189.25       92.35
 _DISF_       Frequency of Classified Cases       7088.00      2025.00     1014.00
 _MISC_       Misclassification Rate                 0.05         0.07        0.06
 _WRONG_      Number of Wrong Classifications      356.00       133.00       59.00
 
                                                                                               
 
 
Classification Table

Data Role=TRAIN Target Variable=Attrition_Flag Target Label=' '

                       Target        Outcome     Frequency       Total
Target    Outcome    Percentage    Percentage      Count      Percentage

  0          0         95.5530       98.6048        5866        82.7596 
  1          0          4.4470       23.9684         273         3.8516 
  0          1          8.7460        1.3952          83         1.1710 
  1          1         91.2540       76.0316         866        12.2178 


Data Role=VALIDATE Target Variable=Attrition_Flag Target Label=' '

                       Target        Outcome     Frequency       Total
Target    Outcome    Percentage    Percentage      Count      Percentage

  0          0         94.9512       97.3529        1655        81.7284 
  1          0          5.0488       27.0769          88         4.3457 
  0          1         15.9574        2.6471          45         2.2222 
  1          1         84.0426       72.9231         237        11.7037 
 
                                                                                               
 
 
Event Classification Table

Data Role=TRAIN Target=Attrition_Flag Target Label=' '

  False       True        False       True
Negative    Negative    Positive    Positive

   273        5866         83          866  


Data Role=VALIDATE Target=Attrition_Flag Target Label=' '

  False       True        False       True
Negative    Negative    Positive    Positive

   88         1655         45          237  
 
                                                                                               
 
 
Assessment Score Rankings

Data Role=TRAIN Target Variable=Attrition_Flag Target Label=' '

                                                                                    Mean
                            Cumulative       %      Cumulative     Number of     Posterior
Depth      Gain     Lift       Lift      Response   % Response   Observations   Probability

   5    517.041   6.17041     6.17041     99.1549     99.1549         355         0.87215  
  10    498.602   5.80110     5.98602     93.2203     96.1918         354         0.72576  
  15    448.022   4.47004     5.48022     71.8310     88.0639         355         0.54131  
  20    375.722   2.58413     4.75722     41.5254     76.4457         354         0.32413  
  25    291.220   0.52737     3.91220      8.4746     62.8668         354         0.18312  
  30    227.973   0.12271     3.27973      1.9718     52.7033         355         0.12334  
  35    183.183   0.14063     2.83183      2.2599     45.5058         354         0.08952  
  40    149.271   0.12271     2.49271      1.9718     40.0564         355         0.06660  
  45    121.804   0.01758     2.21804      0.2825     35.6426         354         0.05320  
  50     99.824   0.01758     1.99824      0.2825     32.1106         354         0.04327  
  55     81.631   0.00000     1.81631      0.0000     29.1870         355         0.03448  
  60     66.513   0.00000     1.66513      0.0000     26.7576         354         0.02865  
  65     53.684   0.00000     1.53684      0.0000     24.6962         355         0.02341  
  70     42.720   0.00000     1.42720      0.0000     22.9343         354         0.01861  
  75     33.216   0.00000     1.33216      0.0000     21.4071         354         0.01430  
  80     24.877   0.00000     1.24877      0.0000     20.0670         355         0.01183  
  85     17.540   0.00000     1.17540      0.0000     18.8880         354         0.01016  
  90     11.097   0.01753     1.11097      0.2817     17.8527         355         0.00909  
  95      5.257   0.00000     1.05257      0.0000     16.9142         354         0.00786  
 100      0.000   0.00000     1.00000      0.0000     16.0694         354         0.00567  


Data Role=VALIDATE Target Variable=Attrition_Flag Target Label=' '

                                                                                    Mean
                            Cumulative       %      Cumulative     Number of     Posterior
Depth      Gain     Lift       Lift      Response   % Response   Observations   Probability

   5    504.751   6.04751     6.04751     97.0588     97.0588         102         0.85691  
  10    473.967   5.42879     5.73967     87.1287     92.1182         101         0.71503  
  15    412.399   3.88652     5.12399     62.3762     82.2368         101         0.55029  
  20    356.923   2.89947     4.56923     46.5347     73.3333         101         0.35233  
  25    287.119   1.09955     3.87119     17.6471     62.1302         102         0.21132  
  30    226.910   0.24676     3.26910      3.9604     52.4671         101         0.13386  
  35    182.098   0.12338     2.82098      1.9802     45.2750         101         0.09523  
  40    146.923   0.00000     2.46923      0.0000     39.6296         101         0.07191  
  45    120.673   0.12217     2.20673      1.9608     35.4167         102         0.05590  
  50     98.671   0.00000     1.98671      0.0000     31.8855         101         0.04490  
  55     81.218   0.06169     1.81218      0.9901     29.0844         101         0.03689  
  60     66.154   0.00000     1.66154      0.0000     26.6667         101         0.02962  
  65     53.759   0.06109     1.53759      0.9804     24.6773         102         0.02453  
  70     42.807   0.00000     1.42807      0.0000     22.9196         101         0.01992  
  75     33.311   0.00000     1.33311      0.0000     21.3957         101         0.01529  
  80     25.000   0.00000     1.25000      0.0000     20.0617         101         0.01226  
  85     17.596   0.00000     1.17596      0.0000     18.8734         102         0.01043  
  90     11.081   0.00000     1.11081      0.0000     17.8278         101         0.00916  
  95      5.249   0.00000     1.05249      0.0000     16.8919         101         0.00814  
 100      0.000   0.00000     1.00000      0.0000     16.0494         101         0.00594  
 
                                                                                               
 
 
Assessment Score Distribution

Data Role=TRAIN Target Variable=Attrition_Flag Target Label=' '

 Posterior     Number                     Mean
Probability      of      Number of     Posterior
   Range       Events    Nonevents    Probability    Percentage

 0.95-1.00         4           0        0.95060         0.0564 
 0.90-0.95        81           0        0.92594         1.1428 
 0.85-0.90       157           2        0.87253         2.2432 
 0.80-0.85       131           2        0.82529         1.8764 
 0.75-0.80        98           2        0.77624         1.4108 
 0.70-0.75        93           8        0.72795         1.4249 
 0.65-0.70       114          13        0.67311         1.7918 
 0.60-0.65        85          10        0.62604         1.3403 
 0.55-0.60        57          19        0.57240         1.0722 
 0.50-0.55        46          27        0.52613         1.0299 
 0.45-0.50        48          28        0.47644         1.0722 
 0.40-0.45        47          30        0.42745         1.0863 
 0.35-0.40        42          46        0.37145         1.2415 
 0.30-0.35        37          56        0.32533         1.3121 
 0.25-0.30        35          65        0.27513         1.4108 
 0.20-0.25        20         113        0.22380         1.8764 
 0.15-0.20        18         209        0.17316         3.2026 
 0.10-0.15         8         411        0.12325         5.9114 
 0.05-0.10        16         929        0.07041        13.3324 
 0.00-0.05         2        3979        0.01948        56.1653 


Data Role=VALIDATE Target Variable=Attrition_Flag Target Label=' '

 Posterior     Number                     Mean
Probability      of      Number of     Posterior
   Range       Events    Nonevents    Probability    Percentage

 0.90-0.95       17            0        0.91817         0.8395 
 0.85-0.90       33            2        0.87145         1.7284 
 0.80-0.85       45            1        0.82836         2.2716 
 0.75-0.80       31            1        0.77474         1.5802 
 0.70-0.75       25            5        0.72587         1.4815 
 0.65-0.70       30            5        0.67665         1.7284 
 0.60-0.65       25           10        0.62440         1.7284 
 0.55-0.60       18            9        0.57344         1.3333 
 0.50-0.55       13           12        0.52493         1.2346 
 0.45-0.50        9            9        0.47180         0.8889 
 0.40-0.45       16           13        0.42763         1.4321 
 0.35-0.40       16           10        0.37476         1.2840 
 0.30-0.35       11           18        0.32275         1.4321 
 0.25-0.30       13           23        0.27130         1.7778 
 0.20-0.25        9           37        0.22591         2.2716 
 0.15-0.20        4           51        0.17134         2.7160 
 0.10-0.15        6          110        0.12452         5.7284 
 0.05-0.10        2          270        0.07112        13.4321 
 0.00-0.05        2         1114        0.01981        55.1111 
