 
                                                                                               
 
 
Fit Statistics

Target=Attrition_Flag Target Label=' '

   Fit
Statistics    Statistics Label                     Train    Validation       Test

  _NOBS_      Sum of Frequencies                 7088.00      2025.00     1014.00
  _SUMW_      Sum of Case Weights Times Freq    14176.00      4050.00     2028.00
  _MISC_      Misclassification Rate                0.09         0.09        0.09
  _MAX_       Maximum Absolute Error                0.97         0.96        0.93
  _SSE_       Sum of Squared Errors               906.05       268.46      129.18
  _ASE_       Average Squared Error                 0.06         0.07        0.06
  _RASE_      Root Average Squared Error            0.25         0.26        0.25
  _DIV_       Divisor for ASE                   14176.00      4050.00     2028.00
  _DFT_       Total Degrees of Freedom           7088.00          .           .  
 
                                                                                               
 
 
Classification Table

Data Role=TRAIN Target Variable=Attrition_Flag Target Label=' '

                       Target        Outcome     Frequency       Total
Target    Outcome    Percentage    Percentage      Count      Percentage

  0          0         91.6485       98.6889        5871        82.8301 
  1          0          8.3515       46.9710         535         7.5480 
  0          1         11.4370        1.3111          78         1.1005 
  1          1         88.5630       53.0290         604         8.5214 


Data Role=VALIDATE Target Variable=Attrition_Flag Target Label=' '

                       Target        Outcome     Frequency       Total
Target    Outcome    Percentage    Percentage      Count      Percentage

  0          0         91.8132       98.2941        1671        82.5185 
  1          0          8.1868       45.8462         149         7.3580 
  0          1         14.1463        1.7059          29         1.4321 
  1          1         85.8537       54.1538         176         8.6914 
 
                                                                                               
 
 
Event Classification Table

Data Role=TRAIN Target=Attrition_Flag Target Label=' '

  False       True        False       True
Negative    Negative    Positive    Positive

   535        5871         78          604  


Data Role=VALIDATE Target=Attrition_Flag Target Label=' '

  False       True        False       True
Negative    Negative    Positive    Positive

   149        1671         29          176  
 
                                                                                               
 
 
Assessment Score Rankings

Data Role=TRAIN Target Variable=Attrition_Flag Target Label=' '

                                                                                    Mean
                            Cumulative       %      Cumulative     Number of     Posterior
Depth      Gain     Lift       Lift      Response   % Response   Observations   Probability

   5    501.265   6.01265     6.01265     96.6197     96.6197         355         0.77910  
  10    445.939   4.90457     5.45939     78.8136     87.7292         354         0.58051  
  15    382.517   3.55851     4.82517     57.1831     77.5376         355         0.40654  
  20    319.548   2.30286     4.19548     37.0056     67.4189         354         0.29223  
  25    253.995   0.91411     3.53995     14.6893     56.8849         354         0.22259  
  30    206.030   0.66612     3.06030     10.7042     49.1772         355         0.17511  
  35    171.143   0.61527     2.71143      9.8870     43.5711         354         0.13891  
  40    141.152   0.31553     2.41152      5.0704     38.7518         355         0.11168  
  45    116.732   0.21095     2.16732      3.3898     34.8276         354         0.09301  
  50     97.015   0.19337     1.97015      3.1073     31.6591         354         0.07899  
  55     80.035   0.10518     1.80035      1.6901     28.9305         355         0.06714  
  60     66.074   0.12305     1.66074      1.9774     26.6870         354         0.05729  
  65     53.549   0.03506     1.53549      0.5634     24.6745         355         0.04803  
  70     42.720   0.01758     1.42720      0.2825     22.9343         354         0.03905  
  75     33.333   0.01758     1.33333      0.2825     21.4259         354         0.03169  
  80     24.987   0.00000     1.24987      0.0000     20.0846         355         0.02585  
  85     17.643   0.00000     1.17643      0.0000     18.9046         354         0.02123  
  90     11.097   0.00000     1.11097      0.0000     17.8527         355         0.01730  
  95      5.257   0.00000     1.05257      0.0000     16.9142         354         0.01386  
 100      0.000   0.00000     1.00000      0.0000     16.0694         354         0.00988  


Data Role=VALIDATE Target Variable=Attrition_Flag Target Label=' '

                                                                                    Mean
                            Cumulative       %      Cumulative     Number of     Posterior
Depth      Gain     Lift       Lift      Response   % Response   Observations   Probability

   5    486.425   5.86425     5.86425     94.1176     94.1176         102         0.75259  
  10    434.066   4.81188     5.34066     77.2277     85.7143         101         0.58595  
  15    365.258   3.26961     4.65258     52.4752     74.6711         101         0.41827  
  20    309.231   2.40594     4.09231     38.6139     65.6790         101         0.30628  
  25    259.263   1.60860     3.59263     25.8170     57.6594         102         0.23077  
  30    212.563   0.78142     3.12563     12.5413     50.1645         101         0.18111  
  35    174.189   0.43184     2.74189      6.9307     44.0056         101         0.13562  
  40    141.538   0.12338     2.41538      1.9802     38.7654         101         0.10784  
  45    116.574   0.18326     2.16574      2.9412     34.7588         102         0.08819  
  50     96.211   0.12338     1.96211      1.9802     31.4906         101         0.07711  
  55     80.659   0.24676     1.80659      3.9604     28.9946         101         0.06638  
  60     66.154   0.06169     1.66154      0.9901     26.6667         101         0.05680  
  65     53.285   0.00000     1.53285      0.0000     24.6014         102         0.04900  
  70     42.807   0.06169     1.42807      0.9901     22.9196         101         0.04061  
  75     33.311   0.00000     1.33311      0.0000     21.3957         101         0.03260  
  80     25.000   0.00000     1.25000      0.0000     20.0617         101         0.02664  
  85     17.596   0.00000     1.17596      0.0000     18.8734         102         0.02224  
  90     11.081   0.00000     1.11081      0.0000     17.8278         101         0.01828  
  95      5.249   0.00000     1.05249      0.0000     16.8919         101         0.01517  
 100      0.000   0.00000     1.00000      0.0000     16.0494         101         0.01083  
 
                                                                                               
 
 
Assessment Score Distribution

Data Role=TRAIN Target Variable=Attrition_Flag Target Label=' '

 Posterior     Number                     Mean
Probability      of      Number of     Posterior
   Range       Events    Nonevents    Probability    Percentage

 0.85-0.90       42            0        0.87890         0.5926 
 0.80-0.85       95            4        0.82317         1.3967 
 0.75-0.80       81            5        0.77501         1.2133 
 0.70-0.75       90            1        0.72602         1.2839 
 0.65-0.70       82            5        0.67499         1.2274 
 0.60-0.65       80           17        0.62342         1.3685 
 0.55-0.60       70           18        0.57161         1.2415 
 0.50-0.55       64           28        0.52270         1.2980 
 0.45-0.50       69           32        0.47695         1.4249 
 0.40-0.45       71           42        0.42420         1.5942 
 0.35-0.40       63           63        0.37405         1.7777 
 0.30-0.35       71          107        0.32409         2.5113 
 0.25-0.30       81          152        0.27459         3.2872 
 0.20-0.25       44          268        0.22332         4.4018 
 0.15-0.20       53          383        0.17383         6.1512 
 0.10-0.15       43          650        0.12175         9.7771 
 0.05-0.10       37         1433        0.07200        20.7393 
 0.00-0.05        3         2741        0.02503        38.7133 


Data Role=VALIDATE Target Variable=Attrition_Flag Target Label=' '

 Posterior     Number                     Mean
Probability      of      Number of     Posterior
   Range       Events    Nonevents    Probability    Percentage

 0.85-0.90        5           0         0.87212         0.2469 
 0.80-0.85       16           1         0.82779         0.8395 
 0.75-0.80       19           2         0.77779         1.0370 
 0.70-0.75       36           1         0.72951         1.8272 
 0.65-0.70       27           4         0.67587         1.5309 
 0.60-0.65       24           5         0.62029         1.4321 
 0.55-0.60       30           9         0.58225         1.9259 
 0.50-0.55       19           7         0.52083         1.2840 
 0.45-0.50       15           9         0.47657         1.1852 
 0.40-0.45       15          18         0.42383         1.6296 
 0.35-0.40       22          21         0.37604         2.1235 
 0.30-0.35       21          39         0.32244         2.9630 
 0.25-0.30       22          39         0.27227         3.0123 
 0.20-0.25       23          73         0.22099         4.7407 
 0.15-0.20       13          91         0.17318         5.1358 
 0.10-0.15        7         160         0.12065         8.2469 
 0.05-0.10       10         446         0.07161        22.5185 
 0.00-0.05        1         775         0.02586        38.3210 
