 
                                                                                               
 
 
Variable Summary

          Measurement    Frequency
Role         Level         Count

ASSESS     NOMINAL           1    
ID         INTERVAL          1    
INPUT      INTERVAL          5    
INPUT      NOMINAL           6    
TARGET     BINARY            1    
 
                                                                                               
 
 
Model Events

                                          Number
                           Measurement      of
    Target        Event       Level       Levels      Order       Label

Attrition_Flag      1        BINARY          2      Descending         
 
                                                                                               
 
 
Predicted and decision variables

Type             Variable                    Label

TARGET       Attrition_Flag                                  
PREDICTED    P_Attrition_Flag1    Predicted: Attrition_Flag=1
RESIDUAL     R_Attrition_Flag1    Residual: Attrition_Flag=1 
PREDICTED    P_Attrition_Flag0    Predicted: Attrition_Flag=0
RESIDUAL     R_Attrition_Flag0    Residual: Attrition_Flag=0 
FROM         F_Attrition_Flag     From: Attrition_Flag       
INTO         I_Attrition_Flag     Into: Attrition_Flag       
