 
                                                                                                                                                                                                                                                                
 
Variable Importance

                                                                                                                                              Ratio of
                                                                                    Number of                                               Validation
                                                                                    Splitting                            Validation        to Training
Variable Name                                          Label                          Rules           Importance         Importance         Importance

G_Total_Trans_Ct                   Grouped Levels for  Total_Trans_Ct                   4                 1.0000             1.0000             1.0000
RANGE_Total_Revolving_Bal          Transformed Total_Revolving_Bal                      2                 0.7764             0.7446             0.9591
RANGE_SQRT_Total_Ct_Chng_Q4_Q1     Transformed: Transformed Total_Ct_Chng_Q4_Q1         4                 0.5341             0.5152             0.9645
RANGE_LOG_Total_Trans_Amt          Transformed: Transformed Total_Trans_Amt             5                 0.5284             0.6003             1.1361
G_Total_Relationship_Count         Grouped Levels for  Total_Relationship_Count         3                 0.4579             0.5471             1.1946
G_Customer_Age                     Grouped Levels for  Customer_Age                     2                 0.2696             0.2394             0.8878
G_Months_Inactive_12_mon           Grouped Levels for  Months_Inactive_12_mon           2                 0.2242             0.2850             1.2710
RANGE_SQRT_Total_Amt_Chng_Q4_Q1    Transformed: Transformed Total_Amt_Chng_Q4_Q1        1                 0.1015             0.0998             0.9836
 
                                                                                                                                                                                                                                                                
 
Tree Leaf Report

                                 Training
Node               Training       Percent     Validation     Validation
 Id     Depth    Observations        1       Observations     Percent 1

 21       4          4010          0.03          1147           0.02   
 34       5           769          0.01           211           0.02   
 49       5           643          0.06           180           0.04   
 43       5           483          0.91           141           0.86   
 51       5           187          0.16            58           0.16   
 36       5           161          0.24            41           0.34   
 57       6           146          0.26            34           0.26   
 73       6           128          0.77            33           0.67   
 26       4            90          0.88            35           0.86   
 16       4            72          0.24            15           0.27   
 37       5            67          0.99            23           1.00   
 56       6            51          0.73            19           0.63   
 22       4            50          0.46            12           0.17   
 45       5            48          0.19            20           0.20   
 72       6            40          0.15             8           0.25   
 32       5            35          0.77             9           0.78   
  8       3            25          0.96             6           1.00   
 44       5            20          0.60             3           0.67   
 24       4            18          0.94             9           0.89   
 27       4            12          0.33             3           0.33   
 42       5            12          0.25             4           0.00   
 48       5            11          0.91            10           0.80   
 20       4             5          1.00             1           1.00   
 33       5             5          0.20             3           0.00   
 
                                                                                               
 
 
Fit Statistics

Target=Attrition_Flag Target Label=' '

   Fit
Statistics    Statistics Label                 Train    Validation       Test

  _NOBS_      Sum of Frequencies             7088.00      2025.00     1014.00
  _MISC_      Misclassification Rate            0.06         0.07        0.08
  _MAX_       Maximum Absolute Error            0.99         0.99        0.99
  _SSE_       Sum of Squared Errors           740.50       226.69      127.89
  _ASE_       Average Squared Error             0.05         0.06        0.06
  _RASE_      Root Average Squared Error        0.23         0.24        0.25
  _DIV_       Divisor for ASE               14176.00      4050.00     2028.00
  _DFT_       Total Degrees of Freedom       7088.00          .           .  
 
                                                                                               
 
 
Classification Table

Data Role=TRAIN Target Variable=Attrition_Flag Target Label=' '

                       Target        Outcome     Frequency       Total
Target    Outcome    Percentage    Percentage      Count      Percentage

  0          0         94.7522       98.0333        5832        82.2799 
  1          0          5.2478       28.3582         323         4.5570 
  0          1         12.5402        1.9667         117         1.6507 
  1          1         87.4598       71.6418         816        11.5124 


Data Role=VALIDATE Target Variable=Attrition_Flag Target Label=' '

                       Target        Outcome     Frequency       Total
Target    Outcome    Percentage    Percentage      Count      Percentage

  0          0         95.1037       97.1176        1651        81.5309 
  1          0          4.8963       26.1538          85         4.1975 
  0          1         16.9550        2.8824          49         2.4198 
  1          1         83.0450       73.8462         240        11.8519 
 
                                                                                               
 
 
Event Classification Table

Data Role=TRAIN Target=Attrition_Flag Target Label=' '

  False       True        False       True
Negative    Negative    Positive    Positive

   323        5832         117         816  


Data Role=VALIDATE Target=Attrition_Flag Target Label=' '

  False       True        False       True
Negative    Negative    Positive    Positive

   85         1651         49          240  
 
                                                                                               
 
 
Assessment Score Rankings

Data Role=TRAIN Target Variable=Attrition_Flag Target Label=' '

                                                                                    Mean
                            Cumulative       %      Cumulative     Number of     Posterior
Depth      Gain     Lift       Lift      Response   % Response   Observations   Probability

   5    479.587   5.79587     5.79587     93.1362     93.1362         355         0.93136  
  10    469.404   5.59193     5.69404     89.8590     91.4999         354         0.89859  
  15    403.548   3.72021     5.03548     59.7816     80.9172         355         0.59782  
  20    315.187   1.49604     4.15187     24.0406     66.7181         354         0.24041  
  25    248.584   0.81798     3.48584     13.1445     56.0155         354         0.13145  
  30    196.866   0.38712     2.96866      6.2208     47.7047         355         0.06221  
  35    158.478   0.27820     2.58478      4.4705     41.5358         354         0.04471  
  40    128.162   0.16295     2.28162      2.6185     36.6643         355         0.02618  
  45    104.651   0.16295     2.04651      2.6185     32.8862         354         0.02618  
  50     85.836   0.16295     1.85836      2.6185     29.8628         354         0.02618  
  55     70.400   0.16295     1.70400      2.6185     27.3822         355         0.02618  
  60     57.573   0.16295     1.57573      2.6185     25.3210         354         0.02618  
  65     46.689   0.16295     1.46689      2.6185     23.5720         355         0.02618  
  70     37.386   0.16295     1.37386      2.6185     22.0771         354         0.02618  
  75     29.322   0.16295     1.29322      2.6185     20.7814         354         0.02618  
  80     22.247   0.16295     1.22247      2.6185     19.6444         355         0.02618  
  85     16.022   0.16295     1.16022      2.6185     18.6440         354         0.02618  
  90     10.379   0.14607     1.10379      2.3473     17.7372         355         0.02347  
  95      4.917   0.06474     1.04917      1.0403     16.8595         354         0.01040  
 100      0.000   0.06474     1.00000      1.0403     16.0694         354         0.01040  


Data Role=VALIDATE Target Variable=Attrition_Flag Target Label=' '

                                                                                    Mean
                            Cumulative       %      Cumulative     Number of     Posterior
Depth      Gain     Lift       Lift      Response   % Response   Observations   Probability

   5    462.381   5.62381     5.62381     90.2587     90.2587         102         0.93439  
  10    446.782   5.31028     5.46782     85.2268     87.7551         101         0.90651  
  15    398.052   4.00109     4.98052     64.2150     79.9342         101         0.73150  
  20    316.615   1.71500     4.16615     27.5248     66.8642         101         0.24428  
  25    251.343   0.92172     3.51343     14.7930     56.3883         102         0.14460  
  30    197.578   0.27692     2.97578      4.4444     47.7595         101         0.06221  
  35    158.360   0.22276     2.58360      3.5751     41.4653         101         0.04723  
  40    127.974   0.14667     2.27974      2.3540     36.5884         101         0.02618  
  45    104.117   0.14667     2.04117      2.3540     32.7596         102         0.02618  
  50     85.228   0.14667     1.85228      2.3540     29.7280         101         0.02618  
  55     69.765   0.14667     1.69765      2.3540     27.2462         101         0.02618  
  60     56.872   0.14667     1.56872      2.3540     25.1769         101         0.02618  
  65     45.858   0.14667     1.45858      2.3540     23.4093         102         0.02618  
  70     36.514   0.14667     1.36514      2.3540     21.9096         101         0.02618  
  75     28.412   0.14667     1.28412      2.3540     20.6093         101         0.02618  
  80     21.321   0.14667     1.21321      2.3540     19.4712         101         0.02618  
  85     15.003   0.14667     1.15003      2.3540     18.4573         102         0.02618  
  90      9.445   0.14676     1.09445      2.3554     17.5652         101         0.02478  
  95      4.474   0.14765     1.04474      2.3697     16.7675         101         0.01040  
 100      0.000   0.14765     1.00000      2.3697     16.0494         101         0.01040  
 
                                                                                               
 
 
Assessment Score Distribution

Data Role=TRAIN Target Variable=Attrition_Flag Target Label=' '

 Posterior     Number                     Mean
Probability      of      Number of     Posterior
   Range       Events    Nonevents    Probability    Percentage

 0.95-1.00        95           2        0.97938         1.3685 
 0.90-0.95       467          45        0.91211         7.2235 
 0.85-0.90        79          11        0.87778         1.2698 
 0.75-0.80       126          37        0.77301         2.2997 
 0.70-0.75        37          14        0.72549         0.7195 
 0.55-0.60        12           8        0.60000         0.2822 
 0.45-0.50        23          27        0.46000         0.7054 
 0.30-0.35         4           8        0.33333         0.1693 
 0.25-0.30        38         108        0.26027         2.0598 
 0.20-0.25        59         186        0.24082         3.4565 
 0.15-0.20        40         200        0.16667         3.3860 
 0.10-0.15         6          34        0.15000         0.5643 
 0.05-0.10        40         603        0.06221         9.0717 
 0.00-0.05       113        4666        0.02365        67.4238 


Data Role=VALIDATE Target Variable=Attrition_Flag Target Label=' '

 Posterior     Number                     Mean
Probability      of      Number of     Posterior
   Range       Events    Nonevents    Probability    Percentage

 0.95-1.00        30           0        0.98056         1.4815 
 0.90-0.95       137          23        0.91274         7.9012 
 0.85-0.90        30           5        0.87778         1.7284 
 0.75-0.80        29          13        0.77301         2.0741 
 0.70-0.75        12           7        0.72549         0.9383 
 0.55-0.60         2           1        0.60000         0.1481 
 0.45-0.50         2          10        0.46000         0.5926 
 0.30-0.35         1           2        0.33333         0.1481 
 0.25-0.30         9          25        0.26027         1.6790 
 0.20-0.25        18          42        0.24122         2.9630 
 0.15-0.20        13          68        0.16858         4.0000 
 0.10-0.15         2           6        0.15000         0.3951 
 0.05-0.10         8         172        0.06221         8.8889 
 0.00-0.05        32        1326        0.02373        67.0617 
